connecting to Carbon at 127.0.0.1:2003 (localhost)
zookeeper error on zoo_create, path /rtb-test/serviceClass/adServer/adserver: node exists

--------------------------[Exception thrown]---------------------------
time:   2014-06-24T17:16:02
type:   ML::Exception
pid:    7562; tid: 7562
what:   Zookeeper error on zoo_create, path /rtb-test/serviceClass/adServer/adserver: node exists
stack:
00: 0x0x7f569b739db7 at __cxa_throw + 0x27 in /home/krzysztof/rtbkit/build/x86_64/bin/../bin/libexception_hook.so + 0xdb7/home/krzysztof/rtbkit/build/x86_64/bin/../bin/libexception_hook.so(__cxa_throw+0x27) [0x7f569b739db7]
01: 0x0x7f569abae553 at Datacratic::ZookeeperConnection::checkRes(int, int&, char const*, char const*) + 0xe3 in /home/krzysztof/rtbkit/build/x86_64/bin/../bin/libservices.so + 0x118553/home/krzysztof/rtbkit/build/x86_64/bin/../bin/libservices.so(_ZN10Datacratic19ZookeeperConnection8checkResEiRiPKcS3_+0xe3) [0x7f569abae553]
02: 0x0x7f569abae151 at Datacratic::ZookeeperConnection::createNode(std::string const&, std::string const&, bool, bool, bool, bool) + 0x441 in /home/krzysztof/rtbkit/build/x86_64/bin/../bin/libservices.so + 0x118151/home/krzysztof/rtbkit/build/x86_64/bin/../bin/libservices.so(_ZN10Datacratic19ZookeeperConnection10createNodeERKSsS2_bbbb+0x441) [0x7f569abae151]
03: 0x0x7f569ab65cd5 at Datacratic::ZookeeperConfigurationService::setUnique(std::string const&, Json::Value const&) + 0x285 in /home/krzysztof/rtbkit/build/x86_64/bin/../bin/libservices.so + 0xcfcd5/home/krzysztof/rtbkit/build/x86_64/bin/../bin/libservices.so(_ZN10Datacratic29ZookeeperConfigurationService9setUniqueERKSsRKN4Json5ValueE+0x285) [0x7f569ab65cd5]
04: 0x0x7f569ab50d84 at Datacratic::ServiceBase::registerServiceProvider(std::string const&, std::vector<std::string, std::allocator<std::string> > const&) + 0x1c4 in /home/krzysztof/rtbkit/build/x86_64/bin/../bin/libservices.so + 0xbad84/home/krzysztof/rtbkit/build/x86_64/bin/../bin/libservices.so(_ZN10Datacratic11ServiceBase23registerServiceProviderERKSsRKSt6vectorISsSaISsEE+0x1c4) [0x7f569ab50d84]
05: 0x0x7f569b0a6a35 at RTBKIT::AdServerConnector::init(std::shared_ptr<Datacratic::ConfigurationService>) + 0xc5 in /home/krzysztof/rtbkit/build/x86_64/bin/../bin/libadserver_connector.so + 0x20a35/home/krzysztof/rtbkit/build/x86_64/bin/../bin/libadserver_connector.so(_ZN6RTBKIT17AdServerConnector4initESt10shared_ptrIN10Datacratic20ConfigurationServiceEE+0xc5) [0x7f569b0a6a35]
06: 0x0x7f569b0b36bd at RTBKIT::HttpAdServerConnector::init(std::shared_ptr<Datacratic::ConfigurationService> const&) + 0x5d in /home/krzysztof/rtbkit/build/x86_64/bin/../bin/libadserver_connector.so + 0x2d6bd/home/krzysztof/rtbkit/build/x86_64/bin/../bin/libadserver_connector.so(_ZN6RTBKIT21HttpAdServerConnector4initERKSt10shared_ptrIN10Datacratic20ConfigurationServiceEE+0x5d) [0x7f569b0b36bd]
07: 0x0x7f5690a13408 at RTBKIT::MockAdServerConnector::init(int, int) + 0x68 in /home/krzysztof/rtbkit/build/x86_64/bin/../bin/../bin/libmock_adserver.so + 0x1c408/home/krzysztof/rtbkit/build/x86_64/bin/../bin/../bin/libmock_adserver.so(_ZN6RTBKIT21MockAdServerConnector4initEii+0x68) [0x7f5690a13408]
08: 0x0x7f5690a149c3 in /home/krzysztof/rtbkit/build/x86_64/bin/../bin/../bin/libmock_adserver.so + 0x1d9c3/home/krzysztof/rtbkit/build/x86_64/bin/../bin/../bin/libmock_adserver.so(+0x1d9c3) [0x7f5690a149c3]
09: 0x0x7f569b0a5e95 at RTBKIT::AdServerConnector::create(std::string const&, std::shared_ptr<Datacratic::ServiceProxies> const&, Json::Value const&) + 0xc5 in /home/krzysztof/rtbkit/build/x86_64/bin/../bin/libadserver_connector.so + 0x1fe95/home/krzysztof/rtbkit/build/x86_64/bin/../bin/libadserver_connector.so(_ZN6RTBKIT17AdServerConnector6createERKSsRKSt10shared_ptrIN10Datacratic14ServiceProxiesEERKN4Json5ValueE+0xc5) [0x7f569b0a5e95]
10: 0x0x40ae6c at main + 0x57c in build/x86_64/bin/adserver_runner + 0xae6cbuild/x86_64/bin/adserver_runner(main+0x57c) [0x40ae6c]
11: 0x0x7f5699ee576d at __libc_start_main + 0xed in /lib/x86_64-linux-gnu/libc.so.6 + 0x2176d/lib/x86_64-linux-gnu/libc.so.6(__libc_start_main+0xed) [0x7f5699ee576d]
12: 0x0x40b27d in build/x86_64/bin/adserver_runner + 0xb27dbuild/x86_64/bin/adserver_runner() [0x40b27d]

terminate called after throwing an instance of 'ML::Exception'
  what():  Zookeeper error on zoo_create, path /rtb-test/serviceClass/adServer/adserver: node exists
