connecting to Carbon at 127.0.0.1:2003 (localhost)
2014-06-24 17:12:57.322 ZMQ Trace ./soa/service/zmq_endpoint.cc:814 - void Datacratic::ZmqMultipleNamedClientBusProxy::watchServiceProvider(const string&, const string&) [1;31mconnecting to router.augmentationLoop / router.augmentationLoop[0m
2014-06-24 17:12:57.324 ZMQ ./soa/service/zmq_endpoint.cc:447 - bool Datacratic::ZmqNamedProxy::connect(const string&, Datacratic::ConnectionStyle) [1;31mconnecting to router.augmentationLoop/augmentors[0m
2014-06-24 17:12:57.341 ZMQ ./soa/service/zmq_endpoint.cc:494 - bool Datacratic::ZmqNamedProxy::connect(const string&, Datacratic::ConnectionStyle) [1;31mconnected to tcp://127.0.0.1:18000[0m
2014-06-24 17:12:57.373 ZMQ ./soa/service/zmq_endpoint.cc:447 - bool Datacratic::ZmqNamedProxy::connect(const string&, Datacratic::ConnectionStyle) [1;31mconnecting to agentConfigurationService/listen[0m
2014-06-24 17:12:57.394 ZMQ ./soa/service/zmq_endpoint.cc:494 - bool Datacratic::ZmqNamedProxy::connect(const string&, Datacratic::ConnectionStyle) [1;31mconnected to tcp://127.0.0.1:19000[0m
got configuration message fixed-price-agent-ex_7127
wexists handler returned -101
2. returning result 
warning: could not connect to PostAuctionLoop/logger immediately
need to disconenct from rtbPostAuctionService serviceClass/rtbPostAuctionService/PostAuctionLoop logger
warning: could not connect to PostAuctionLoop/logger immediately
got configuration message fixed-price-agent-ex_7127
wexists handler returned -101
2. returning result 
warning: could not connect to PostAuctionLoop/logger immediately
we already had a connection entry to service serviceClass/rtbPostAuctionService/PostAuctionLoop - reuse 
wexists handler returned -101
2. returning result 
warning: could not connect to PostAuctionLoop immediately
warning: could not connect to PostAuctionLoop immediately
warning: could not connect to PostAuctionLoop/logger immediately
warning: could not connect to PostAuctionLoop immediately
warning: could not connect to PostAuctionLoop immediately
warning: could not connect to PostAuctionLoop immediately
