connecting to Carbon at 127.0.0.1:2003 (localhost)
2014-06-24 17:16:20.468 ZMQ ./soa/service/zmq_endpoint.cc:447 - bool Datacratic::ZmqNamedProxy::connect(const string&, Datacratic::ConnectionStyle) [1;31mconnecting to monitor/zeromq[0m
2014-06-24 17:16:20.475 ZMQ ./soa/service/zmq_endpoint.cc:494 - bool Datacratic::ZmqNamedProxy::connect(const string&, Datacratic::ConnectionStyle) [1;31mconnected to tcp://127.0.0.1:24000[0m
file ./logs/data//2014-06-24/errors-2014-06-24-15:00:00.log exists; disambiguating
file ./logs/data//2014-06-24/errors-2014-06-24-15:00:00.1.log exists; disambiguating
file ./logs/data//2014-06-24/errors-2014-06-24-15:00:00.2.log exists; disambiguating
file ./logs/data//2014-06-24/errors-2014-06-24-15:00:00.3.log exists; disambiguating
file ./logs/data//2014-06-24/errors-2014-06-24-15:00:00.4.log exists; disambiguating
opening file ./logs/data//2014-06-24/errors-2014-06-24-15:00:00.5.log with append 0
  0 ./logs/data//%F/ -1
  2  16
  0 / -1
  2  4
  0 / -1
  1  -1
  0 -%T.log.gz -1
  0 ./logs/data//%F/ -1
  2  9
  0 / -1
  2  10
  0 / -1
  1  -1
  0 -%T.log.gz -1
wexists handler returned -101
2. returning result 
warning: could not connect to adserver/logger immediately
wexists handler returned -101
2. returning result 
warning: could not connect to router/logger immediately
