file ./logs/data//2014-06-25/errors-2014-06-25-11:00:00.log exists; disambiguating
opening file ./logs/data//2014-06-25/errors-2014-06-25-11:00:00.1.log with append 0
  0 ./logs/data//%F/ -1
  2  16
  0 / -1
  2  4
  0 / -1
  1  -1
  0 -%T.log.gz -1
  0 ./logs/data//%F/ -1
  2  9
  0 / -1
  2  10
  0 / -1
  1  -1
  0 -%T.log.gz -1
wexists handler returned -101
2. returning result 
2014-06-25 13:43:31.118 ZMQ ./soa/service/zmq_endpoint.cc:447 - bool Datacratic::ZmqNamedProxy::connect(const string&, Datacratic::ConnectionStyle) [1;31mconnecting to monitor/zeromq[0m
wexists handler returned -101
2. returning result 
wexists handler returned -101
2. returning result 
2014-06-25 13:43:31.473 ZMQ ./soa/service/zmq_endpoint.cc:447 - bool Datacratic::ZmqNamedProxy::connect(const string&, Datacratic::ConnectionStyle) [1;31mconnecting to monitor/zeromq[0m
wexists handler returned -101
2. returning result 
warning: could not connect to router/logger immediately
2014-06-25 13:43:31.524 ZMQ ./soa/service/zmq_endpoint.cc:447 - bool Datacratic::ZmqNamedProxy::connect(const string&, Datacratic::ConnectionStyle) [1;31mconnecting to monitor/zeromq[0m
2014-06-25 13:43:31.538 ZMQ ./soa/service/zmq_endpoint.cc:494 - bool Datacratic::ZmqNamedProxy::connect(const string&, Datacratic::ConnectionStyle) [1;31mconnected to tcp://127.0.0.1:24000[0m
