connecting to Carbon at 127.0.0.1:2003 (localhost)
2014-06-24 17:12:57.439 ZMQ ./soa/service/zmq_endpoint.cc:447 - bool Datacratic::ZmqNamedProxy::connect(const string&, Datacratic::ConnectionStyle) [1;31mconnecting to monitor/zeromq[0m
wexists handler returned -101
2. returning result 
opening file ./logs/data//2014-06-24/errors-2014-06-24-15:00:00.log with append 0
2014-06-24 17:12:57.474 ZMQ ./soa/service/zmq_endpoint.cc:447 - bool Datacratic::ZmqNamedProxy::connect(const string&, Datacratic::ConnectionStyle) [1;31mconnecting to monitor/zeromq[0m
2014-06-24 17:12:57.477 ZMQ ./soa/service/zmq_endpoint.cc:494 - bool Datacratic::ZmqNamedProxy::connect(const string&, Datacratic::ConnectionStyle) [1;31mconnected to tcp://127.0.0.1:24000[0m
  0 ./logs/data//%F/ -1
  2  16
  0 / -1
  2  4
  0 / -1
  1  -1
  0 -%T.log.gz -1
  0 ./logs/data//%F/ -1
  2  9
  0 / -1
  2  10
  0 / -1
  1  -1
  0 -%T.log.gz -1
wexists handler returned -101
2. returning result 
warning: could not connect to adserver/logger immediately
wexists handler returned -101
2. returning result 
warning: could not connect to PostAuctionLoop/logger immediately
need to disconenct from rtbPostAuctionService serviceClass/rtbPostAuctionService/PostAuctionLoop logger
warning: could not connect to PostAuctionLoop/logger immediately
wexists handler returned -101
2. returning result 
warning: could not connect to PostAuctionLoop/logger immediately
we already had a connection entry to service serviceClass/rtbPostAuctionService/PostAuctionLoop - reuse 
wexists handler returned -101
2. returning result 
warning: could not connect to PostAuctionLoop immediately
warning: could not connect to PostAuctionLoop immediately
warning: could not connect to PostAuctionLoop/logger immediately
warning: could not connect to PostAuctionLoop immediately
warning: could not connect to PostAuctionLoop immediately
warning: could not connect to PostAuctionLoop immediately
