connecting to Carbon at 127.0.0.1:2003 (localhost)
bound tcp for http port 9987
monitor is listening on tcp://*:24000,http://0.0.0.0:9987
router.augmentationLoop/augmentors/tcp --> [{"transports":[{"addr":"127.0.0.1","hostScope":"krzysztof-VirtualBox","name":"tcp","port":18000},{"name":"zeromq","socketType":6,"uri":"tcp://127.0.0.1:18000"}],"zmqConnectUri":"tcp://127.0.0.1:18000"},{"transports":[{"addr":"10.0.2.15","hostScope":"*","name":"tcp","port":18000},{"name":"zeromq","socketType":6,"uri":"tcp://krzysztof-VirtualBox:18000"}],"zmqConnectUri":"tcp://krzysztof-VirtualBox:18000"}]
serviceClass/rtbAgentConfiguration/agentConfigurationService --> {"serviceLocation":"mtl","serviceName":"agentConfigurationService","servicePath":"agentConfigurationService"}
serviceClass/monitor/monitor --> {"serviceLocation":"mtl","serviceName":"monitor","servicePath":"monitor"}
serviceClass/rtbRequestRouter/router --> {"serviceLocation":"mtl","serviceName":"router","servicePath":"router"}
serviceClass/adServer/adserver --> {"serviceLocation":"mtl","serviceName":"adserver","servicePath":"adserver"}
serviceClass/rtbBanker/masterBanker --> {"serviceLocation":"mtl","serviceName":"masterBanker","servicePath":"masterBanker"}
serviceClass/rtbRouterAugmentation/router.augmentationLoop --> {"serviceLocation":"mtl","serviceName":"router.augmentationLoop","servicePath":"router.augmentationLoop"}
serviceClass/rtbPostAuctionService/PostAuctionLoop --> {"serviceLocation":"mtl","serviceName":"PostAuctionLoop","servicePath":"PostAuctionLoop"}
monitor/http/tcp --> [{"httpUri":"http://127.0.0.1:9987","transports":[{"addr":"127.0.0.1","hostScope":"krzysztof-VirtualBox","name":"tcp","port":9987},{"name":"http","uri":"http://127.0.0.1:9987"}]},{"httpUri":"http://10.0.2.15:9987","transports":[{"addr":"10.0.2.15","hostScope":"*","name":"tcp","port":9987},{"name":"http","uri":"http://10.0.2.15:9987"}]}]
monitor/zeromq/tcp --> [{"transports":[{"addr":"127.0.0.1","hostScope":"krzysztof-VirtualBox","name":"tcp","port":24000},{"name":"zeromq","socketType":6,"uri":"tcp://127.0.0.1:24000"}],"zmqConnectUri":"tcp://127.0.0.1:24000"},{"transports":[{"addr":"10.0.2.15","hostScope":"*","name":"tcp","port":24000},{"name":"zeromq","socketType":6,"uri":"tcp://krzysztof-VirtualBox:24000"}],"zmqConnectUri":"tcp://krzysztof-VirtualBox:24000"}]
masterBanker/http/tcp --> [{"httpUri":"http://127.0.0.1:9985","transports":[{"addr":"127.0.0.1","hostScope":"krzysztof-VirtualBox","name":"tcp","port":9985},{"name":"http","uri":"http://127.0.0.1:9985"}]},{"httpUri":"http://10.0.2.15:9985","transports":[{"addr":"10.0.2.15","hostScope":"*","name":"tcp","port":9985},{"name":"http","uri":"http://10.0.2.15:9985"}]}]
masterBanker/zeromq/tcp --> [{"transports":[{"addr":"127.0.0.1","hostScope":"krzysztof-VirtualBox","name":"tcp","port":22000},{"name":"zeromq","socketType":6,"uri":"tcp://127.0.0.1:22000"}],"zmqConnectUri":"tcp://127.0.0.1:22000"},{"transports":[{"addr":"10.0.2.15","hostScope":"*","name":"tcp","port":22000},{"name":"zeromq","socketType":6,"uri":"tcp://krzysztof-VirtualBox:22000"}],"zmqConnectUri":"tcp://krzysztof-VirtualBox:22000"}]
agentConfigurationService/rest/http/tcp --> [{"httpUri":"http://127.0.0.1:9986","transports":[{"addr":"127.0.0.1","hostScope":"krzysztof-VirtualBox","name":"tcp","port":9986},{"name":"http","uri":"http://127.0.0.1:9986"}]},{"httpUri":"http://10.0.2.15:9986","transports":[{"addr":"10.0.2.15","hostScope":"*","name":"tcp","port":9986},{"name":"http","uri":"http://10.0.2.15:9986"}]}]
agentConfigurationService/rest/zeromq/tcp --> [{"transports":[{"addr":"127.0.0.1","hostScope":"krzysztof-VirtualBox","name":"tcp","port":23000},{"name":"zeromq","socketType":6,"uri":"tcp://127.0.0.1:23000"}],"zmqConnectUri":"tcp://127.0.0.1:23000"},{"transports":[{"addr":"10.0.2.15","hostScope":"*","name":"tcp","port":23000},{"name":"zeromq","socketType":6,"uri":"tcp://krzysztof-VirtualBox:23000"}],"zmqConnectUri":"tcp://krzysztof-VirtualBox:23000"}]
agentConfigurationService/listen/tcp --> [{"transports":[{"addr":"127.0.0.1","hostScope":"krzysztof-VirtualBox","name":"tcp","port":19000},{"name":"zeromq","socketType":6,"uri":"tcp://127.0.0.1:19000"}],"zmqConnectUri":"tcp://127.0.0.1:19000"},{"transports":[{"addr":"10.0.2.15","hostScope":"*","name":"tcp","port":19000},{"name":"zeromq","socketType":6,"uri":"tcp://krzysztof-VirtualBox:19000"}],"zmqConnectUri":"tcp://krzysztof-VirtualBox:19000"}]
agentConfigurationService/agents/tcp --> [{"transports":[{"addr":"127.0.0.1","hostScope":"krzysztof-VirtualBox","name":"tcp","port":15000},{"name":"zeromq","socketType":6,"uri":"tcp://127.0.0.1:15000"}],"zmqConnectUri":"tcp://127.0.0.1:15000"},{"transports":[{"addr":"10.0.2.15","hostScope":"*","name":"tcp","port":15000},{"name":"zeromq","socketType":6,"uri":"tcp://krzysztof-VirtualBox:15000"}],"zmqConnectUri":"tcp://krzysztof-VirtualBox:15000"}]
adserver/logger/tcp --> [{"transports":[{"addr":"127.0.0.1","hostScope":"krzysztof-VirtualBox","name":"tcp","port":25000},{"name":"zeromq","socketType":9,"uri":"tcp://127.0.0.1:25000"}],"zmqConnectUri":"tcp://127.0.0.1:25000"},{"transports":[{"addr":"10.0.2.15","hostScope":"*","name":"tcp","port":25000},{"name":"zeromq","socketType":9,"uri":"tcp://krzysztof-VirtualBox:25000"}],"zmqConnectUri":"tcp://krzysztof-VirtualBox:25000"}]


rtbAgentConfiguration: 
    agentConfigurationService OK  2014-06-24 12:28:05  Alive
rtbBanker: 
    masterBanker         OK  2014-06-24 12:28:05  Banker persistence: OK
rtbDataLogger: 
    data_logger          OK  2014-06-24 12:28:05  Alive
rtbPostAuctionService: 
    PostAuctionLoop      ERR 2014-06-24 12:28:05  WinLoss pipe: ERROR, CampaignEvent pipe: ERROR
rtbRequestRouter: 
    router               OK  2014-06-24 12:28:05  Connection to PAL: OK


rtbAgentConfiguration: 
    agentConfigurationService OK  2014-06-24 12:28:15  Alive
rtbBanker: 
    masterBanker         OK  2014-06-24 12:28:15  Banker persistence: OK
rtbDataLogger: 
    data_logger          OK  2014-06-24 12:28:15  Alive
rtbPostAuctionService: 
    PostAuctionLoop      ERR 2014-06-24 12:28:15  WinLoss pipe: ERROR, CampaignEvent pipe: ERROR
rtbRequestRouter: 
    router               OK  2014-06-24 12:28:15  Connection to PAL: OK


rtbAgentConfiguration: 
    agentConfigurationService OK  2014-06-24 12:28:25  Alive
rtbBanker: 
    masterBanker         OK  2014-06-24 12:28:25  Banker persistence: OK
rtbDataLogger: 
    data_logger          OK  2014-06-24 12:28:25  Alive
rtbPostAuctionService: 
    PostAuctionLoop      ERR 2014-06-24 12:28:25  WinLoss pipe: ERROR, CampaignEvent pipe: ERROR
rtbRequestRouter: 
    router               OK  2014-06-24 12:28:25  Connection to PAL: OK


rtbAgentConfiguration: 
    agentConfigurationService OK  2014-06-24 12:28:35  Alive
rtbBanker: 
    masterBanker         OK  2014-06-24 12:28:35  Banker persistence: OK
rtbDataLogger: 
    data_logger          OK  2014-06-24 12:28:35  Alive
rtbPostAuctionService: 
    PostAuctionLoop      ERR 2014-06-24 12:28:35  WinLoss pipe: ERROR, CampaignEvent pipe: ERROR
rtbRequestRouter: 
    router               OK  2014-06-24 12:28:35  Connection to PAL: OK


rtbAgentConfiguration: 
    agentConfigurationService OK  2014-06-24 12:28:45  Alive
rtbBanker: 
    masterBanker         OK  2014-06-24 12:28:45  Banker persistence: OK
rtbDataLogger: 
    data_logger          OK  2014-06-24 12:28:45  Alive
rtbPostAuctionService: 
    PostAuctionLoop      ERR 2014-06-24 12:28:45  WinLoss pipe: ERROR, CampaignEvent pipe: ERROR
rtbRequestRouter: 
    router               OK  2014-06-24 12:28:45  Connection to PAL: OK


rtbAgentConfiguration: 
    agentConfigurationService OK  2014-06-24 12:28:55  Alive
rtbBanker: 
    masterBanker         OK  2014-06-24 12:28:55  Banker persistence: OK
rtbDataLogger: 
    data_logger          OK  2014-06-24 12:28:55  Alive
rtbPostAuctionService: 
    PostAuctionLoop      ERR 2014-06-24 12:28:55  WinLoss pipe: ERROR, CampaignEvent pipe: ERROR
rtbRequestRouter: 
    router               OK  2014-06-24 12:28:55  Connection to PAL: OK


rtbAgentConfiguration: 
    agentConfigurationService OK  2014-06-24 12:29:05  Alive
rtbBanker: 
    masterBanker         OK  2014-06-24 12:29:05  Banker persistence: OK
rtbDataLogger: 
    data_logger          OK  2014-06-24 12:29:05  Alive
rtbPostAuctionService: 
    PostAuctionLoop      ERR 2014-06-24 12:29:05  WinLoss pipe: ERROR, CampaignEvent pipe: ERROR
rtbRequestRouter: 
    router               OK  2014-06-24 12:29:05  Connection to PAL: OK


rtbAgentConfiguration: 
    agentConfigurationService OK  2014-06-24 12:29:15  Alive
rtbBanker: 
    masterBanker         OK  2014-06-24 12:29:15  Banker persistence: OK
rtbDataLogger: 
    data_logger          OK  2014-06-24 12:29:15  Alive
rtbPostAuctionService: 
    PostAuctionLoop      ERR 2014-06-24 12:29:15  WinLoss pipe: ERROR, CampaignEvent pipe: ERROR
rtbRequestRouter: 
    router               OK  2014-06-24 12:29:15  Connection to PAL: OK


rtbAgentConfiguration: 
    agentConfigurationService OK  2014-06-24 12:29:25  Alive
rtbBanker: 
    masterBanker         OK  2014-06-24 12:29:25  Banker persistence: OK
rtbDataLogger: 
    data_logger          OK  2014-06-24 12:29:25  Alive
rtbPostAuctionService: 
    PostAuctionLoop      ERR 2014-06-24 12:29:25  WinLoss pipe: ERROR, CampaignEvent pipe: ERROR
rtbRequestRouter: 
    router               OK  2014-06-24 12:29:25  Connection to PAL: OK


rtbAgentConfiguration: 
    agentConfigurationService OK  2014-06-24 12:29:35  Alive
rtbBanker: 
    masterBanker         OK  2014-06-24 12:29:35  Banker persistence: OK
rtbDataLogger: 
    data_logger          OK  2014-06-24 12:29:35  Alive
rtbPostAuctionService: 
    PostAuctionLoop      ERR 2014-06-24 12:29:35  WinLoss pipe: ERROR, CampaignEvent pipe: ERROR
rtbRequestRouter: 
    router               OK  2014-06-24 12:29:35  Connection to PAL: OK


rtbAgentConfiguration: 
    agentConfigurationService OK  2014-06-24 12:29:45  Alive
rtbBanker: 
    masterBanker         OK  2014-06-24 12:29:45  Banker persistence: OK
rtbDataLogger: 
    data_logger          OK  2014-06-24 12:29:45  Alive
rtbPostAuctionService: 
    PostAuctionLoop      ERR 2014-06-24 12:29:45  WinLoss pipe: ERROR, CampaignEvent pipe: ERROR
rtbRequestRouter: 
    router               OK  2014-06-24 12:29:45  Connection to PAL: OK


rtbAgentConfiguration: 
    agentConfigurationService OK  2014-06-24 12:29:55  Alive
rtbBanker: 
    masterBanker         OK  2014-06-24 12:29:55  Banker persistence: OK
rtbDataLogger: 
    data_logger          OK  2014-06-24 12:29:55  Alive
rtbPostAuctionService: 
    PostAuctionLoop      ERR 2014-06-24 12:29:55  WinLoss pipe: ERROR, CampaignEvent pipe: ERROR
rtbRequestRouter: 
    router               OK  2014-06-24 12:29:55  Connection to PAL: OK


rtbAgentConfiguration: 
    agentConfigurationService OK  2014-06-24 12:30:05  Alive
rtbBanker: 
    masterBanker         OK  2014-06-24 12:30:05  Banker persistence: OK
rtbDataLogger: 
    data_logger          OK  2014-06-24 12:30:05  Alive
rtbPostAuctionService: 
    PostAuctionLoop      ERR 2014-06-24 12:30:05  WinLoss pipe: ERROR, CampaignEvent pipe: ERROR
rtbRequestRouter: 
    router               OK  2014-06-24 12:30:05  Connection to PAL: OK


rtbAgentConfiguration: 
    agentConfigurationService OK  2014-06-24 12:30:15  Alive
rtbBanker: 
    masterBanker         OK  2014-06-24 12:30:15  Banker persistence: OK
rtbDataLogger: 
    data_logger          OK  2014-06-24 12:30:15  Alive
rtbPostAuctionService: 
    PostAuctionLoop      ERR 2014-06-24 12:30:15  WinLoss pipe: ERROR, CampaignEvent pipe: ERROR
rtbRequestRouter: 
    router               OK  2014-06-24 12:30:15  Connection to PAL: OK


rtbAgentConfiguration: 
    agentConfigurationService OK  2014-06-24 12:30:25  Alive
rtbBanker: 
    masterBanker         OK  2014-06-24 12:30:25  Banker persistence: OK
rtbDataLogger: 
    data_logger          OK  2014-06-24 12:30:25  Alive
rtbPostAuctionService: 
    PostAuctionLoop      ERR 2014-06-24 12:30:25  WinLoss pipe: ERROR, CampaignEvent pipe: ERROR
rtbRequestRouter: 
    router               OK  2014-06-24 12:30:25  Connection to PAL: OK


rtbAgentConfiguration: 
    agentConfigurationService OK  2014-06-24 12:30:35  Alive
rtbBanker: 
    masterBanker         OK  2014-06-24 12:30:35  Banker persistence: OK
rtbDataLogger: 
    data_logger          OK  2014-06-24 12:30:35  Alive
rtbPostAuctionService: 
    PostAuctionLoop      ERR 2014-06-24 12:30:35  WinLoss pipe: ERROR, CampaignEvent pipe: ERROR
rtbRequestRouter: 
    router               OK  2014-06-24 12:30:35  Connection to PAL: OK


rtbAgentConfiguration: 
    agentConfigurationService OK  2014-06-24 12:30:45  Alive
rtbBanker: 
    masterBanker         OK  2014-06-24 12:30:45  Banker persistence: OK
rtbDataLogger: 
    data_logger          OK  2014-06-24 12:30:45  Alive
rtbPostAuctionService: 
    PostAuctionLoop      ERR 2014-06-24 12:30:45  WinLoss pipe: ERROR, CampaignEvent pipe: ERROR
rtbRequestRouter: 
    router               OK  2014-06-24 12:30:45  Connection to PAL: OK


rtbAgentConfiguration: 
    agentConfigurationService OK  2014-06-24 12:30:55  Alive
rtbBanker: 
    masterBanker         OK  2014-06-24 12:30:55  Banker persistence: OK
rtbDataLogger: 
    data_logger          OK  2014-06-24 12:30:55  Alive
rtbPostAuctionService: 
    PostAuctionLoop      ERR 2014-06-24 12:30:55  WinLoss pipe: ERROR, CampaignEvent pipe: ERROR
rtbRequestRouter: 
    router               OK  2014-06-24 12:30:55  Connection to PAL: OK


rtbAgentConfiguration: 
    agentConfigurationService OK  2014-06-24 12:31:05  Alive
rtbBanker: 
    masterBanker         OK  2014-06-24 12:31:05  Banker persistence: OK
rtbDataLogger: 
    data_logger          OK  2014-06-24 12:31:05  Alive
rtbPostAuctionService: 
    PostAuctionLoop      ERR 2014-06-24 12:31:05  WinLoss pipe: ERROR, CampaignEvent pipe: ERROR
rtbRequestRouter: 
    router               OK  2014-06-24 12:31:05  Connection to PAL: OK


rtbAgentConfiguration: 
    agentConfigurationService OK  2014-06-24 12:31:15  Alive
rtbBanker: 
    masterBanker         OK  2014-06-24 12:31:15  Banker persistence: OK
rtbDataLogger: 
    data_logger          OK  2014-06-24 12:31:15  Alive
rtbPostAuctionService: 
    PostAuctionLoop      ERR 2014-06-24 12:31:15  WinLoss pipe: ERROR, CampaignEvent pipe: ERROR
rtbRequestRouter: 
    router               OK  2014-06-24 12:31:15  Connection to PAL: OK


rtbAgentConfiguration: 
    agentConfigurationService OK  2014-06-24 12:31:25  Alive
rtbBanker: 
    masterBanker         OK  2014-06-24 12:31:25  Banker persistence: OK
rtbDataLogger: 
    data_logger          OK  2014-06-24 12:31:25  Alive
rtbPostAuctionService: 
    PostAuctionLoop      ERR 2014-06-24 12:31:25  WinLoss pipe: ERROR, CampaignEvent pipe: ERROR
rtbRequestRouter: 
    router               OK  2014-06-24 12:31:25  Connection to PAL: OK


rtbAgentConfiguration: 
    agentConfigurationService OK  2014-06-24 12:31:35  Alive
rtbBanker: 
    masterBanker         OK  2014-06-24 12:31:35  Banker persistence: OK
rtbDataLogger: 
    data_logger          OK  2014-06-24 12:31:35  Alive
rtbPostAuctionService: 
    PostAuctionLoop      ERR 2014-06-24 12:31:35  WinLoss pipe: ERROR, CampaignEvent pipe: ERROR
rtbRequestRouter: 
    router               OK  2014-06-24 12:31:35  Connection to PAL: OK


rtbAgentConfiguration: 
    agentConfigurationService OK  2014-06-24 12:31:45  Alive
rtbBanker: 
    masterBanker         OK  2014-06-24 12:31:45  Banker persistence: OK
rtbDataLogger: 
    data_logger          OK  2014-06-24 12:31:45  Alive
rtbPostAuctionService: 
    PostAuctionLoop      ERR 2014-06-24 12:31:45  WinLoss pipe: ERROR, CampaignEvent pipe: ERROR
rtbRequestRouter: 
    router               OK  2014-06-24 12:31:45  Connection to PAL: OK


rtbAgentConfiguration: 
    agentConfigurationService OK  2014-06-24 12:31:55  Alive
rtbBanker: 
    masterBanker         OK  2014-06-24 12:31:55  Banker persistence: OK
rtbDataLogger: 
    data_logger          OK  2014-06-24 12:31:55  Alive
rtbPostAuctionService: 
    PostAuctionLoop      ERR 2014-06-24 12:31:55  WinLoss pipe: ERROR, CampaignEvent pipe: ERROR
rtbRequestRouter: 
    router               OK  2014-06-24 12:31:55  Connection to PAL: OK


rtbAgentConfiguration: 
    agentConfigurationService OK  2014-06-24 12:32:05  Alive
rtbBanker: 
    masterBanker         OK  2014-06-24 12:32:05  Banker persistence: OK
rtbDataLogger: 
    data_logger          OK  2014-06-24 12:32:05  Alive
rtbPostAuctionService: 
    PostAuctionLoop      ERR 2014-06-24 12:32:05  WinLoss pipe: ERROR, CampaignEvent pipe: ERROR
rtbRequestRouter: 
    router               OK  2014-06-24 12:32:05  Connection to PAL: OK


rtbAgentConfiguration: 
    agentConfigurationService OK  2014-06-24 12:32:15  Alive
rtbBanker: 
    masterBanker         OK  2014-06-24 12:32:15  Banker persistence: OK
rtbDataLogger: 
    data_logger          OK  2014-06-24 12:32:15  Alive
rtbPostAuctionService: 
    PostAuctionLoop      ERR 2014-06-24 12:32:15  WinLoss pipe: ERROR, CampaignEvent pipe: ERROR
rtbRequestRouter: 
    router               OK  2014-06-24 12:32:15  Connection to PAL: OK


rtbAgentConfiguration: 
    agentConfigurationService OK  2014-06-24 12:32:25  Alive
rtbBanker: 
    masterBanker         OK  2014-06-24 12:32:25  Banker persistence: OK
rtbDataLogger: 
    data_logger          OK  2014-06-24 12:32:25  Alive
rtbPostAuctionService: 
    PostAuctionLoop      ERR 2014-06-24 12:32:25  WinLoss pipe: ERROR, CampaignEvent pipe: ERROR
rtbRequestRouter: 
    router               OK  2014-06-24 12:32:25  Connection to PAL: OK


rtbAgentConfiguration: 
    agentConfigurationService OK  2014-06-24 12:32:35  Alive
rtbBanker: 
    masterBanker         OK  2014-06-24 12:32:35  Banker persistence: OK
rtbDataLogger: 
    data_logger          OK  2014-06-24 12:32:35  Alive
rtbPostAuctionService: 
    PostAuctionLoop      ERR 2014-06-24 12:32:35  WinLoss pipe: ERROR, CampaignEvent pipe: ERROR
rtbRequestRouter: 
    router               OK  2014-06-24 12:32:35  Connection to PAL: OK


rtbAgentConfiguration: 
    agentConfigurationService OK  2014-06-24 12:32:45  Alive
rtbBanker: 
    masterBanker         OK  2014-06-24 12:32:45  Banker persistence: OK
rtbDataLogger: 
    data_logger          OK  2014-06-24 12:32:45  Alive
rtbPostAuctionService: 
    PostAuctionLoop      ERR 2014-06-24 12:32:45  WinLoss pipe: ERROR, CampaignEvent pipe: ERROR
rtbRequestRouter: 
    router               OK  2014-06-24 12:32:45  Connection to PAL: OK


rtbAgentConfiguration: 
    agentConfigurationService OK  2014-06-24 12:32:55  Alive
rtbBanker: 
    masterBanker         OK  2014-06-24 12:32:55  Banker persistence: OK
rtbDataLogger: 
    data_logger          OK  2014-06-24 12:32:55  Alive
rtbPostAuctionService: 
    PostAuctionLoop      ERR 2014-06-24 12:32:55  WinLoss pipe: ERROR, CampaignEvent pipe: ERROR
rtbRequestRouter: 
    router               OK  2014-06-24 12:32:55  Connection to PAL: OK


rtbAgentConfiguration: 
    agentConfigurationService OK  2014-06-24 12:33:05  Alive
rtbBanker: 
    masterBanker         OK  2014-06-24 12:33:05  Banker persistence: OK
rtbDataLogger: 
    data_logger          OK  2014-06-24 12:33:05  Alive
rtbPostAuctionService: 
    PostAuctionLoop      ERR 2014-06-24 12:33:05  WinLoss pipe: ERROR, CampaignEvent pipe: ERROR
rtbRequestRouter: 
    router               OK  2014-06-24 12:33:05  Connection to PAL: OK


rtbAgentConfiguration: 
    agentConfigurationService OK  2014-06-24 12:33:15  Alive
rtbBanker: 
    masterBanker         OK  2014-06-24 12:33:15  Banker persistence: OK
rtbDataLogger: 
    data_logger          OK  2014-06-24 12:33:15  Alive
rtbPostAuctionService: 
    PostAuctionLoop      ERR 2014-06-24 12:33:15  WinLoss pipe: ERROR, CampaignEvent pipe: ERROR
rtbRequestRouter: 
    router               OK  2014-06-24 12:33:15  Connection to PAL: OK


rtbAgentConfiguration: 
    agentConfigurationService OK  2014-06-24 12:33:25  Alive
rtbBanker: 
    masterBanker         OK  2014-06-24 12:33:25  Banker persistence: OK
rtbDataLogger: 
    data_logger          OK  2014-06-24 12:33:25  Alive
rtbPostAuctionService: 
    PostAuctionLoop      ERR 2014-06-24 12:33:25  WinLoss pipe: ERROR, CampaignEvent pipe: ERROR
rtbRequestRouter: 
    router               OK  2014-06-24 12:33:25  Connection to PAL: OK


rtbAgentConfiguration: 
    agentConfigurationService OK  2014-06-24 12:33:35  Alive
rtbBanker: 
    masterBanker         OK  2014-06-24 12:33:35  Banker persistence: OK
rtbDataLogger: 
    data_logger          OK  2014-06-24 12:33:35  Alive
rtbPostAuctionService: 
    PostAuctionLoop      ERR 2014-06-24 12:33:35  WinLoss pipe: ERROR, CampaignEvent pipe: ERROR
rtbRequestRouter: 
    router               OK  2014-06-24 12:33:35  Connection to PAL: OK


rtbAgentConfiguration: 
    agentConfigurationService OK  2014-06-24 12:33:45  Alive
rtbBanker: 
    masterBanker         OK  2014-06-24 12:33:45  Banker persistence: OK
rtbDataLogger: 
    data_logger          OK  2014-06-24 12:33:45  Alive
rtbPostAuctionService: 
    PostAuctionLoop      ERR 2014-06-24 12:33:45  WinLoss pipe: ERROR, CampaignEvent pipe: ERROR
rtbRequestRouter: 
    router               OK  2014-06-24 12:33:45  Connection to PAL: OK


rtbAgentConfiguration: 
    agentConfigurationService OK  2014-06-24 12:33:55  Alive
rtbBanker: 
    masterBanker         OK  2014-06-24 12:33:55  Banker persistence: OK
rtbDataLogger: 
    data_logger          OK  2014-06-24 12:33:55  Alive
rtbPostAuctionService: 
    PostAuctionLoop      ERR 2014-06-24 12:33:55  WinLoss pipe: ERROR, CampaignEvent pipe: ERROR
rtbRequestRouter: 
    router               OK  2014-06-24 12:33:55  Connection to PAL: OK


rtbAgentConfiguration: 
    agentConfigurationService OK  2014-06-24 12:34:05  Alive
rtbBanker: 
    masterBanker         OK  2014-06-24 12:34:05  Banker persistence: OK
rtbDataLogger: 
    data_logger          OK  2014-06-24 12:34:05  Alive
rtbPostAuctionService: 
    PostAuctionLoop      ERR 2014-06-24 12:34:05  WinLoss pipe: ERROR, CampaignEvent pipe: ERROR
rtbRequestRouter: 
    router               OK  2014-06-24 12:34:05  Connection to PAL: OK


rtbAgentConfiguration: 
    agentConfigurationService OK  2014-06-24 12:34:15  Alive
rtbBanker: 
    masterBanker         OK  2014-06-24 12:34:15  Banker persistence: OK
rtbDataLogger: 
    data_logger          OK  2014-06-24 12:34:15  Alive
rtbPostAuctionService: 
    PostAuctionLoop      ERR 2014-06-24 12:34:15  WinLoss pipe: ERROR, CampaignEvent pipe: ERROR
rtbRequestRouter: 
    router               OK  2014-06-24 12:34:15  Connection to PAL: OK


rtbAgentConfiguration: 
    agentConfigurationService OK  2014-06-24 12:34:25  Alive
rtbBanker: 
    masterBanker         OK  2014-06-24 12:34:25  Banker persistence: OK
rtbDataLogger: 
    data_logger          OK  2014-06-24 12:34:25  Alive
rtbPostAuctionService: 
    PostAuctionLoop      ERR 2014-06-24 12:34:25  WinLoss pipe: ERROR, CampaignEvent pipe: ERROR
rtbRequestRouter: 
    router               OK  2014-06-24 12:34:25  Connection to PAL: OK


rtbAgentConfiguration: 
    agentConfigurationService OK  2014-06-24 12:34:35  Alive
rtbBanker: 
    masterBanker         OK  2014-06-24 12:34:35  Banker persistence: OK
rtbDataLogger: 
    data_logger          OK  2014-06-24 12:34:35  Alive
rtbPostAuctionService: 
    PostAuctionLoop      ERR 2014-06-24 12:34:35  WinLoss pipe: ERROR, CampaignEvent pipe: ERROR
rtbRequestRouter: 
    router               OK  2014-06-24 12:34:35  Connection to PAL: OK


rtbAgentConfiguration: 
    agentConfigurationService OK  2014-06-24 12:34:45  Alive
rtbBanker: 
    masterBanker         OK  2014-06-24 12:34:45  Banker persistence: OK
rtbDataLogger: 
    data_logger          OK  2014-06-24 12:34:45  Alive
rtbPostAuctionService: 
    PostAuctionLoop      ERR 2014-06-24 12:34:45  WinLoss pipe: ERROR, CampaignEvent pipe: ERROR
rtbRequestRouter: 
    router               OK  2014-06-24 12:34:45  Connection to PAL: OK


rtbAgentConfiguration: 
    agentConfigurationService OK  2014-06-24 12:34:55  Alive
rtbBanker: 
    masterBanker         OK  2014-06-24 12:34:55  Banker persistence: OK
rtbDataLogger: 
    data_logger          OK  2014-06-24 12:34:55  Alive
rtbPostAuctionService: 
    PostAuctionLoop      ERR 2014-06-24 12:34:55  WinLoss pipe: ERROR, CampaignEvent pipe: ERROR
rtbRequestRouter: 
    router               OK  2014-06-24 12:34:55  Connection to PAL: OK


rtbAgentConfiguration: 
    agentConfigurationService OK  2014-06-24 12:35:05  Alive
rtbBanker: 
    masterBanker         OK  2014-06-24 12:35:05  Banker persistence: OK
rtbDataLogger: 
    data_logger          OK  2014-06-24 12:35:05  Alive
rtbPostAuctionService: 
    PostAuctionLoop      ERR 2014-06-24 12:35:05  WinLoss pipe: ERROR, CampaignEvent pipe: ERROR
rtbRequestRouter: 
    router               OK  2014-06-24 12:35:05  Connection to PAL: OK


rtbAgentConfiguration: 
    agentConfigurationService OK  2014-06-24 12:35:15  Alive
rtbBanker: 
    masterBanker         OK  2014-06-24 12:35:15  Banker persistence: OK
rtbDataLogger: 
    data_logger          OK  2014-06-24 12:35:15  Alive
rtbPostAuctionService: 
    PostAuctionLoop      ERR 2014-06-24 12:35:15  WinLoss pipe: ERROR, CampaignEvent pipe: ERROR
rtbRequestRouter: 
    router               OK  2014-06-24 12:35:15  Connection to PAL: OK


rtbAgentConfiguration: 
    agentConfigurationService OK  2014-06-24 12:35:25  Alive
rtbBanker: 
    masterBanker         OK  2014-06-24 12:35:25  Banker persistence: OK
rtbDataLogger: 
    data_logger          OK  2014-06-24 12:35:25  Alive
rtbPostAuctionService: 
    PostAuctionLoop      ERR 2014-06-24 12:35:25  WinLoss pipe: ERROR, CampaignEvent pipe: ERROR
rtbRequestRouter: 
    router               OK  2014-06-24 12:35:25  Connection to PAL: OK


rtbAgentConfiguration: 
    agentConfigurationService OK  2014-06-24 12:35:35  Alive
rtbBanker: 
    masterBanker         OK  2014-06-24 12:35:35  Banker persistence: OK
rtbDataLogger: 
    data_logger          OK  2014-06-24 12:35:35  Alive
rtbPostAuctionService: 
    PostAuctionLoop      ERR 2014-06-24 12:35:35  WinLoss pipe: ERROR, CampaignEvent pipe: ERROR
rtbRequestRouter: 
    router               OK  2014-06-24 12:35:35  Connection to PAL: OK


rtbAgentConfiguration: 
    agentConfigurationService OK  2014-06-24 12:35:45  Alive
rtbBanker: 
    masterBanker         OK  2014-06-24 12:35:45  Banker persistence: OK
rtbDataLogger: 
    data_logger          OK  2014-06-24 12:35:45  Alive
rtbPostAuctionService: 
    PostAuctionLoop      ERR 2014-06-24 12:35:45  WinLoss pipe: ERROR, CampaignEvent pipe: ERROR
rtbRequestRouter: 
    router               OK  2014-06-24 12:35:45  Connection to PAL: OK


rtbAgentConfiguration: 
    agentConfigurationService OK  2014-06-24 12:35:55  Alive
rtbBanker: 
    masterBanker         OK  2014-06-24 12:35:55  Banker persistence: OK
rtbDataLogger: 
    data_logger          OK  2014-06-24 12:35:55  Alive
rtbPostAuctionService: 
    PostAuctionLoop      ERR 2014-06-24 12:35:55  WinLoss pipe: ERROR, CampaignEvent pipe: ERROR
rtbRequestRouter: 
    router               OK  2014-06-24 12:35:55  Connection to PAL: OK


rtbAgentConfiguration: 
    agentConfigurationService OK  2014-06-24 12:36:05  Alive
rtbBanker: 
    masterBanker         OK  2014-06-24 12:36:05  Banker persistence: OK
rtbDataLogger: 
    data_logger          OK  2014-06-24 12:36:05  Alive
rtbPostAuctionService: 
    PostAuctionLoop      ERR 2014-06-24 12:36:05  WinLoss pipe: ERROR, CampaignEvent pipe: ERROR
rtbRequestRouter: 
    router               OK  2014-06-24 12:36:05  Connection to PAL: OK


rtbAgentConfiguration: 
    agentConfigurationService OK  2014-06-24 12:36:15  Alive
rtbBanker: 
    masterBanker         OK  2014-06-24 12:36:15  Banker persistence: OK
rtbDataLogger: 
    data_logger          OK  2014-06-24 12:36:15  Alive
rtbPostAuctionService: 
    PostAuctionLoop      ERR 2014-06-24 12:36:15  WinLoss pipe: ERROR, CampaignEvent pipe: ERROR
rtbRequestRouter: 
    router               OK  2014-06-24 12:36:15  Connection to PAL: OK


rtbAgentConfiguration: 
    agentConfigurationService OK  2014-06-24 12:36:25  Alive
rtbBanker: 
    masterBanker         OK  2014-06-24 12:36:25  Banker persistence: OK
rtbDataLogger: 
    data_logger          OK  2014-06-24 12:36:25  Alive
rtbPostAuctionService: 
    PostAuctionLoop      ERR 2014-06-24 12:36:25  WinLoss pipe: ERROR, CampaignEvent pipe: ERROR
rtbRequestRouter: 
    router               OK  2014-06-24 12:36:25  Connection to PAL: OK


rtbAgentConfiguration: 
    agentConfigurationService OK  2014-06-24 12:36:35  Alive
rtbBanker: 
    masterBanker         OK  2014-06-24 12:36:35  Banker persistence: OK
rtbDataLogger: 
    data_logger          OK  2014-06-24 12:36:35  Alive
rtbPostAuctionService: 
    PostAuctionLoop      ERR 2014-06-24 12:36:35  WinLoss pipe: ERROR, CampaignEvent pipe: ERROR
rtbRequestRouter: 
    router               OK  2014-06-24 12:36:35  Connection to PAL: OK


rtbAgentConfiguration: 
    agentConfigurationService OK  2014-06-24 12:36:45  Alive
rtbBanker: 
    masterBanker         OK  2014-06-24 12:36:45  Banker persistence: OK
rtbDataLogger: 
    data_logger          OK  2014-06-24 12:36:45  Alive
rtbPostAuctionService: 
    PostAuctionLoop      ERR 2014-06-24 12:36:45  WinLoss pipe: ERROR, CampaignEvent pipe: ERROR
rtbRequestRouter: 
    router               OK  2014-06-24 12:36:45  Connection to PAL: OK


rtbAgentConfiguration: 
    agentConfigurationService OK  2014-06-24 12:36:55  Alive
rtbBanker: 
    masterBanker         OK  2014-06-24 12:36:55  Banker persistence: OK
rtbDataLogger: 
    data_logger          OK  2014-06-24 12:36:55  Alive
rtbPostAuctionService: 
    PostAuctionLoop      ERR 2014-06-24 12:36:55  WinLoss pipe: ERROR, CampaignEvent pipe: ERROR
rtbRequestRouter: 
    router               OK  2014-06-24 12:36:55  Connection to PAL: OK


rtbAgentConfiguration: 
    agentConfigurationService OK  2014-06-24 12:37:05  Alive
rtbBanker: 
    masterBanker         OK  2014-06-24 12:37:05  Banker persistence: OK
rtbDataLogger: 
    data_logger          OK  2014-06-24 12:37:05  Alive
rtbPostAuctionService: 
    PostAuctionLoop      ERR 2014-06-24 12:37:05  WinLoss pipe: ERROR, CampaignEvent pipe: ERROR
rtbRequestRouter: 
    router               OK  2014-06-24 12:37:05  Connection to PAL: OK


rtbAgentConfiguration: 
    agentConfigurationService OK  2014-06-24 12:37:15  Alive
rtbBanker: 
    masterBanker         OK  2014-06-24 12:37:15  Banker persistence: OK
rtbDataLogger: 
    data_logger          OK  2014-06-24 12:37:15  Alive
rtbPostAuctionService: 
    PostAuctionLoop      ERR 2014-06-24 12:37:15  WinLoss pipe: ERROR, CampaignEvent pipe: ERROR
rtbRequestRouter: 
    router               OK  2014-06-24 12:37:15  Connection to PAL: OK


rtbAgentConfiguration: 
    agentConfigurationService OK  2014-06-24 12:37:25  Alive
rtbBanker: 
    masterBanker         OK  2014-06-24 12:37:25  Banker persistence: OK
rtbDataLogger: 
    data_logger          OK  2014-06-24 12:37:25  Alive
rtbPostAuctionService: 
    PostAuctionLoop      ERR 2014-06-24 12:37:25  WinLoss pipe: ERROR, CampaignEvent pipe: ERROR
rtbRequestRouter: 
    router               OK  2014-06-24 12:37:25  Connection to PAL: OK


rtbAgentConfiguration: 
    agentConfigurationService OK  2014-06-24 12:37:35  Alive
rtbBanker: 
    masterBanker         OK  2014-06-24 12:37:35  Banker persistence: OK
rtbDataLogger: 
    data_logger          OK  2014-06-24 12:37:35  Alive
rtbPostAuctionService: 
    PostAuctionLoop      ERR 2014-06-24 12:37:35  WinLoss pipe: ERROR, CampaignEvent pipe: ERROR
rtbRequestRouter: 
    router               OK  2014-06-24 12:37:35  Connection to PAL: OK


rtbAgentConfiguration: 
    agentConfigurationService OK  2014-06-24 12:37:45  Alive
rtbBanker: 
    masterBanker         OK  2014-06-24 12:37:45  Banker persistence: OK
rtbDataLogger: 
    data_logger          OK  2014-06-24 12:37:45  Alive
rtbPostAuctionService: 
    PostAuctionLoop      ERR 2014-06-24 12:37:45  WinLoss pipe: ERROR, CampaignEvent pipe: ERROR
rtbRequestRouter: 
    router               OK  2014-06-24 12:37:45  Connection to PAL: OK


rtbAgentConfiguration: 
    agentConfigurationService OK  2014-06-24 12:37:55  Alive
rtbBanker: 
    masterBanker         OK  2014-06-24 12:37:55  Banker persistence: OK
rtbDataLogger: 
    data_logger          OK  2014-06-24 12:37:55  Alive
rtbPostAuctionService: 
    PostAuctionLoop      ERR 2014-06-24 12:37:55  WinLoss pipe: ERROR, CampaignEvent pipe: ERROR
rtbRequestRouter: 
    router               OK  2014-06-24 12:37:55  Connection to PAL: OK


rtbAgentConfiguration: 
    agentConfigurationService OK  2014-06-24 12:38:05  Alive
rtbBanker: 
    masterBanker         OK  2014-06-24 12:38:05  Banker persistence: OK
rtbDataLogger: 
    data_logger          OK  2014-06-24 12:38:05  Alive
rtbPostAuctionService: 
    PostAuctionLoop      ERR 2014-06-24 12:38:05  WinLoss pipe: ERROR, CampaignEvent pipe: ERROR
rtbRequestRouter: 
    router               OK  2014-06-24 12:38:05  Connection to PAL: OK


rtbAgentConfiguration: 
    agentConfigurationService OK  2014-06-24 12:38:15  Alive
rtbBanker: 
    masterBanker         OK  2014-06-24 12:38:15  Banker persistence: OK
rtbDataLogger: 
    data_logger          OK  2014-06-24 12:38:15  Alive
rtbPostAuctionService: 
    PostAuctionLoop      ERR 2014-06-24 12:38:15  WinLoss pipe: ERROR, CampaignEvent pipe: ERROR
rtbRequestRouter: 
    router               OK  2014-06-24 12:38:15  Connection to PAL: OK


rtbAgentConfiguration: 
    agentConfigurationService OK  2014-06-24 12:38:25  Alive
rtbBanker: 
    masterBanker         OK  2014-06-24 12:38:25  Banker persistence: OK
rtbDataLogger: 
    data_logger          OK  2014-06-24 12:38:25  Alive
rtbPostAuctionService: 
    PostAuctionLoop      ERR 2014-06-24 12:38:25  WinLoss pipe: ERROR, CampaignEvent pipe: ERROR
rtbRequestRouter: 
    router               OK  2014-06-24 12:38:25  Connection to PAL: OK


rtbAgentConfiguration: 
    agentConfigurationService OK  2014-06-24 12:38:35  Alive
rtbBanker: 
    masterBanker         OK  2014-06-24 12:38:35  Banker persistence: OK
rtbDataLogger: 
    data_logger          OK  2014-06-24 12:38:35  Alive
rtbPostAuctionService: 
    PostAuctionLoop      ERR 2014-06-24 12:38:35  WinLoss pipe: ERROR, CampaignEvent pipe: ERROR
rtbRequestRouter: 
    router               OK  2014-06-24 12:38:35  Connection to PAL: OK


rtbAgentConfiguration: 
    agentConfigurationService OK  2014-06-24 12:38:45  Alive
rtbBanker: 
    masterBanker         OK  2014-06-24 12:38:45  Banker persistence: OK
rtbDataLogger: 
    data_logger          OK  2014-06-24 12:38:45  Alive
rtbPostAuctionService: 
    PostAuctionLoop      ERR 2014-06-24 12:38:45  WinLoss pipe: ERROR, CampaignEvent pipe: ERROR
rtbRequestRouter: 
    router               OK  2014-06-24 12:38:45  Connection to PAL: OK


rtbAgentConfiguration: 
    agentConfigurationService OK  2014-06-24 12:38:55  Alive
rtbBanker: 
    masterBanker         OK  2014-06-24 12:38:55  Banker persistence: OK
rtbDataLogger: 
    data_logger          OK  2014-06-24 12:38:55  Alive
rtbPostAuctionService: 
    PostAuctionLoop      ERR 2014-06-24 12:38:55  WinLoss pipe: ERROR, CampaignEvent pipe: ERROR
rtbRequestRouter: 
    router               OK  2014-06-24 12:38:55  Connection to PAL: OK


rtbAgentConfiguration: 
    agentConfigurationService OK  2014-06-24 12:39:05  Alive
rtbBanker: 
    masterBanker         OK  2014-06-24 12:39:05  Banker persistence: OK
rtbDataLogger: 
    data_logger          OK  2014-06-24 12:39:05  Alive
rtbPostAuctionService: 
    PostAuctionLoop      ERR 2014-06-24 12:39:05  WinLoss pipe: ERROR, CampaignEvent pipe: ERROR
rtbRequestRouter: 
    router               OK  2014-06-24 12:39:05  Connection to PAL: OK
