bound tcp for http port 9987
monitor is listening on tcp://*:24000,http://0.0.0.0:9987
router.augmentationLoop/augmentors/tcp --> [{"transports":[{"addr":"127.0.0.1","hostScope":"pn-rtbkit","name":"tcp","port":18000},{"name":"zeromq","socketType":6,"uri":"tcp://127.0.0.1:18000"}],"zmqConnectUri":"tcp://127.0.0.1:18000"},{"transports":[{"addr":"172.16.20.114","hostScope":"*","name":"tcp","port":18000},{"name":"zeromq","socketType":6,"uri":"tcp://pn-rtbkit:18000"}],"zmqConnectUri":"tcp://pn-rtbkit:18000"}]
serviceClass/rtbAgentConfiguration/agentConfigurationService --> {"serviceLocation":"berlin","serviceName":"agentConfigurationService","servicePath":"agentConfigurationService"}
serviceClass/rtbRouterAugmentation/router.augmentationLoop --> {"serviceLocation":"berlin","serviceName":"router.augmentationLoop","servicePath":"router.augmentationLoop"}
serviceClass/monitor/monitor --> {"serviceLocation":"berlin","serviceName":"monitor","servicePath":"monitor"}
serviceClass/rtbRequestRouter/router --> {"serviceLocation":"berlin","serviceName":"router","servicePath":"router"}
monitor/http/tcp --> [{"httpUri":"http://127.0.0.1:9987","transports":[{"addr":"127.0.0.1","hostScope":"pn-rtbkit","name":"tcp","port":9987},{"name":"http","uri":"http://127.0.0.1:9987"}]},{"httpUri":"http://172.16.20.114:9987","transports":[{"addr":"172.16.20.114","hostScope":"*","name":"tcp","port":9987},{"name":"http","uri":"http://172.16.20.114:9987"}]}]
monitor/zeromq/tcp --> [{"transports":[{"addr":"127.0.0.1","hostScope":"pn-rtbkit","name":"tcp","port":24000},{"name":"zeromq","socketType":6,"uri":"tcp://127.0.0.1:24000"}],"zmqConnectUri":"tcp://127.0.0.1:24000"},{"transports":[{"addr":"172.16.20.114","hostScope":"*","name":"tcp","port":24000},{"name":"zeromq","socketType":6,"uri":"tcp://pn-rtbkit:24000"}],"zmqConnectUri":"tcp://pn-rtbkit:24000"}]
agentConfigurationService/rest/http/tcp --> [{"httpUri":"http://127.0.0.1:9986","transports":[{"addr":"127.0.0.1","hostScope":"pn-rtbkit","name":"tcp","port":9986},{"name":"http","uri":"http://127.0.0.1:9986"}]},{"httpUri":"http://172.16.20.114:9986","transports":[{"addr":"172.16.20.114","hostScope":"*","name":"tcp","port":9986},{"name":"http","uri":"http://172.16.20.114:9986"}]}]
agentConfigurationService/rest/zeromq/tcp --> [{"transports":[{"addr":"127.0.0.1","hostScope":"pn-rtbkit","name":"tcp","port":23000},{"name":"zeromq","socketType":6,"uri":"tcp://127.0.0.1:23000"}],"zmqConnectUri":"tcp://127.0.0.1:23000"},{"transports":[{"addr":"172.16.20.114","hostScope":"*","name":"tcp","port":23000},{"name":"zeromq","socketType":6,"uri":"tcp://pn-rtbkit:23000"}],"zmqConnectUri":"tcp://pn-rtbkit:23000"}]
agentConfigurationService/listen/tcp --> [{"transports":[{"addr":"127.0.0.1","hostScope":"pn-rtbkit","name":"tcp","port":19000},{"name":"zeromq","socketType":6,"uri":"tcp://127.0.0.1:19000"}],"zmqConnectUri":"tcp://127.0.0.1:19000"},{"transports":[{"addr":"172.16.20.114","hostScope":"*","name":"tcp","port":19000},{"name":"zeromq","socketType":6,"uri":"tcp://pn-rtbkit:19000"}],"zmqConnectUri":"tcp://pn-rtbkit:19000"}]
agentConfigurationService/agents/tcp --> [{"transports":[{"addr":"127.0.0.1","hostScope":"pn-rtbkit","name":"tcp","port":15000},{"name":"zeromq","socketType":6,"uri":"tcp://127.0.0.1:15000"}],"zmqConnectUri":"tcp://127.0.0.1:15000"},{"transports":[{"addr":"172.16.20.114","hostScope":"*","name":"tcp","port":15000},{"name":"zeromq","socketType":6,"uri":"tcp://pn-rtbkit:15000"}],"zmqConnectUri":"tcp://pn-rtbkit:15000"}]


rtbAgentConfiguration: 
    agentConfigurationService OK  2014-06-25 11:35:51  Alive
rtbBanker: 
rtbDataLogger: 
    data_logger          OK  2014-06-25 11:35:51  Alive
rtbPostAuctionService: 
rtbRequestRouter: 
    router               ERR 2014-06-25 11:35:51  Connection to PAL: ERROR


rtbAgentConfiguration: 
    agentConfigurationService OK  2014-06-25 11:36:01  Alive
rtbBanker: 
rtbDataLogger: 
    data_logger          OK  2014-06-25 11:36:01  Alive
rtbPostAuctionService: 
rtbRequestRouter: 
    router               ERR 2014-06-25 11:36:01  Connection to PAL: ERROR


rtbAgentConfiguration: 
    agentConfigurationService OK  2014-06-25 11:36:11  Alive
rtbBanker: 
rtbDataLogger: 
    data_logger          OK  2014-06-25 11:36:11  Alive
rtbPostAuctionService: 
rtbRequestRouter: 
    router               ERR 2014-06-25 11:36:11  Connection to PAL: ERROR


rtbAgentConfiguration: 
    agentConfigurationService OK  2014-06-25 11:36:21  Alive
rtbBanker: 
rtbDataLogger: 
    data_logger          OK  2014-06-25 11:36:21  Alive
rtbPostAuctionService: 
rtbRequestRouter: 
    router               ERR 2014-06-25 11:36:21  Connection to PAL: ERROR


rtbAgentConfiguration: 
    agentConfigurationService OK  2014-06-25 11:36:31  Alive
rtbBanker: 
rtbDataLogger: 
    data_logger          OK  2014-06-25 11:36:31  Alive
rtbPostAuctionService: 
rtbRequestRouter: 
    router               ERR 2014-06-25 11:36:31  Connection to PAL: ERROR


rtbAgentConfiguration: 
    agentConfigurationService OK  2014-06-25 11:36:41  Alive
rtbBanker: 
rtbDataLogger: 
    data_logger          OK  2014-06-25 11:36:41  Alive
rtbPostAuctionService: 
rtbRequestRouter: 
    router               ERR 2014-06-25 11:36:41  Connection to PAL: ERROR


rtbAgentConfiguration: 
    agentConfigurationService OK  2014-06-25 11:36:51  Alive
rtbBanker: 
rtbDataLogger: 
    data_logger          OK  2014-06-25 11:36:51  Alive
rtbPostAuctionService: 
rtbRequestRouter: 
    router               ERR 2014-06-25 11:36:51  Connection to PAL: ERROR


rtbAgentConfiguration: 
    agentConfigurationService OK  2014-06-25 11:37:01  Alive
rtbBanker: 
rtbDataLogger: 
    data_logger          OK  2014-06-25 11:37:01  Alive
rtbPostAuctionService: 
rtbRequestRouter: 
    router               ERR 2014-06-25 11:37:01  Connection to PAL: ERROR


rtbAgentConfiguration: 
    agentConfigurationService OK  2014-06-25 11:37:11  Alive
rtbBanker: 
rtbDataLogger: 
    data_logger          OK  2014-06-25 11:37:11  Alive
rtbPostAuctionService: 
rtbRequestRouter: 
    router               ERR 2014-06-25 11:37:11  Connection to PAL: ERROR


rtbAgentConfiguration: 
    agentConfigurationService OK  2014-06-25 11:37:21  Alive
rtbBanker: 
rtbDataLogger: 
    data_logger          OK  2014-06-25 11:37:21  Alive
rtbPostAuctionService: 
rtbRequestRouter: 
    router               ERR 2014-06-25 11:37:21  Connection to PAL: ERROR


rtbAgentConfiguration: 
    agentConfigurationService OK  2014-06-25 11:37:31  Alive
rtbBanker: 
rtbDataLogger: 
    data_logger          OK  2014-06-25 11:37:31  Alive
rtbPostAuctionService: 
rtbRequestRouter: 
    router               ERR 2014-06-25 11:37:31  Connection to PAL: ERROR


rtbAgentConfiguration: 
    agentConfigurationService OK  2014-06-25 11:37:41  Alive
rtbBanker: 
rtbDataLogger: 
    data_logger          OK  2014-06-25 11:37:41  Alive
rtbPostAuctionService: 
rtbRequestRouter: 
    router               ERR 2014-06-25 11:37:41  Connection to PAL: ERROR


rtbAgentConfiguration: 
    agentConfigurationService OK  2014-06-25 11:37:51  Alive
rtbBanker: 
rtbDataLogger: 
    data_logger          OK  2014-06-25 11:37:51  Alive
rtbPostAuctionService: 
rtbRequestRouter: 
    router               ERR 2014-06-25 11:37:51  Connection to PAL: ERROR


rtbAgentConfiguration: 
    agentConfigurationService OK  2014-06-25 11:38:01  Alive
rtbBanker: 
rtbDataLogger: 
    data_logger          OK  2014-06-25 11:38:01  Alive
rtbPostAuctionService: 
rtbRequestRouter: 
    router               ERR 2014-06-25 11:38:01  Connection to PAL: ERROR


rtbAgentConfiguration: 
    agentConfigurationService OK  2014-06-25 11:38:11  Alive
rtbBanker: 
rtbDataLogger: 
    data_logger          OK  2014-06-25 11:38:11  Alive
rtbPostAuctionService: 
rtbRequestRouter: 
    router               ERR 2014-06-25 11:38:11  Connection to PAL: ERROR


rtbAgentConfiguration: 
    agentConfigurationService OK  2014-06-25 11:38:21  Alive
rtbBanker: 
rtbDataLogger: 
    data_logger          OK  2014-06-25 11:38:21  Alive
rtbPostAuctionService: 
rtbRequestRouter: 
    router               ERR 2014-06-25 11:38:21  Connection to PAL: ERROR


rtbAgentConfiguration: 
    agentConfigurationService OK  2014-06-25 11:38:31  Alive
rtbBanker: 
rtbDataLogger: 
    data_logger          OK  2014-06-25 11:38:31  Alive
rtbPostAuctionService: 
rtbRequestRouter: 
    router               ERR 2014-06-25 11:38:31  Connection to PAL: ERROR


rtbAgentConfiguration: 
    agentConfigurationService OK  2014-06-25 11:38:41  Alive
rtbBanker: 
rtbDataLogger: 
    data_logger          OK  2014-06-25 11:38:41  Alive
rtbPostAuctionService: 
rtbRequestRouter: 
    router               ERR 2014-06-25 11:38:41  Connection to PAL: ERROR


rtbAgentConfiguration: 
    agentConfigurationService OK  2014-06-25 11:38:51  Alive
rtbBanker: 
rtbDataLogger: 
    data_logger          OK  2014-06-25 11:38:51  Alive
rtbPostAuctionService: 
rtbRequestRouter: 
    router               ERR 2014-06-25 11:38:51  Connection to PAL: ERROR


rtbAgentConfiguration: 
    agentConfigurationService OK  2014-06-25 11:39:01  Alive
rtbBanker: 
rtbDataLogger: 
    data_logger          OK  2014-06-25 11:39:01  Alive
rtbPostAuctionService: 
rtbRequestRouter: 
    router               ERR 2014-06-25 11:39:01  Connection to PAL: ERROR


rtbAgentConfiguration: 
    agentConfigurationService OK  2014-06-25 11:39:11  Alive
rtbBanker: 
rtbDataLogger: 
    data_logger          OK  2014-06-25 11:39:11  Alive
rtbPostAuctionService: 
rtbRequestRouter: 
    router               ERR 2014-06-25 11:39:11  Connection to PAL: ERROR


rtbAgentConfiguration: 
    agentConfigurationService OK  2014-06-25 11:39:21  Alive
rtbBanker: 
rtbDataLogger: 
    data_logger          OK  2014-06-25 11:39:21  Alive
rtbPostAuctionService: 
rtbRequestRouter: 
    router               ERR 2014-06-25 11:39:21  Connection to PAL: ERROR


rtbAgentConfiguration: 
    agentConfigurationService OK  2014-06-25 11:39:31  Alive
rtbBanker: 
rtbDataLogger: 
    data_logger          OK  2014-06-25 11:39:31  Alive
rtbPostAuctionService: 
rtbRequestRouter: 
    router               ERR 2014-06-25 11:39:31  Connection to PAL: ERROR


rtbAgentConfiguration: 
    agentConfigurationService OK  2014-06-25 11:39:41  Alive
rtbBanker: 
rtbDataLogger: 
    data_logger          OK  2014-06-25 11:39:41  Alive
rtbPostAuctionService: 
rtbRequestRouter: 
    router               ERR 2014-06-25 11:39:41  Connection to PAL: ERROR


rtbAgentConfiguration: 
    agentConfigurationService OK  2014-06-25 11:39:51  Alive
rtbBanker: 
rtbDataLogger: 
    data_logger          OK  2014-06-25 11:39:51  Alive
rtbPostAuctionService: 
rtbRequestRouter: 
    router               ERR 2014-06-25 11:39:51  Connection to PAL: ERROR


rtbAgentConfiguration: 
    agentConfigurationService OK  2014-06-25 11:40:01  Alive
rtbBanker: 
rtbDataLogger: 
    data_logger          OK  2014-06-25 11:40:01  Alive
rtbPostAuctionService: 
rtbRequestRouter: 
    router               ERR 2014-06-25 11:40:01  Connection to PAL: ERROR


rtbAgentConfiguration: 
    agentConfigurationService OK  2014-06-25 11:40:11  Alive
rtbBanker: 
rtbDataLogger: 
    data_logger          OK  2014-06-25 11:40:11  Alive
rtbPostAuctionService: 
rtbRequestRouter: 
    router               ERR 2014-06-25 11:40:11  Connection to PAL: ERROR


rtbAgentConfiguration: 
    agentConfigurationService OK  2014-06-25 11:40:21  Alive
rtbBanker: 
rtbDataLogger: 
    data_logger          OK  2014-06-25 11:40:21  Alive
rtbPostAuctionService: 
rtbRequestRouter: 
    router               ERR 2014-06-25 11:40:21  Connection to PAL: ERROR


rtbAgentConfiguration: 
    agentConfigurationService OK  2014-06-25 11:40:31  Alive
rtbBanker: 
rtbDataLogger: 
    data_logger          OK  2014-06-25 11:40:31  Alive
rtbPostAuctionService: 
rtbRequestRouter: 
    router               ERR 2014-06-25 11:40:31  Connection to PAL: ERROR


rtbAgentConfiguration: 
    agentConfigurationService OK  2014-06-25 11:40:41  Alive
rtbBanker: 
rtbDataLogger: 
    data_logger          OK  2014-06-25 11:40:41  Alive
rtbPostAuctionService: 
rtbRequestRouter: 
    router               ERR 2014-06-25 11:40:41  Connection to PAL: ERROR


rtbAgentConfiguration: 
    agentConfigurationService OK  2014-06-25 11:40:51  Alive
rtbBanker: 
rtbDataLogger: 
    data_logger          OK  2014-06-25 11:40:51  Alive
rtbPostAuctionService: 
rtbRequestRouter: 
    router               ERR 2014-06-25 11:40:51  Connection to PAL: ERROR


rtbAgentConfiguration: 
    agentConfigurationService OK  2014-06-25 11:41:01  Alive
rtbBanker: 
rtbDataLogger: 
    data_logger          OK  2014-06-25 11:41:01  Alive
rtbPostAuctionService: 
rtbRequestRouter: 
    router               ERR 2014-06-25 11:41:01  Connection to PAL: ERROR


rtbAgentConfiguration: 
    agentConfigurationService OK  2014-06-25 11:41:11  Alive
rtbBanker: 
rtbDataLogger: 
    data_logger          OK  2014-06-25 11:41:11  Alive
rtbPostAuctionService: 
rtbRequestRouter: 
    router               ERR 2014-06-25 11:41:11  Connection to PAL: ERROR


rtbAgentConfiguration: 
    agentConfigurationService OK  2014-06-25 11:41:21  Alive
rtbBanker: 
rtbDataLogger: 
    data_logger          OK  2014-06-25 11:41:21  Alive
rtbPostAuctionService: 
rtbRequestRouter: 
    router               ERR 2014-06-25 11:41:21  Connection to PAL: ERROR


rtbAgentConfiguration: 
    agentConfigurationService OK  2014-06-25 11:41:31  Alive
rtbBanker: 
rtbDataLogger: 
    data_logger          OK  2014-06-25 11:41:31  Alive
rtbPostAuctionService: 
rtbRequestRouter: 
    router               ERR 2014-06-25 11:41:31  Connection to PAL: ERROR
