connecting to Carbon at 127.0.0.1:2003 (localhost)
2014-06-24 16:31:23.279 PostAuctionService ./rtbkit/core/post_auction/post_auction_service.cc:114 - void RTBKIT::PostAuctionService::initMatcher(size_t) [1;31mCreating SimpleEventMatcher[0m
2014-06-24 16:31:23.285 PostAuctionService ./rtbkit/core/post_auction/post_auction_service.cc:156 - void RTBKIT::PostAuctionService::initConnections() [1;31mpost auction logger on PostAuctionLoop/logger[0m
2014-06-24 16:31:23.323 ZMQ ./soa/service/zmq_endpoint.cc:447 - bool Datacratic::ZmqNamedProxy::connect(const string&, Datacratic::ConnectionStyle) [1;31mconnecting to agentConfigurationService/listen[0m
2014-06-24 16:31:23.365 ZMQ ./soa/service/zmq_endpoint.cc:494 - bool Datacratic::ZmqNamedProxy::connect(const string&, Datacratic::ConnectionStyle) [1;31mconnected to tcp://127.0.0.1:19000[0m
2014-06-24 16:31:23.410 ZMQ ./soa/service/zmq_endpoint.cc:447 - bool Datacratic::ZmqNamedProxy::connect(const string&, Datacratic::ConnectionStyle) [1;31mconnecting to monitor/zeromq[0m
2014-06-24 16:31:23.422 ZMQ ./soa/service/zmq_endpoint.cc:494 - bool Datacratic::ZmqNamedProxy::connect(const string&, Datacratic::ConnectionStyle) [1;31mconnected to tcp://127.0.0.1:24000[0m
2014-06-24 16:31:23.422 PostAuctionService ./rtbkit/core/post_auction/post_auction_runner.cc:96 - void RTBKIT::PostAuctionRunner::init() [1;31mwin timeout is 3600[0m
2014-06-24 16:31:23.422 PostAuctionService ./rtbkit/core/post_auction/post_auction_runner.cc:97 - void RTBKIT::PostAuctionRunner::init() [1;31mauction timeout is 900[0m
2014-06-24 16:31:23.442 ZMQ ./soa/service/zmq_endpoint.cc:447 - bool Datacratic::ZmqNamedProxy::connect(const string&, Datacratic::ConnectionStyle) [1;31mconnecting to masterBanker/zeromq[0m
2014-06-24 16:31:23.448 ZMQ ./soa/service/zmq_endpoint.cc:494 - bool Datacratic::ZmqNamedProxy::connect(const string&, Datacratic::ConnectionStyle) [1;31mconnected to tcp://127.0.0.1:22000[0m
2014-06-24 16:31:23.565 PostAuctionService ./rtbkit/core/post_auction/post_auction_runner.cc:149 - RTBKIT::PostAuctionService::Stats report(const RTBKIT::PostAuctionService&, double, const RTBKIT::PostAuctionService::Stats&) [1;31m
  0.00  bids/sec
  0.00  events/sec
  0.00  wins/sec
184.47? loss/sec
  0.00  unmatched
  0.00  errors[0m
got configuration message fixed-price-agent-ex_4978
********* calling addSpendAccount for hello:world for SlaveBanker PostAuctionLoop.slaveBanker
2014-06-24 16:31:33.575 PostAuctionService ./rtbkit/core/post_auction/post_auction_runner.cc:149 - RTBKIT::PostAuctionService::Stats report(const RTBKIT::PostAuctionService&, double, const RTBKIT::PostAuctionService::Stats&) [1;31m
  0.00  bids/sec
  0.00  events/sec
  0.00  wins/sec
  0.00  loss/sec
  0.00  unmatched
  0.00  errors[0m
2014-06-24 16:31:43.583 PostAuctionService ./rtbkit/core/post_auction/post_auction_runner.cc:149 - RTBKIT::PostAuctionService::Stats report(const RTBKIT::PostAuctionService&, double, const RTBKIT::PostAuctionService::Stats&) [1;31m
  0.00  bids/sec
  0.00  events/sec
  0.00  wins/sec
  0.00  loss/sec
  0.00  unmatched
  0.00  errors[0m
2014-06-24 16:31:53.594 PostAuctionService ./rtbkit/core/post_auction/post_auction_runner.cc:149 - RTBKIT::PostAuctionService::Stats report(const RTBKIT::PostAuctionService&, double, const RTBKIT::PostAuctionService::Stats&) [1;31m
  0.00  bids/sec
  0.00  events/sec
  0.00  wins/sec
  0.00  loss/sec
  0.00  unmatched
  0.00  errors[0m
2014-06-24 16:32:03.604 PostAuctionService ./rtbkit/core/post_auction/post_auction_runner.cc:149 - RTBKIT::PostAuctionService::Stats report(const RTBKIT::PostAuctionService&, double, const RTBKIT::PostAuctionService::Stats&) [1;31m
  0.00  bids/sec
  0.00  events/sec
  0.00  wins/sec
  0.00  loss/sec
  0.00  unmatched
  0.00  errors[0m
2014-06-24 16:32:13.612 PostAuctionService ./rtbkit/core/post_auction/post_auction_runner.cc:149 - RTBKIT::PostAuctionService::Stats report(const RTBKIT::PostAuctionService&, double, const RTBKIT::PostAuctionService::Stats&) [1;31m
  0.00  bids/sec
  0.00  events/sec
  0.00  wins/sec
  0.00  loss/sec
  0.00  unmatched
  0.00  errors[0m
2014-06-24 16:32:23.623 PostAuctionService ./rtbkit/core/post_auction/post_auction_runner.cc:149 - RTBKIT::PostAuctionService::Stats report(const RTBKIT::PostAuctionService&, double, const RTBKIT::PostAuctionService::Stats&) [1;31m
  0.00  bids/sec
  0.00  events/sec
  0.00  wins/sec
  0.00  loss/sec
  0.00  unmatched
  0.00  errors[0m
2014-06-24 16:32:33.635 PostAuctionService ./rtbkit/core/post_auction/post_auction_runner.cc:149 - RTBKIT::PostAuctionService::Stats report(const RTBKIT::PostAuctionService&, double, const RTBKIT::PostAuctionService::Stats&) [1;31m
  0.00  bids/sec
  0.00  events/sec
  0.00  wins/sec
  0.00  loss/sec
  0.00  unmatched
  0.00  errors[0m
2014-06-24 16:32:43.645 PostAuctionService ./rtbkit/core/post_auction/post_auction_runner.cc:149 - RTBKIT::PostAuctionService::Stats report(const RTBKIT::PostAuctionService&, double, const RTBKIT::PostAuctionService::Stats&) [1;31m
  0.00  bids/sec
  0.00  events/sec
  0.00  wins/sec
  0.00  loss/sec
  0.00  unmatched
  0.00  errors[0m
2014-06-24 16:32:53.657 PostAuctionService ./rtbkit/core/post_auction/post_auction_runner.cc:149 - RTBKIT::PostAuctionService::Stats report(const RTBKIT::PostAuctionService&, double, const RTBKIT::PostAuctionService::Stats&) [1;31m
  0.00  bids/sec
  0.00  events/sec
  0.00  wins/sec
  0.00  loss/sec
  0.00  unmatched
  0.00  errors[0m
2014-06-24 16:33:03.667 PostAuctionService ./rtbkit/core/post_auction/post_auction_runner.cc:149 - RTBKIT::PostAuctionService::Stats report(const RTBKIT::PostAuctionService&, double, const RTBKIT::PostAuctionService::Stats&) [1;31m
  0.00  bids/sec
  0.00  events/sec
  0.00  wins/sec
  0.00  loss/sec
  0.00  unmatched
  0.00  errors[0m
2014-06-24 16:33:13.678 PostAuctionService ./rtbkit/core/post_auction/post_auction_runner.cc:149 - RTBKIT::PostAuctionService::Stats report(const RTBKIT::PostAuctionService&, double, const RTBKIT::PostAuctionService::Stats&) [1;31m
  0.00  bids/sec
  0.00  events/sec
  0.00  wins/sec
  0.00  loss/sec
  0.00  unmatched
  0.00  errors[0m
2014-06-24 16:33:23.688 PostAuctionService ./rtbkit/core/post_auction/post_auction_runner.cc:149 - RTBKIT::PostAuctionService::Stats report(const RTBKIT::PostAuctionService&, double, const RTBKIT::PostAuctionService::Stats&) [1;31m
  0.00  bids/sec
  0.00  events/sec
  0.00  wins/sec
  0.00  loss/sec
  0.00  unmatched
  0.00  errors[0m
2014-06-24 16:33:33.699 PostAuctionService ./rtbkit/core/post_auction/post_auction_runner.cc:149 - RTBKIT::PostAuctionService::Stats report(const RTBKIT::PostAuctionService&, double, const RTBKIT::PostAuctionService::Stats&) [1;31m
  0.00  bids/sec
  0.00  events/sec
  0.00  wins/sec
  0.00  loss/sec
  0.00  unmatched
  0.00  errors[0m
2014-06-24 16:33:43.710 PostAuctionService ./rtbkit/core/post_auction/post_auction_runner.cc:149 - RTBKIT::PostAuctionService::Stats report(const RTBKIT::PostAuctionService&, double, const RTBKIT::PostAuctionService::Stats&) [1;31m
  0.00  bids/sec
  0.00  events/sec
  0.00  wins/sec
  0.00  loss/sec
  0.00  unmatched
  0.00  errors[0m
2014-06-24 16:33:53.720 PostAuctionService ./rtbkit/core/post_auction/post_auction_runner.cc:149 - RTBKIT::PostAuctionService::Stats report(const RTBKIT::PostAuctionService&, double, const RTBKIT::PostAuctionService::Stats&) [1;31m
  0.00  bids/sec
  0.00  events/sec
  0.00  wins/sec
  0.00  loss/sec
  0.00  unmatched
  0.00  errors[0m
2014-06-24 16:34:03.730 PostAuctionService ./rtbkit/core/post_auction/post_auction_runner.cc:149 - RTBKIT::PostAuctionService::Stats report(const RTBKIT::PostAuctionService&, double, const RTBKIT::PostAuctionService::Stats&) [1;31m
  0.00  bids/sec
  0.00  events/sec
  0.00  wins/sec
  0.00  loss/sec
  0.00  unmatched
  0.00  errors[0m
2014-06-24 16:34:13.740 PostAuctionService ./rtbkit/core/post_auction/post_auction_runner.cc:149 - RTBKIT::PostAuctionService::Stats report(const RTBKIT::PostAuctionService&, double, const RTBKIT::PostAuctionService::Stats&) [1;31m
  0.00  bids/sec
  0.00  events/sec
  0.00  wins/sec
  0.00  loss/sec
  0.00  unmatched
  0.00  errors[0m
2014-06-24 16:34:23.750 PostAuctionService ./rtbkit/core/post_auction/post_auction_runner.cc:149 - RTBKIT::PostAuctionService::Stats report(const RTBKIT::PostAuctionService&, double, const RTBKIT::PostAuctionService::Stats&) [1;31m
  0.00  bids/sec
  0.00  events/sec
  0.00  wins/sec
  0.00  loss/sec
  0.00  unmatched
  0.00  errors[0m
2014-06-24 16:34:33.761 PostAuctionService ./rtbkit/core/post_auction/post_auction_runner.cc:149 - RTBKIT::PostAuctionService::Stats report(const RTBKIT::PostAuctionService&, double, const RTBKIT::PostAuctionService::Stats&) [1;31m
  0.00  bids/sec
  0.00  events/sec
  0.00  wins/sec
  0.00  loss/sec
  0.00  unmatched
  0.00  errors[0m
2014-06-24 16:34:43.772 PostAuctionService ./rtbkit/core/post_auction/post_auction_runner.cc:149 - RTBKIT::PostAuctionService::Stats report(const RTBKIT::PostAuctionService&, double, const RTBKIT::PostAuctionService::Stats&) [1;31m
  0.00  bids/sec
  0.00  events/sec
  0.00  wins/sec
  0.00  loss/sec
  0.00  unmatched
  0.00  errors[0m
2014-06-24 16:34:53.782 PostAuctionService ./rtbkit/core/post_auction/post_auction_runner.cc:149 - RTBKIT::PostAuctionService::Stats report(const RTBKIT::PostAuctionService&, double, const RTBKIT::PostAuctionService::Stats&) [1;31m
  0.00  bids/sec
  0.00  events/sec
  0.00  wins/sec
  0.00  loss/sec
  0.00  unmatched
  0.00  errors[0m
2014-06-24 16:35:03.793 PostAuctionService ./rtbkit/core/post_auction/post_auction_runner.cc:149 - RTBKIT::PostAuctionService::Stats report(const RTBKIT::PostAuctionService&, double, const RTBKIT::PostAuctionService::Stats&) [1;31m
  0.00  bids/sec
  0.00  events/sec
  0.00  wins/sec
  0.00  loss/sec
  0.00  unmatched
  0.00  errors[0m
2014-06-24 16:35:13.800 PostAuctionService ./rtbkit/core/post_auction/post_auction_runner.cc:149 - RTBKIT::PostAuctionService::Stats report(const RTBKIT::PostAuctionService&, double, const RTBKIT::PostAuctionService::Stats&) [1;31m
  0.00  bids/sec
  0.00  events/sec
  0.00  wins/sec
  0.00  loss/sec
  0.00  unmatched
  0.00  errors[0m
2014-06-24 16:35:23.810 PostAuctionService ./rtbkit/core/post_auction/post_auction_runner.cc:149 - RTBKIT::PostAuctionService::Stats report(const RTBKIT::PostAuctionService&, double, const RTBKIT::PostAuctionService::Stats&) [1;31m
  0.00  bids/sec
  0.00  events/sec
  0.00  wins/sec
  0.00  loss/sec
  0.00  unmatched
  0.00  errors[0m
2014-06-24 16:35:33.820 PostAuctionService ./rtbkit/core/post_auction/post_auction_runner.cc:149 - RTBKIT::PostAuctionService::Stats report(const RTBKIT::PostAuctionService&, double, const RTBKIT::PostAuctionService::Stats&) [1;31m
  0.00  bids/sec
  0.00  events/sec
  0.00  wins/sec
  0.00  loss/sec
  0.00  unmatched
  0.00  errors[0m
2014-06-24 16:35:43.830 PostAuctionService ./rtbkit/core/post_auction/post_auction_runner.cc:149 - RTBKIT::PostAuctionService::Stats report(const RTBKIT::PostAuctionService&, double, const RTBKIT::PostAuctionService::Stats&) [1;31m
  0.00  bids/sec
  0.00  events/sec
  0.00  wins/sec
  0.00  loss/sec
  0.00  unmatched
  0.00  errors[0m
2014-06-24 16:35:53.840 PostAuctionService ./rtbkit/core/post_auction/post_auction_runner.cc:149 - RTBKIT::PostAuctionService::Stats report(const RTBKIT::PostAuctionService&, double, const RTBKIT::PostAuctionService::Stats&) [1;31m
  0.00  bids/sec
  0.00  events/sec
  0.00  wins/sec
  0.00  loss/sec
  0.00  unmatched
  0.00  errors[0m
2014-06-24 16:36:03.848 PostAuctionService ./rtbkit/core/post_auction/post_auction_runner.cc:149 - RTBKIT::PostAuctionService::Stats report(const RTBKIT::PostAuctionService&, double, const RTBKIT::PostAuctionService::Stats&) [1;31m
  0.00  bids/sec
  0.00  events/sec
  0.00  wins/sec
  0.00  loss/sec
  0.00  unmatched
  0.00  errors[0m
2014-06-24 16:36:13.861 PostAuctionService ./rtbkit/core/post_auction/post_auction_runner.cc:149 - RTBKIT::PostAuctionService::Stats report(const RTBKIT::PostAuctionService&, double, const RTBKIT::PostAuctionService::Stats&) [1;31m
  0.00  bids/sec
  0.00  events/sec
  0.00  wins/sec
  0.00  loss/sec
  0.00  unmatched
  0.00  errors[0m
2014-06-24 16:36:23.868 PostAuctionService ./rtbkit/core/post_auction/post_auction_runner.cc:149 - RTBKIT::PostAuctionService::Stats report(const RTBKIT::PostAuctionService&, double, const RTBKIT::PostAuctionService::Stats&) [1;31m
  0.00  bids/sec
  0.00  events/sec
  0.00  wins/sec
  0.00  loss/sec
  0.00  unmatched
  0.00  errors[0m
2014-06-24 16:36:33.876 PostAuctionService ./rtbkit/core/post_auction/post_auction_runner.cc:149 - RTBKIT::PostAuctionService::Stats report(const RTBKIT::PostAuctionService&, double, const RTBKIT::PostAuctionService::Stats&) [1;31m
  0.00  bids/sec
  0.00  events/sec
  0.00  wins/sec
  0.00  loss/sec
  0.00  unmatched
  0.00  errors[0m
2014-06-24 16:36:43.886 PostAuctionService ./rtbkit/core/post_auction/post_auction_runner.cc:149 - RTBKIT::PostAuctionService::Stats report(const RTBKIT::PostAuctionService&, double, const RTBKIT::PostAuctionService::Stats&) [1;31m
  0.00  bids/sec
  0.00  events/sec
  0.00  wins/sec
  0.00  loss/sec
  0.00  unmatched
  0.00  errors[0m
2014-06-24 16:36:53.897 PostAuctionService ./rtbkit/core/post_auction/post_auction_runner.cc:149 - RTBKIT::PostAuctionService::Stats report(const RTBKIT::PostAuctionService&, double, const RTBKIT::PostAuctionService::Stats&) [1;31m
  0.00  bids/sec
  0.00  events/sec
  0.00  wins/sec
  0.00  loss/sec
  0.00  unmatched
  0.00  errors[0m
2014-06-24 16:37:03.908 PostAuctionService ./rtbkit/core/post_auction/post_auction_runner.cc:149 - RTBKIT::PostAuctionService::Stats report(const RTBKIT::PostAuctionService&, double, const RTBKIT::PostAuctionService::Stats&) [1;31m
  0.00  bids/sec
  0.00  events/sec
  0.00  wins/sec
  0.00  loss/sec
  0.00  unmatched
  0.00  errors[0m
2014-06-24 16:37:13.919 PostAuctionService ./rtbkit/core/post_auction/post_auction_runner.cc:149 - RTBKIT::PostAuctionService::Stats report(const RTBKIT::PostAuctionService&, double, const RTBKIT::PostAuctionService::Stats&) [1;31m
  0.00  bids/sec
  0.00  events/sec
  0.00  wins/sec
  0.00  loss/sec
  0.00  unmatched
  0.00  errors[0m
2014-06-24 16:37:23.929 PostAuctionService ./rtbkit/core/post_auction/post_auction_runner.cc:149 - RTBKIT::PostAuctionService::Stats report(const RTBKIT::PostAuctionService&, double, const RTBKIT::PostAuctionService::Stats&) [1;31m
  0.00  bids/sec
  0.00  events/sec
  0.00  wins/sec
  0.00  loss/sec
  0.00  unmatched
  0.00  errors[0m
2014-06-24 16:37:33.939 PostAuctionService ./rtbkit/core/post_auction/post_auction_runner.cc:149 - RTBKIT::PostAuctionService::Stats report(const RTBKIT::PostAuctionService&, double, const RTBKIT::PostAuctionService::Stats&) [1;31m
  0.00  bids/sec
  0.00  events/sec
  0.00  wins/sec
  0.00  loss/sec
  0.00  unmatched
  0.00  errors[0m
2014-06-24 16:37:43.950 PostAuctionService ./rtbkit/core/post_auction/post_auction_runner.cc:149 - RTBKIT::PostAuctionService::Stats report(const RTBKIT::PostAuctionService&, double, const RTBKIT::PostAuctionService::Stats&) [1;31m
  0.00  bids/sec
  0.00  events/sec
  0.00  wins/sec
  0.00  loss/sec
  0.00  unmatched
  0.00  errors[0m
2014-06-24 16:37:53.960 PostAuctionService ./rtbkit/core/post_auction/post_auction_runner.cc:149 - RTBKIT::PostAuctionService::Stats report(const RTBKIT::PostAuctionService&, double, const RTBKIT::PostAuctionService::Stats&) [1;31m
  0.00  bids/sec
  0.00  events/sec
  0.00  wins/sec
  0.00  loss/sec
  0.00  unmatched
  0.00  errors[0m
2014-06-24 16:38:03.970 PostAuctionService ./rtbkit/core/post_auction/post_auction_runner.cc:149 - RTBKIT::PostAuctionService::Stats report(const RTBKIT::PostAuctionService&, double, const RTBKIT::PostAuctionService::Stats&) [1;31m
  0.00  bids/sec
  0.00  events/sec
  0.00  wins/sec
  0.00  loss/sec
  0.00  unmatched
  0.00  errors[0m
2014-06-24 16:38:13.980 PostAuctionService ./rtbkit/core/post_auction/post_auction_runner.cc:149 - RTBKIT::PostAuctionService::Stats report(const RTBKIT::PostAuctionService&, double, const RTBKIT::PostAuctionService::Stats&) [1;31m
  0.00  bids/sec
  0.00  events/sec
  0.00  wins/sec
  0.00  loss/sec
  0.00  unmatched
  0.00  errors[0m
2014-06-24 16:38:23.990 PostAuctionService ./rtbkit/core/post_auction/post_auction_runner.cc:149 - RTBKIT::PostAuctionService::Stats report(const RTBKIT::PostAuctionService&, double, const RTBKIT::PostAuctionService::Stats&) [1;31m
  0.00  bids/sec
  0.00  events/sec
  0.00  wins/sec
  0.00  loss/sec
  0.00  unmatched
  0.00  errors[0m
2014-06-24 16:38:34.000 PostAuctionService ./rtbkit/core/post_auction/post_auction_runner.cc:149 - RTBKIT::PostAuctionService::Stats report(const RTBKIT::PostAuctionService&, double, const RTBKIT::PostAuctionService::Stats&) [1;31m
  0.00  bids/sec
  0.00  events/sec
  0.00  wins/sec
  0.00  loss/sec
  0.00  unmatched
  0.00  errors[0m
2014-06-24 16:38:44.011 PostAuctionService ./rtbkit/core/post_auction/post_auction_runner.cc:149 - RTBKIT::PostAuctionService::Stats report(const RTBKIT::PostAuctionService&, double, const RTBKIT::PostAuctionService::Stats&) [1;31m
  0.00  bids/sec
  0.00  events/sec
  0.00  wins/sec
  0.00  loss/sec
  0.00  unmatched
  0.00  errors[0m
2014-06-24 16:38:54.021 PostAuctionService ./rtbkit/core/post_auction/post_auction_runner.cc:149 - RTBKIT::PostAuctionService::Stats report(const RTBKIT::PostAuctionService&, double, const RTBKIT::PostAuctionService::Stats&) [1;31m
  0.00  bids/sec
  0.00  events/sec
  0.00  wins/sec
  0.00  loss/sec
  0.00  unmatched
  0.00  errors[0m
2014-06-24 16:39:04.034 PostAuctionService ./rtbkit/core/post_auction/post_auction_runner.cc:149 - RTBKIT::PostAuctionService::Stats report(const RTBKIT::PostAuctionService&, double, const RTBKIT::PostAuctionService::Stats&) [1;31m
  0.00  bids/sec
  0.00  events/sec
  0.00  wins/sec
  0.00  loss/sec
  0.00  unmatched
  0.00  errors[0m
2014-06-24 16:39:14.044 PostAuctionService ./rtbkit/core/post_auction/post_auction_runner.cc:149 - RTBKIT::PostAuctionService::Stats report(const RTBKIT::PostAuctionService&, double, const RTBKIT::PostAuctionService::Stats&) [1;31m
  0.00  bids/sec
  0.00  events/sec
  0.00  wins/sec
  0.00  loss/sec
  0.00  unmatched
  0.00  errors[0m
2014-06-24 16:39:24.055 PostAuctionService ./rtbkit/core/post_auction/post_auction_runner.cc:149 - RTBKIT::PostAuctionService::Stats report(const RTBKIT::PostAuctionService&, double, const RTBKIT::PostAuctionService::Stats&) [1;31m
  0.00  bids/sec
  0.00  events/sec
  0.00  wins/sec
  0.00  loss/sec
  0.00  unmatched
  0.00  errors[0m
2014-06-24 16:39:34.065 PostAuctionService ./rtbkit/core/post_auction/post_auction_runner.cc:149 - RTBKIT::PostAuctionService::Stats report(const RTBKIT::PostAuctionService&, double, const RTBKIT::PostAuctionService::Stats&) [1;31m
  0.00  bids/sec
  0.00  events/sec
  0.00  wins/sec
  0.00  loss/sec
  0.00  unmatched
  0.00  errors[0m
2014-06-24 16:39:44.076 PostAuctionService ./rtbkit/core/post_auction/post_auction_runner.cc:149 - RTBKIT::PostAuctionService::Stats report(const RTBKIT::PostAuctionService&, double, const RTBKIT::PostAuctionService::Stats&) [1;31m
  0.00  bids/sec
  0.00  events/sec
  0.00  wins/sec
  0.00  loss/sec
  0.00  unmatched
  0.00  errors[0m
2014-06-24 16:39:54.086 PostAuctionService ./rtbkit/core/post_auction/post_auction_runner.cc:149 - RTBKIT::PostAuctionService::Stats report(const RTBKIT::PostAuctionService&, double, const RTBKIT::PostAuctionService::Stats&) [1;31m
  0.00  bids/sec
  0.00  events/sec
  0.00  wins/sec
  0.00  loss/sec
  0.00  unmatched
  0.00  errors[0m
2014-06-24 16:40:04.096 PostAuctionService ./rtbkit/core/post_auction/post_auction_runner.cc:149 - RTBKIT::PostAuctionService::Stats report(const RTBKIT::PostAuctionService&, double, const RTBKIT::PostAuctionService::Stats&) [1;31m
  0.00  bids/sec
  0.00  events/sec
  0.00  wins/sec
  0.00  loss/sec
  0.00  unmatched
  0.00  errors[0m
2014-06-24 16:40:14.108 PostAuctionService ./rtbkit/core/post_auction/post_auction_runner.cc:149 - RTBKIT::PostAuctionService::Stats report(const RTBKIT::PostAuctionService&, double, const RTBKIT::PostAuctionService::Stats&) [1;31m
  0.00  bids/sec
  0.00  events/sec
  0.00  wins/sec
  0.00  loss/sec
  0.00  unmatched
  0.00  errors[0m
