connecting to Carbon at 127.0.0.1:2003 (localhost)
2014-06-24 17:13:43.465 PostAuctionService ./rtbkit/core/post_auction/post_auction_service.cc:114 - void RTBKIT::PostAuctionService::initMatcher(size_t) [1;31mCreating SimpleEventMatcher[0m
2014-06-24 17:13:43.474 PostAuctionService ./rtbkit/core/post_auction/post_auction_service.cc:156 - void RTBKIT::PostAuctionService::initConnections() [1;31mpost auction logger on PostAuctionLoop/logger[0m
2014-06-24 17:13:43.477 ZMQ ./soa/service/zmq_endpoint.cc:447 - bool Datacratic::ZmqNamedProxy::connect(const string&, Datacratic::ConnectionStyle) [1;31mconnecting to agentConfigurationService/listen[0m
2014-06-24 17:13:43.479 ZMQ ./soa/service/zmq_endpoint.cc:494 - bool Datacratic::ZmqNamedProxy::connect(const string&, Datacratic::ConnectionStyle) [1;31mconnected to tcp://127.0.0.1:19000[0m
2014-06-24 17:13:43.484 ZMQ ./soa/service/zmq_endpoint.cc:447 - bool Datacratic::ZmqNamedProxy::connect(const string&, Datacratic::ConnectionStyle) [1;31mconnecting to monitor/zeromq[0m
2014-06-24 17:13:43.486 ZMQ ./soa/service/zmq_endpoint.cc:494 - bool Datacratic::ZmqNamedProxy::connect(const string&, Datacratic::ConnectionStyle) [1;31mconnected to tcp://127.0.0.1:24000[0m
2014-06-24 17:13:43.487 PostAuctionService ./rtbkit/core/post_auction/post_auction_runner.cc:96 - void RTBKIT::PostAuctionRunner::init() [1;31mwin timeout is 3600[0m
2014-06-24 17:13:43.487 PostAuctionService ./rtbkit/core/post_auction/post_auction_runner.cc:97 - void RTBKIT::PostAuctionRunner::init() [1;31mauction timeout is 900[0m
2014-06-24 17:13:43.563 PostAuctionService ./rtbkit/core/post_auction/post_auction_runner.cc:149 - RTBKIT::PostAuctionService::Stats report(const RTBKIT::PostAuctionService&, double, const RTBKIT::PostAuctionService::Stats&) [1;31m
  0.00  bids/sec
  0.00  events/sec
  0.00  wins/sec
184.47? loss/sec
  0.00  unmatched
  0.00  errors[0m
********* calling addSpendAccount for hello:world for SlaveBanker PostAuctionLoop.slaveBanker
2014-06-24 17:13:43.617 SimpleEventMatcher ./rtbkit/core/post_auction/simple_event_matcher.cc:343 - void RTBKIT::SimpleEventMatcher::doWinLoss(std::shared_ptr<RTBKIT::PostAuctionEvent>, bool) [1;31mREALLY REALLY LATE WIN event='WIN	771605775	2	2014-Jun-24 15:12:59.688778	hello:world	78USD/1M	{"prov":"2239846032","xchg":"3929974813"}	2014-Jun-24 15:12:59.691041' timeGapMs = 43926.5[0m
2014-06-24 17:13:43.618 SimpleEventMatcher ./rtbkit/core/post_auction/simple_event_matcher.cc:345 - void RTBKIT::SimpleEventMatcher::doWinLoss(std::shared_ptr<RTBKIT::PostAuctionEvent>, bool) [1;31mmessage = null[0m
2014-06-24 17:13:43.618 SimpleEventMatcher ./rtbkit/core/post_auction/simple_event_matcher.cc:346 - void RTBKIT::SimpleEventMatcher::doWinLoss(std::shared_ptr<RTBKIT::PostAuctionEvent>, bool) [1;31mbidTimestamp = 2014-Jun-24 15:12:59.691041[0m
2014-06-24 17:13:43.618 SimpleEventMatcher ./rtbkit/core/post_auction/simple_event_matcher.cc:347 - void RTBKIT::SimpleEventMatcher::doWinLoss(std::shared_ptr<RTBKIT::PostAuctionEvent>, bool) [1;31mnow = 2014-Jun-24 15:13:43.618411[0m
2014-06-24 17:13:43.618 SimpleEventMatcher ./rtbkit/core/post_auction/simple_event_matcher.cc:348 - void RTBKIT::SimpleEventMatcher::doWinLoss(std::shared_ptr<RTBKIT::PostAuctionEvent>, bool) [1;31maccount = hello:world[0m
2014-06-24 17:13:43.619 SimpleEventMatcher ./rtbkit/core/post_auction/simple_event_matcher.cc:343 - void RTBKIT::SimpleEventMatcher::doWinLoss(std::shared_ptr<RTBKIT::PostAuctionEvent>, bool) [1;31mREALLY REALLY LATE WIN event='WIN	2032871465	2	2014-Jun-24 15:13:00.637735	hello:world	61USD/1M	{"prov":"3769009981","xchg":"2411676341"}	2014-Jun-24 15:13:00.638138' timeGapMs = 42981.5[0m
2014-06-24 17:13:43.619 SimpleEventMatcher ./rtbkit/core/post_auction/simple_event_matcher.cc:345 - void RTBKIT::SimpleEventMatcher::doWinLoss(std::shared_ptr<RTBKIT::PostAuctionEvent>, bool) [1;31mmessage = null[0m
2014-06-24 17:13:43.620 SimpleEventMatcher ./rtbkit/core/post_auction/simple_event_matcher.cc:346 - void RTBKIT::SimpleEventMatcher::doWinLoss(std::shared_ptr<RTBKIT::PostAuctionEvent>, bool) [1;31mbidTimestamp = 2014-Jun-24 15:13:00.638138[0m
2014-06-24 17:13:43.620 SimpleEventMatcher ./rtbkit/core/post_auction/simple_event_matcher.cc:347 - void RTBKIT::SimpleEventMatcher::doWinLoss(std::shared_ptr<RTBKIT::PostAuctionEvent>, bool) [1;31mnow = 2014-Jun-24 15:13:43.620367[0m
2014-06-24 17:13:43.620 SimpleEventMatcher ./rtbkit/core/post_auction/simple_event_matcher.cc:348 - void RTBKIT::SimpleEventMatcher::doWinLoss(std::shared_ptr<RTBKIT::PostAuctionEvent>, bool) [1;31maccount = hello:world[0m
2014-06-24 17:13:43.621 SimpleEventMatcher ./rtbkit/core/post_auction/simple_event_matcher.cc:343 - void RTBKIT::SimpleEventMatcher::doWinLoss(std::shared_ptr<RTBKIT::PostAuctionEvent>, bool) [1;31mREALLY REALLY LATE WIN event='WIN	1675103677	1	2014-Jun-24 15:13:01.863018	hello:world	62USD/1M	{"prov":"1788652785","xchg":"25339309"}	2014-Jun-24 15:13:01.863456' timeGapMs = 41758.2[0m
2014-06-24 17:13:43.622 SimpleEventMatcher ./rtbkit/core/post_auction/simple_event_matcher.cc:345 - void RTBKIT::SimpleEventMatcher::doWinLoss(std::shared_ptr<RTBKIT::PostAuctionEvent>, bool) [1;31mmessage = null[0m
2014-06-24 17:13:43.622 SimpleEventMatcher ./rtbkit/core/post_auction/simple_event_matcher.cc:346 - void RTBKIT::SimpleEventMatcher::doWinLoss(std::shared_ptr<RTBKIT::PostAuctionEvent>, bool) [1;31mbidTimestamp = 2014-Jun-24 15:13:01.863456[0m
2014-06-24 17:13:43.622 SimpleEventMatcher ./rtbkit/core/post_auction/simple_event_matcher.cc:347 - void RTBKIT::SimpleEventMatcher::doWinLoss(std::shared_ptr<RTBKIT::PostAuctionEvent>, bool) [1;31mnow = 2014-Jun-24 15:13:43.622479[0m
2014-06-24 17:13:43.622 SimpleEventMatcher ./rtbkit/core/post_auction/simple_event_matcher.cc:348 - void RTBKIT::SimpleEventMatcher::doWinLoss(std::shared_ptr<RTBKIT::PostAuctionEvent>, bool) [1;31maccount = hello:world[0m
2014-06-24 17:13:43.623 SimpleEventMatcher ./rtbkit/core/post_auction/simple_event_matcher.cc:343 - void RTBKIT::SimpleEventMatcher::doWinLoss(std::shared_ptr<RTBKIT::PostAuctionEvent>, bool) [1;31mREALLY REALLY LATE WIN event='WIN	2405380487	1	2014-Jun-24 15:13:02.371132	hello:world	80USD/1M	{"prov":"457491516","xchg":"2622576358"}	2014-Jun-24 15:13:02.371748' timeGapMs = 41252.2[0m
2014-06-24 17:13:43.624 SimpleEventMatcher ./rtbkit/core/post_auction/simple_event_matcher.cc:345 - void RTBKIT::SimpleEventMatcher::doWinLoss(std::shared_ptr<RTBKIT::PostAuctionEvent>, bool) [1;31mmessage = null[0m
2014-06-24 17:13:43.624 SimpleEventMatcher ./rtbkit/core/post_auction/simple_event_matcher.cc:346 - void RTBKIT::SimpleEventMatcher::doWinLoss(std::shared_ptr<RTBKIT::PostAuctionEvent>, bool) [1;31mbidTimestamp = 2014-Jun-24 15:13:02.371748[0m
2014-06-24 17:13:43.624 SimpleEventMatcher ./rtbkit/core/post_auction/simple_event_matcher.cc:347 - void RTBKIT::SimpleEventMatcher::doWinLoss(std::shared_ptr<RTBKIT::PostAuctionEvent>, bool) [1;31mnow = 2014-Jun-24 15:13:43.624554[0m
2014-06-24 17:13:43.624 SimpleEventMatcher ./rtbkit/core/post_auction/simple_event_matcher.cc:348 - void RTBKIT::SimpleEventMatcher::doWinLoss(std::shared_ptr<RTBKIT::PostAuctionEvent>, bool) [1;31maccount = hello:world[0m
2014-06-24 17:13:43.625 SimpleEventMatcher ./rtbkit/core/post_auction/simple_event_matcher.cc:343 - void RTBKIT::SimpleEventMatcher::doWinLoss(std::shared_ptr<RTBKIT::PostAuctionEvent>, bool) [1;31mREALLY REALLY LATE WIN event='WIN	2023665156	2	2014-Jun-24 15:13:03.059645	hello:world	67USD/1M	{"prov":"162418946","xchg":"2723613700"}	2014-Jun-24 15:13:03.059948' timeGapMs = 40565.6[0m
2014-06-24 17:13:43.625 SimpleEventMatcher ./rtbkit/core/post_auction/simple_event_matcher.cc:345 - void RTBKIT::SimpleEventMatcher::doWinLoss(std::shared_ptr<RTBKIT::PostAuctionEvent>, bool) [1;31mmessage = null[0m
2014-06-24 17:13:43.625 SimpleEventMatcher ./rtbkit/core/post_auction/simple_event_matcher.cc:346 - void RTBKIT::SimpleEventMatcher::doWinLoss(std::shared_ptr<RTBKIT::PostAuctionEvent>, bool) [1;31mbidTimestamp = 2014-Jun-24 15:13:03.059948[0m
2014-06-24 17:13:43.626 SimpleEventMatcher ./rtbkit/core/post_auction/simple_event_matcher.cc:347 - void RTBKIT::SimpleEventMatcher::doWinLoss(std::shared_ptr<RTBKIT::PostAuctionEvent>, bool) [1;31mnow = 2014-Jun-24 15:13:43.626196[0m
2014-06-24 17:13:43.626 SimpleEventMatcher ./rtbkit/core/post_auction/simple_event_matcher.cc:348 - void RTBKIT::SimpleEventMatcher::doWinLoss(std::shared_ptr<RTBKIT::PostAuctionEvent>, bool) [1;31maccount = hello:world[0m
2014-06-24 17:13:43.627 SimpleEventMatcher ./rtbkit/core/post_auction/simple_event_matcher.cc:343 - void RTBKIT::SimpleEventMatcher::doWinLoss(std::shared_ptr<RTBKIT::PostAuctionEvent>, bool) [1;31mREALLY REALLY LATE WIN event='WIN	3847941785	1	2014-Jun-24 15:13:03.601026	hello:world	97USD/1M	{"prov":"1581797047","xchg":"3327097898"}	2014-Jun-24 15:13:03.601340' timeGapMs = 40026[0m
2014-06-24 17:13:43.627 SimpleEventMatcher ./rtbkit/core/post_auction/simple_event_matcher.cc:345 - void RTBKIT::SimpleEventMatcher::doWinLoss(std::shared_ptr<RTBKIT::PostAuctionEvent>, bool) [1;31mmessage = null[0m
2014-06-24 17:13:43.627 SimpleEventMatcher ./rtbkit/core/post_auction/simple_event_matcher.cc:346 - void RTBKIT::SimpleEventMatcher::doWinLoss(std::shared_ptr<RTBKIT::PostAuctionEvent>, bool) [1;31mbidTimestamp = 2014-Jun-24 15:13:03.601340[0m
2014-06-24 17:13:43.627 SimpleEventMatcher ./rtbkit/core/post_auction/simple_event_matcher.cc:347 - void RTBKIT::SimpleEventMatcher::doWinLoss(std::shared_ptr<RTBKIT::PostAuctionEvent>, bool) [1;31mnow = 2014-Jun-24 15:13:43.627951[0m
2014-06-24 17:13:43.628 SimpleEventMatcher ./rtbkit/core/post_auction/simple_event_matcher.cc:348 - void RTBKIT::SimpleEventMatcher::doWinLoss(std::shared_ptr<RTBKIT::PostAuctionEvent>, bool) [1;31maccount = hello:world[0m
2014-06-24 17:13:43.628 SimpleEventMatcher ./rtbkit/core/post_auction/simple_event_matcher.cc:343 - void RTBKIT::SimpleEventMatcher::doWinLoss(std::shared_ptr<RTBKIT::PostAuctionEvent>, bool) [1;31mREALLY REALLY LATE WIN event='WIN	2325789643	2	2014-Jun-24 15:13:04.166330	hello:world	70USD/1M	{"prov":"2212147306","xchg":"989272778"}	2014-Jun-24 15:13:04.166637' timeGapMs = 39462.1[0m
2014-06-24 17:13:43.629 SimpleEventMatcher ./rtbkit/core/post_auction/simple_event_matcher.cc:345 - void RTBKIT::SimpleEventMatcher::doWinLoss(std::shared_ptr<RTBKIT::PostAuctionEvent>, bool) [1;31mmessage = null[0m
2014-06-24 17:13:43.629 SimpleEventMatcher ./rtbkit/core/post_auction/simple_event_matcher.cc:346 - void RTBKIT::SimpleEventMatcher::doWinLoss(std::shared_ptr<RTBKIT::PostAuctionEvent>, bool) [1;31mbidTimestamp = 2014-Jun-24 15:13:04.166637[0m
2014-06-24 17:13:43.629 SimpleEventMatcher ./rtbkit/core/post_auction/simple_event_matcher.cc:347 - void RTBKIT::SimpleEventMatcher::doWinLoss(std::shared_ptr<RTBKIT::PostAuctionEvent>, bool) [1;31mnow = 2014-Jun-24 15:13:43.629794[0m
2014-06-24 17:13:43.629 SimpleEventMatcher ./rtbkit/core/post_auction/simple_event_matcher.cc:348 - void RTBKIT::SimpleEventMatcher::doWinLoss(std::shared_ptr<RTBKIT::PostAuctionEvent>, bool) [1;31maccount = hello:world[0m
2014-06-24 17:13:43.631 SimpleEventMatcher ./rtbkit/core/post_auction/simple_event_matcher.cc:343 - void RTBKIT::SimpleEventMatcher::doWinLoss(std::shared_ptr<RTBKIT::PostAuctionEvent>, bool) [1;31mREALLY REALLY LATE WIN event='WIN	144773750	1	2014-Jun-24 15:13:06.562341	hello:world	88USD/1M	{"prov":"3018342490","xchg":"2025482281"}	2014-Jun-24 15:13:06.563241' timeGapMs = 37067.9[0m
2014-06-24 17:13:43.631 SimpleEventMatcher ./rtbkit/core/post_auction/simple_event_matcher.cc:345 - void RTBKIT::SimpleEventMatcher::doWinLoss(std::shared_ptr<RTBKIT::PostAuctionEvent>, bool) [1;31mmessage = null[0m
2014-06-24 17:13:43.631 SimpleEventMatcher ./rtbkit/core/post_auction/simple_event_matcher.cc:346 - void RTBKIT::SimpleEventMatcher::doWinLoss(std::shared_ptr<RTBKIT::PostAuctionEvent>, bool) [1;31mbidTimestamp = 2014-Jun-24 15:13:06.563241[0m
2014-06-24 17:13:43.631 SimpleEventMatcher ./rtbkit/core/post_auction/simple_event_matcher.cc:347 - void RTBKIT::SimpleEventMatcher::doWinLoss(std::shared_ptr<RTBKIT::PostAuctionEvent>, bool) [1;31mnow = 2014-Jun-24 15:13:43.631348[0m
2014-06-24 17:13:43.631 SimpleEventMatcher ./rtbkit/core/post_auction/simple_event_matcher.cc:348 - void RTBKIT::SimpleEventMatcher::doWinLoss(std::shared_ptr<RTBKIT::PostAuctionEvent>, bool) [1;31maccount = hello:world[0m
2014-06-24 17:13:43.633 SimpleEventMatcher ./rtbkit/core/post_auction/simple_event_matcher.cc:343 - void RTBKIT::SimpleEventMatcher::doWinLoss(std::shared_ptr<RTBKIT::PostAuctionEvent>, bool) [1;31mREALLY REALLY LATE WIN event='WIN	3986038709	1	2014-Jun-24 15:13:07.074852	hello:world	64USD/1M	{"prov":"2918823041","xchg":"293353938"}	2014-Jun-24 15:13:07.075046' timeGapMs = 36558[0m
2014-06-24 17:13:43.633 SimpleEventMatcher ./rtbkit/core/post_auction/simple_event_matcher.cc:345 - void RTBKIT::SimpleEventMatcher::doWinLoss(std::shared_ptr<RTBKIT::PostAuctionEvent>, bool) [1;31mmessage = null[0m
2014-06-24 17:13:43.634 SimpleEventMatcher ./rtbkit/core/post_auction/simple_event_matcher.cc:346 - void RTBKIT::SimpleEventMatcher::doWinLoss(std::shared_ptr<RTBKIT::PostAuctionEvent>, bool) [1;31mbidTimestamp = 2014-Jun-24 15:13:07.075046[0m
2014-06-24 17:13:43.634 SimpleEventMatcher ./rtbkit/core/post_auction/simple_event_matcher.cc:347 - void RTBKIT::SimpleEventMatcher::doWinLoss(std::shared_ptr<RTBKIT::PostAuctionEvent>, bool) [1;31mnow = 2014-Jun-24 15:13:43.634377[0m
2014-06-24 17:13:43.634 SimpleEventMatcher ./rtbkit/core/post_auction/simple_event_matcher.cc:348 - void RTBKIT::SimpleEventMatcher::doWinLoss(std::shared_ptr<RTBKIT::PostAuctionEvent>, bool) [1;31maccount = hello:world[0m
