connecting to Carbon at 127.0.0.1:2003 (localhost)
2014-06-24 14:27:56.078 PostAuctionService ./rtbkit/core/post_auction/post_auction_service.cc:114 - void RTBKIT::PostAuctionService::initMatcher(size_t) [1;31mCreating SimpleEventMatcher[0m
2014-06-24 14:27:56.152 PostAuctionService ./rtbkit/core/post_auction/post_auction_service.cc:156 - void RTBKIT::PostAuctionService::initConnections() [1;31mpost auction logger on PostAuctionLoop/logger[0m
2014-06-24 14:27:56.162 ZMQ ./soa/service/zmq_endpoint.cc:447 - bool Datacratic::ZmqNamedProxy::connect(const string&, Datacratic::ConnectionStyle) [1;31mconnecting to agentConfigurationService/listen[0m
wexists handler returned -101
2. returning result 
2014-06-24 14:27:56.190 ZMQ ./soa/service/zmq_endpoint.cc:447 - bool Datacratic::ZmqNamedProxy::connect(const string&, Datacratic::ConnectionStyle) [1;31mconnecting to monitor/zeromq[0m
2014-06-24 14:27:56.210 ZMQ ./soa/service/zmq_endpoint.cc:494 - bool Datacratic::ZmqNamedProxy::connect(const string&, Datacratic::ConnectionStyle) [1;31mconnected to tcp://127.0.0.1:24000[0m
2014-06-24 14:27:56.211 PostAuctionService ./rtbkit/core/post_auction/post_auction_runner.cc:96 - void RTBKIT::PostAuctionRunner::init() [1;31mwin timeout is 3600[0m
2014-06-24 14:27:56.212 PostAuctionService ./rtbkit/core/post_auction/post_auction_runner.cc:97 - void RTBKIT::PostAuctionRunner::init() [1;31mauction timeout is 900[0m
2014-06-24 14:27:56.227 ZMQ ./soa/service/zmq_endpoint.cc:447 - bool Datacratic::ZmqNamedProxy::connect(const string&, Datacratic::ConnectionStyle) [1;31mconnecting to masterBanker/zeromq[0m
2014-06-24 14:27:56.238 ZMQ ./soa/service/zmq_endpoint.cc:447 - bool Datacratic::ZmqNamedProxy::connect(const string&, Datacratic::ConnectionStyle) [1;31mconnecting to masterBanker/zeromq[0m
2014-06-24 14:27:56.248 ZMQ ./soa/service/zmq_endpoint.cc:494 - bool Datacratic::ZmqNamedProxy::connect(const string&, Datacratic::ConnectionStyle) [1;31mconnected to tcp://127.0.0.1:22000[0m
2014-06-24 14:27:56.254 ZMQ ./soa/service/zmq_endpoint.cc:447 - bool Datacratic::ZmqNamedProxy::connect(const string&, Datacratic::ConnectionStyle) [1;31mconnecting to agentConfigurationService/listen[0m
2014-06-24 14:27:56.271 ZMQ ./soa/service/zmq_endpoint.cc:494 - bool Datacratic::ZmqNamedProxy::connect(const string&, Datacratic::ConnectionStyle) [1;31mconnected to tcp://127.0.0.1:19000[0m
2014-06-24 14:27:56.309 PostAuctionService ./rtbkit/core/post_auction/post_auction_runner.cc:149 - RTBKIT::PostAuctionService::Stats report(const RTBKIT::PostAuctionService&, double, const RTBKIT::PostAuctionService::Stats&) [1;31m
  0.00  bids/sec
  0.00  events/sec
  0.00  wins/sec
184.47? loss/sec
  0.00  unmatched
  0.00  errors[0m
got configuration message fixed-price-agent-ex_3917
********* calling addSpendAccount for hello:world for SlaveBanker PostAuctionLoop.slaveBanker
2014-06-24 14:28:06.319 PostAuctionService ./rtbkit/core/post_auction/post_auction_runner.cc:149 - RTBKIT::PostAuctionService::Stats report(const RTBKIT::PostAuctionService&, double, const RTBKIT::PostAuctionService::Stats&) [1;31m
  0.00  bids/sec
  0.00  events/sec
  0.00  wins/sec
  0.00  loss/sec
  0.00  unmatched
  0.00  errors[0m
2014-06-24 14:28:16.330 PostAuctionService ./rtbkit/core/post_auction/post_auction_runner.cc:149 - RTBKIT::PostAuctionService::Stats report(const RTBKIT::PostAuctionService&, double, const RTBKIT::PostAuctionService::Stats&) [1;31m
  0.00  bids/sec
  0.00  events/sec
  0.00  wins/sec
  0.00  loss/sec
  0.00  unmatched
  0.00  errors[0m
2014-06-24 14:28:26.340 PostAuctionService ./rtbkit/core/post_auction/post_auction_runner.cc:149 - RTBKIT::PostAuctionService::Stats report(const RTBKIT::PostAuctionService&, double, const RTBKIT::PostAuctionService::Stats&) [1;31m
  0.00  bids/sec
  0.00  events/sec
  0.00  wins/sec
  0.00  loss/sec
  0.00  unmatched
  0.00  errors[0m
2014-06-24 14:28:36.350 PostAuctionService ./rtbkit/core/post_auction/post_auction_runner.cc:149 - RTBKIT::PostAuctionService::Stats report(const RTBKIT::PostAuctionService&, double, const RTBKIT::PostAuctionService::Stats&) [1;31m
  0.00  bids/sec
  0.00  events/sec
  0.00  wins/sec
  0.00  loss/sec
  0.00  unmatched
  0.00  errors[0m
2014-06-24 14:28:46.360 PostAuctionService ./rtbkit/core/post_auction/post_auction_runner.cc:149 - RTBKIT::PostAuctionService::Stats report(const RTBKIT::PostAuctionService&, double, const RTBKIT::PostAuctionService::Stats&) [1;31m
  0.00  bids/sec
  0.00  events/sec
  0.00  wins/sec
  0.00  loss/sec
  0.00  unmatched
  0.00  errors[0m
2014-06-24 14:28:56.370 PostAuctionService ./rtbkit/core/post_auction/post_auction_runner.cc:149 - RTBKIT::PostAuctionService::Stats report(const RTBKIT::PostAuctionService&, double, const RTBKIT::PostAuctionService::Stats&) [1;31m
  0.00  bids/sec
  0.00  events/sec
  0.00  wins/sec
  0.00  loss/sec
  0.00  unmatched
  0.00  errors[0m
2014-06-24 14:29:06.381 PostAuctionService ./rtbkit/core/post_auction/post_auction_runner.cc:149 - RTBKIT::PostAuctionService::Stats report(const RTBKIT::PostAuctionService&, double, const RTBKIT::PostAuctionService::Stats&) [1;31m
  0.00  bids/sec
  0.00  events/sec
  0.00  wins/sec
  0.00  loss/sec
  0.00  unmatched
  0.00  errors[0m
2014-06-24 14:29:16.391 PostAuctionService ./rtbkit/core/post_auction/post_auction_runner.cc:149 - RTBKIT::PostAuctionService::Stats report(const RTBKIT::PostAuctionService&, double, const RTBKIT::PostAuctionService::Stats&) [1;31m
  0.00  bids/sec
  0.00  events/sec
  0.00  wins/sec
  0.00  loss/sec
  0.00  unmatched
  0.00  errors[0m
2014-06-24 14:29:26.401 PostAuctionService ./rtbkit/core/post_auction/post_auction_runner.cc:149 - RTBKIT::PostAuctionService::Stats report(const RTBKIT::PostAuctionService&, double, const RTBKIT::PostAuctionService::Stats&) [1;31m
  0.00  bids/sec
  0.00  events/sec
  0.00  wins/sec
  0.00  loss/sec
  0.00  unmatched
  0.00  errors[0m
2014-06-24 14:29:36.411 PostAuctionService ./rtbkit/core/post_auction/post_auction_runner.cc:149 - RTBKIT::PostAuctionService::Stats report(const RTBKIT::PostAuctionService&, double, const RTBKIT::PostAuctionService::Stats&) [1;31m
  0.00  bids/sec
  0.00  events/sec
  0.00  wins/sec
  0.00  loss/sec
  0.00  unmatched
  0.00  errors[0m
2014-06-24 14:29:46.422 PostAuctionService ./rtbkit/core/post_auction/post_auction_runner.cc:149 - RTBKIT::PostAuctionService::Stats report(const RTBKIT::PostAuctionService&, double, const RTBKIT::PostAuctionService::Stats&) [1;31m
  0.00  bids/sec
  0.00  events/sec
  0.00  wins/sec
  0.00  loss/sec
  0.00  unmatched
  0.00  errors[0m
2014-06-24 14:29:56.432 PostAuctionService ./rtbkit/core/post_auction/post_auction_runner.cc:149 - RTBKIT::PostAuctionService::Stats report(const RTBKIT::PostAuctionService&, double, const RTBKIT::PostAuctionService::Stats&) [1;31m
  0.00  bids/sec
  0.00  events/sec
  0.00  wins/sec
  0.00  loss/sec
  0.00  unmatched
  0.00  errors[0m
2014-06-24 14:30:06.442 PostAuctionService ./rtbkit/core/post_auction/post_auction_runner.cc:149 - RTBKIT::PostAuctionService::Stats report(const RTBKIT::PostAuctionService&, double, const RTBKIT::PostAuctionService::Stats&) [1;31m
  0.00  bids/sec
  0.00  events/sec
  0.00  wins/sec
  0.00  loss/sec
  0.00  unmatched
  0.00  errors[0m
2014-06-24 14:30:16.452 PostAuctionService ./rtbkit/core/post_auction/post_auction_runner.cc:149 - RTBKIT::PostAuctionService::Stats report(const RTBKIT::PostAuctionService&, double, const RTBKIT::PostAuctionService::Stats&) [1;31m
  0.00  bids/sec
  0.00  events/sec
  0.00  wins/sec
  0.00  loss/sec
  0.00  unmatched
  0.00  errors[0m
2014-06-24 14:30:26.464 PostAuctionService ./rtbkit/core/post_auction/post_auction_runner.cc:149 - RTBKIT::PostAuctionService::Stats report(const RTBKIT::PostAuctionService&, double, const RTBKIT::PostAuctionService::Stats&) [1;31m
  0.00  bids/sec
  0.00  events/sec
  0.00  wins/sec
  0.00  loss/sec
  0.00  unmatched
  0.00  errors[0m
2014-06-24 14:30:36.474 PostAuctionService ./rtbkit/core/post_auction/post_auction_runner.cc:149 - RTBKIT::PostAuctionService::Stats report(const RTBKIT::PostAuctionService&, double, const RTBKIT::PostAuctionService::Stats&) [1;31m
  0.00  bids/sec
  0.00  events/sec
  0.00  wins/sec
  0.00  loss/sec
  0.00  unmatched
  0.00  errors[0m
2014-06-24 14:30:46.484 PostAuctionService ./rtbkit/core/post_auction/post_auction_runner.cc:149 - RTBKIT::PostAuctionService::Stats report(const RTBKIT::PostAuctionService&, double, const RTBKIT::PostAuctionService::Stats&) [1;31m
  0.00  bids/sec
  0.00  events/sec
  0.00  wins/sec
  0.00  loss/sec
  0.00  unmatched
  0.00  errors[0m
2014-06-24 14:30:56.493 PostAuctionService ./rtbkit/core/post_auction/post_auction_runner.cc:149 - RTBKIT::PostAuctionService::Stats report(const RTBKIT::PostAuctionService&, double, const RTBKIT::PostAuctionService::Stats&) [1;31m
  0.00  bids/sec
  0.00  events/sec
  0.00  wins/sec
  0.00  loss/sec
  0.00  unmatched
  0.00  errors[0m
2014-06-24 14:31:06.503 PostAuctionService ./rtbkit/core/post_auction/post_auction_runner.cc:149 - RTBKIT::PostAuctionService::Stats report(const RTBKIT::PostAuctionService&, double, const RTBKIT::PostAuctionService::Stats&) [1;31m
  0.00  bids/sec
  0.00  events/sec
  0.00  wins/sec
  0.00  loss/sec
  0.00  unmatched
  0.00  errors[0m
2014-06-24 14:31:16.512 PostAuctionService ./rtbkit/core/post_auction/post_auction_runner.cc:149 - RTBKIT::PostAuctionService::Stats report(const RTBKIT::PostAuctionService&, double, const RTBKIT::PostAuctionService::Stats&) [1;31m
  0.00  bids/sec
  0.00  events/sec
  0.00  wins/sec
  0.00  loss/sec
  0.00  unmatched
  0.00  errors[0m
2014-06-24 14:31:26.520 PostAuctionService ./rtbkit/core/post_auction/post_auction_runner.cc:149 - RTBKIT::PostAuctionService::Stats report(const RTBKIT::PostAuctionService&, double, const RTBKIT::PostAuctionService::Stats&) [1;31m
  0.00  bids/sec
  0.00  events/sec
  0.00  wins/sec
  0.00  loss/sec
  0.00  unmatched
  0.00  errors[0m
2014-06-24 14:31:36.530 PostAuctionService ./rtbkit/core/post_auction/post_auction_runner.cc:149 - RTBKIT::PostAuctionService::Stats report(const RTBKIT::PostAuctionService&, double, const RTBKIT::PostAuctionService::Stats&) [1;31m
  0.00  bids/sec
  0.00  events/sec
  0.00  wins/sec
  0.00  loss/sec
  0.00  unmatched
  0.00  errors[0m
2014-06-24 14:31:46.540 PostAuctionService ./rtbkit/core/post_auction/post_auction_runner.cc:149 - RTBKIT::PostAuctionService::Stats report(const RTBKIT::PostAuctionService&, double, const RTBKIT::PostAuctionService::Stats&) [1;31m
  0.00  bids/sec
  0.00  events/sec
  0.00  wins/sec
  0.00  loss/sec
  0.00  unmatched
  0.00  errors[0m
2014-06-24 14:31:56.549 PostAuctionService ./rtbkit/core/post_auction/post_auction_runner.cc:149 - RTBKIT::PostAuctionService::Stats report(const RTBKIT::PostAuctionService&, double, const RTBKIT::PostAuctionService::Stats&) [1;31m
  0.00  bids/sec
  0.00  events/sec
  0.00  wins/sec
  0.00  loss/sec
  0.00  unmatched
  0.00  errors[0m
2014-06-24 14:32:06.559 PostAuctionService ./rtbkit/core/post_auction/post_auction_runner.cc:149 - RTBKIT::PostAuctionService::Stats report(const RTBKIT::PostAuctionService&, double, const RTBKIT::PostAuctionService::Stats&) [1;31m
  0.00  bids/sec
  0.00  events/sec
  0.00  wins/sec
  0.00  loss/sec
  0.00  unmatched
  0.00  errors[0m
2014-06-24 14:32:16.569 PostAuctionService ./rtbkit/core/post_auction/post_auction_runner.cc:149 - RTBKIT::PostAuctionService::Stats report(const RTBKIT::PostAuctionService&, double, const RTBKIT::PostAuctionService::Stats&) [1;31m
  0.00  bids/sec
  0.00  events/sec
  0.00  wins/sec
  0.00  loss/sec
  0.00  unmatched
  0.00  errors[0m
2014-06-24 14:32:26.579 PostAuctionService ./rtbkit/core/post_auction/post_auction_runner.cc:149 - RTBKIT::PostAuctionService::Stats report(const RTBKIT::PostAuctionService&, double, const RTBKIT::PostAuctionService::Stats&) [1;31m
  0.00  bids/sec
  0.00  events/sec
  0.00  wins/sec
  0.00  loss/sec
  0.00  unmatched
  0.00  errors[0m
2014-06-24 14:32:36.591 PostAuctionService ./rtbkit/core/post_auction/post_auction_runner.cc:149 - RTBKIT::PostAuctionService::Stats report(const RTBKIT::PostAuctionService&, double, const RTBKIT::PostAuctionService::Stats&) [1;31m
  0.00  bids/sec
  0.00  events/sec
  0.00  wins/sec
  0.00  loss/sec
  0.00  unmatched
  0.00  errors[0m
2014-06-24 14:32:46.601 PostAuctionService ./rtbkit/core/post_auction/post_auction_runner.cc:149 - RTBKIT::PostAuctionService::Stats report(const RTBKIT::PostAuctionService&, double, const RTBKIT::PostAuctionService::Stats&) [1;31m
  0.00  bids/sec
  0.00  events/sec
  0.00  wins/sec
  0.00  loss/sec
  0.00  unmatched
  0.00  errors[0m
2014-06-24 14:32:56.611 PostAuctionService ./rtbkit/core/post_auction/post_auction_runner.cc:149 - RTBKIT::PostAuctionService::Stats report(const RTBKIT::PostAuctionService&, double, const RTBKIT::PostAuctionService::Stats&) [1;31m
  0.00  bids/sec
  0.00  events/sec
  0.00  wins/sec
  0.00  loss/sec
  0.00  unmatched
  0.00  errors[0m
2014-06-24 14:33:06.621 PostAuctionService ./rtbkit/core/post_auction/post_auction_runner.cc:149 - RTBKIT::PostAuctionService::Stats report(const RTBKIT::PostAuctionService&, double, const RTBKIT::PostAuctionService::Stats&) [1;31m
  0.00  bids/sec
  0.00  events/sec
  0.00  wins/sec
  0.00  loss/sec
  0.00  unmatched
  0.00  errors[0m
2014-06-24 14:33:16.632 PostAuctionService ./rtbkit/core/post_auction/post_auction_runner.cc:149 - RTBKIT::PostAuctionService::Stats report(const RTBKIT::PostAuctionService&, double, const RTBKIT::PostAuctionService::Stats&) [1;31m
  0.00  bids/sec
  0.00  events/sec
  0.00  wins/sec
  0.00  loss/sec
  0.00  unmatched
  0.00  errors[0m
2014-06-24 14:33:26.642 PostAuctionService ./rtbkit/core/post_auction/post_auction_runner.cc:149 - RTBKIT::PostAuctionService::Stats report(const RTBKIT::PostAuctionService&, double, const RTBKIT::PostAuctionService::Stats&) [1;31m
  0.00  bids/sec
  0.00  events/sec
  0.00  wins/sec
  0.00  loss/sec
  0.00  unmatched
  0.00  errors[0m
2014-06-24 14:33:36.652 PostAuctionService ./rtbkit/core/post_auction/post_auction_runner.cc:149 - RTBKIT::PostAuctionService::Stats report(const RTBKIT::PostAuctionService&, double, const RTBKIT::PostAuctionService::Stats&) [1;31m
  0.00  bids/sec
  0.00  events/sec
  0.00  wins/sec
  0.00  loss/sec
  0.00  unmatched
  0.00  errors[0m
2014-06-24 14:33:46.662 PostAuctionService ./rtbkit/core/post_auction/post_auction_runner.cc:149 - RTBKIT::PostAuctionService::Stats report(const RTBKIT::PostAuctionService&, double, const RTBKIT::PostAuctionService::Stats&) [1;31m
  0.00  bids/sec
  0.00  events/sec
  0.00  wins/sec
  0.00  loss/sec
  0.00  unmatched
  0.00  errors[0m
2014-06-24 14:33:56.672 PostAuctionService ./rtbkit/core/post_auction/post_auction_runner.cc:149 - RTBKIT::PostAuctionService::Stats report(const RTBKIT::PostAuctionService&, double, const RTBKIT::PostAuctionService::Stats&) [1;31m
  0.00  bids/sec
  0.00  events/sec
  0.00  wins/sec
  0.00  loss/sec
  0.00  unmatched
  0.00  errors[0m
2014-06-24 14:34:06.682 PostAuctionService ./rtbkit/core/post_auction/post_auction_runner.cc:149 - RTBKIT::PostAuctionService::Stats report(const RTBKIT::PostAuctionService&, double, const RTBKIT::PostAuctionService::Stats&) [1;31m
  0.00  bids/sec
  0.00  events/sec
  0.00  wins/sec
  0.00  loss/sec
  0.00  unmatched
  0.00  errors[0m
2014-06-24 14:34:16.692 PostAuctionService ./rtbkit/core/post_auction/post_auction_runner.cc:149 - RTBKIT::PostAuctionService::Stats report(const RTBKIT::PostAuctionService&, double, const RTBKIT::PostAuctionService::Stats&) [1;31m
  0.00  bids/sec
  0.00  events/sec
  0.00  wins/sec
  0.00  loss/sec
  0.00  unmatched
  0.00  errors[0m
2014-06-24 14:34:26.702 PostAuctionService ./rtbkit/core/post_auction/post_auction_runner.cc:149 - RTBKIT::PostAuctionService::Stats report(const RTBKIT::PostAuctionService&, double, const RTBKIT::PostAuctionService::Stats&) [1;31m
  0.00  bids/sec
  0.00  events/sec
  0.00  wins/sec
  0.00  loss/sec
  0.00  unmatched
  0.00  errors[0m
2014-06-24 14:34:36.712 PostAuctionService ./rtbkit/core/post_auction/post_auction_runner.cc:149 - RTBKIT::PostAuctionService::Stats report(const RTBKIT::PostAuctionService&, double, const RTBKIT::PostAuctionService::Stats&) [1;31m
  0.00  bids/sec
  0.00  events/sec
  0.00  wins/sec
  0.00  loss/sec
  0.00  unmatched
  0.00  errors[0m
2014-06-24 14:34:46.722 PostAuctionService ./rtbkit/core/post_auction/post_auction_runner.cc:149 - RTBKIT::PostAuctionService::Stats report(const RTBKIT::PostAuctionService&, double, const RTBKIT::PostAuctionService::Stats&) [1;31m
  0.00  bids/sec
  0.00  events/sec
  0.00  wins/sec
  0.00  loss/sec
  0.00  unmatched
  0.00  errors[0m
2014-06-24 14:34:56.733 PostAuctionService ./rtbkit/core/post_auction/post_auction_runner.cc:149 - RTBKIT::PostAuctionService::Stats report(const RTBKIT::PostAuctionService&, double, const RTBKIT::PostAuctionService::Stats&) [1;31m
  0.00  bids/sec
  0.00  events/sec
  0.00  wins/sec
  0.00  loss/sec
  0.00  unmatched
  0.00  errors[0m
2014-06-24 14:35:06.743 PostAuctionService ./rtbkit/core/post_auction/post_auction_runner.cc:149 - RTBKIT::PostAuctionService::Stats report(const RTBKIT::PostAuctionService&, double, const RTBKIT::PostAuctionService::Stats&) [1;31m
  0.00  bids/sec
  0.00  events/sec
  0.00  wins/sec
  0.00  loss/sec
  0.00  unmatched
  0.00  errors[0m
2014-06-24 14:35:16.779 PostAuctionService ./rtbkit/core/post_auction/post_auction_runner.cc:149 - RTBKIT::PostAuctionService::Stats report(const RTBKIT::PostAuctionService&, double, const RTBKIT::PostAuctionService::Stats&) [1;31m
  0.00  bids/sec
  0.00  events/sec
  0.00  wins/sec
  0.00  loss/sec
  0.00  unmatched
  0.00  errors[0m
2014-06-24 14:35:26.789 PostAuctionService ./rtbkit/core/post_auction/post_auction_runner.cc:149 - RTBKIT::PostAuctionService::Stats report(const RTBKIT::PostAuctionService&, double, const RTBKIT::PostAuctionService::Stats&) [1;31m
  0.00  bids/sec
  0.00  events/sec
  0.00  wins/sec
  0.00  loss/sec
  0.00  unmatched
  0.00  errors[0m
2014-06-24 14:35:36.800 PostAuctionService ./rtbkit/core/post_auction/post_auction_runner.cc:149 - RTBKIT::PostAuctionService::Stats report(const RTBKIT::PostAuctionService&, double, const RTBKIT::PostAuctionService::Stats&) [1;31m
  0.00  bids/sec
  0.00  events/sec
  0.00  wins/sec
  0.00  loss/sec
  0.00  unmatched
  0.00  errors[0m
2014-06-24 14:35:46.810 PostAuctionService ./rtbkit/core/post_auction/post_auction_runner.cc:149 - RTBKIT::PostAuctionService::Stats report(const RTBKIT::PostAuctionService&, double, const RTBKIT::PostAuctionService::Stats&) [1;31m
  0.00  bids/sec
  0.00  events/sec
  0.00  wins/sec
  0.00  loss/sec
  0.00  unmatched
  0.00  errors[0m
2014-06-24 14:35:56.820 PostAuctionService ./rtbkit/core/post_auction/post_auction_runner.cc:149 - RTBKIT::PostAuctionService::Stats report(const RTBKIT::PostAuctionService&, double, const RTBKIT::PostAuctionService::Stats&) [1;31m
  0.00  bids/sec
  0.00  events/sec
  0.00  wins/sec
  0.00  loss/sec
  0.00  unmatched
  0.00  errors[0m
2014-06-24 14:36:06.833 PostAuctionService ./rtbkit/core/post_auction/post_auction_runner.cc:149 - RTBKIT::PostAuctionService::Stats report(const RTBKIT::PostAuctionService&, double, const RTBKIT::PostAuctionService::Stats&) [1;31m
  0.00  bids/sec
  0.00  events/sec
  0.00  wins/sec
  0.00  loss/sec
  0.00  unmatched
  0.00  errors[0m
2014-06-24 14:36:16.843 PostAuctionService ./rtbkit/core/post_auction/post_auction_runner.cc:149 - RTBKIT::PostAuctionService::Stats report(const RTBKIT::PostAuctionService&, double, const RTBKIT::PostAuctionService::Stats&) [1;31m
  0.00  bids/sec
  0.00  events/sec
  0.00  wins/sec
  0.00  loss/sec
  0.00  unmatched
  0.00  errors[0m
2014-06-24 14:36:26.853 PostAuctionService ./rtbkit/core/post_auction/post_auction_runner.cc:149 - RTBKIT::PostAuctionService::Stats report(const RTBKIT::PostAuctionService&, double, const RTBKIT::PostAuctionService::Stats&) [1;31m
  0.00  bids/sec
  0.00  events/sec
  0.00  wins/sec
  0.00  loss/sec
  0.00  unmatched
  0.00  errors[0m
2014-06-24 14:36:36.864 PostAuctionService ./rtbkit/core/post_auction/post_auction_runner.cc:149 - RTBKIT::PostAuctionService::Stats report(const RTBKIT::PostAuctionService&, double, const RTBKIT::PostAuctionService::Stats&) [1;31m
  0.00  bids/sec
  0.00  events/sec
  0.00  wins/sec
  0.00  loss/sec
  0.00  unmatched
  0.00  errors[0m
2014-06-24 14:36:46.874 PostAuctionService ./rtbkit/core/post_auction/post_auction_runner.cc:149 - RTBKIT::PostAuctionService::Stats report(const RTBKIT::PostAuctionService&, double, const RTBKIT::PostAuctionService::Stats&) [1;31m
  0.00  bids/sec
  0.00  events/sec
  0.00  wins/sec
  0.00  loss/sec
  0.00  unmatched
  0.00  errors[0m
2014-06-24 14:36:56.884 PostAuctionService ./rtbkit/core/post_auction/post_auction_runner.cc:149 - RTBKIT::PostAuctionService::Stats report(const RTBKIT::PostAuctionService&, double, const RTBKIT::PostAuctionService::Stats&) [1;31m
  0.00  bids/sec
  0.00  events/sec
  0.00  wins/sec
  0.00  loss/sec
  0.00  unmatched
  0.00  errors[0m
2014-06-24 14:37:06.894 PostAuctionService ./rtbkit/core/post_auction/post_auction_runner.cc:149 - RTBKIT::PostAuctionService::Stats report(const RTBKIT::PostAuctionService&, double, const RTBKIT::PostAuctionService::Stats&) [1;31m
  0.00  bids/sec
  0.00  events/sec
  0.00  wins/sec
  0.00  loss/sec
  0.00  unmatched
  0.00  errors[0m
2014-06-24 14:37:16.905 PostAuctionService ./rtbkit/core/post_auction/post_auction_runner.cc:149 - RTBKIT::PostAuctionService::Stats report(const RTBKIT::PostAuctionService&, double, const RTBKIT::PostAuctionService::Stats&) [1;31m
  0.00  bids/sec
  0.00  events/sec
  0.00  wins/sec
  0.00  loss/sec
  0.00  unmatched
  0.00  errors[0m
2014-06-24 14:37:26.915 PostAuctionService ./rtbkit/core/post_auction/post_auction_runner.cc:149 - RTBKIT::PostAuctionService::Stats report(const RTBKIT::PostAuctionService&, double, const RTBKIT::PostAuctionService::Stats&) [1;31m
  0.00  bids/sec
  0.00  events/sec
  0.00  wins/sec
  0.00  loss/sec
  0.00  unmatched
  0.00  errors[0m
2014-06-24 14:37:36.925 PostAuctionService ./rtbkit/core/post_auction/post_auction_runner.cc:149 - RTBKIT::PostAuctionService::Stats report(const RTBKIT::PostAuctionService&, double, const RTBKIT::PostAuctionService::Stats&) [1;31m
  0.00  bids/sec
  0.00  events/sec
  0.00  wins/sec
  0.00  loss/sec
  0.00  unmatched
  0.00  errors[0m
2014-06-24 14:37:46.935 PostAuctionService ./rtbkit/core/post_auction/post_auction_runner.cc:149 - RTBKIT::PostAuctionService::Stats report(const RTBKIT::PostAuctionService&, double, const RTBKIT::PostAuctionService::Stats&) [1;31m
  0.00  bids/sec
  0.00  events/sec
  0.00  wins/sec
  0.00  loss/sec
  0.00  unmatched
  0.00  errors[0m
2014-06-24 14:37:56.945 PostAuctionService ./rtbkit/core/post_auction/post_auction_runner.cc:149 - RTBKIT::PostAuctionService::Stats report(const RTBKIT::PostAuctionService&, double, const RTBKIT::PostAuctionService::Stats&) [1;31m
  0.00  bids/sec
  0.00  events/sec
  0.00  wins/sec
  0.00  loss/sec
  0.00  unmatched
  0.00  errors[0m
2014-06-24 14:38:06.956 PostAuctionService ./rtbkit/core/post_auction/post_auction_runner.cc:149 - RTBKIT::PostAuctionService::Stats report(const RTBKIT::PostAuctionService&, double, const RTBKIT::PostAuctionService::Stats&) [1;31m
  0.00  bids/sec
  0.00  events/sec
  0.00  wins/sec
  0.00  loss/sec
  0.00  unmatched
  0.00  errors[0m
2014-06-24 14:38:16.966 PostAuctionService ./rtbkit/core/post_auction/post_auction_runner.cc:149 - RTBKIT::PostAuctionService::Stats report(const RTBKIT::PostAuctionService&, double, const RTBKIT::PostAuctionService::Stats&) [1;31m
  0.00  bids/sec
  0.00  events/sec
  0.00  wins/sec
  0.00  loss/sec
  0.00  unmatched
  0.00  errors[0m
2014-06-24 14:38:26.976 PostAuctionService ./rtbkit/core/post_auction/post_auction_runner.cc:149 - RTBKIT::PostAuctionService::Stats report(const RTBKIT::PostAuctionService&, double, const RTBKIT::PostAuctionService::Stats&) [1;31m
  0.00  bids/sec
  0.00  events/sec
  0.00  wins/sec
  0.00  loss/sec
  0.00  unmatched
  0.00  errors[0m
2014-06-24 14:38:36.986 PostAuctionService ./rtbkit/core/post_auction/post_auction_runner.cc:149 - RTBKIT::PostAuctionService::Stats report(const RTBKIT::PostAuctionService&, double, const RTBKIT::PostAuctionService::Stats&) [1;31m
  0.00  bids/sec
  0.00  events/sec
  0.00  wins/sec
  0.00  loss/sec
  0.00  unmatched
  0.00  errors[0m
2014-06-24 14:38:46.996 PostAuctionService ./rtbkit/core/post_auction/post_auction_runner.cc:149 - RTBKIT::PostAuctionService::Stats report(const RTBKIT::PostAuctionService&, double, const RTBKIT::PostAuctionService::Stats&) [1;31m
  0.00  bids/sec
  0.00  events/sec
  0.00  wins/sec
  0.00  loss/sec
  0.00  unmatched
  0.00  errors[0m
2014-06-24 14:38:57.006 PostAuctionService ./rtbkit/core/post_auction/post_auction_runner.cc:149 - RTBKIT::PostAuctionService::Stats report(const RTBKIT::PostAuctionService&, double, const RTBKIT::PostAuctionService::Stats&) [1;31m
  0.00  bids/sec
  0.00  events/sec
  0.00  wins/sec
  0.00  loss/sec
  0.00  unmatched
  0.00  errors[0m
2014-06-24 14:39:07.016 PostAuctionService ./rtbkit/core/post_auction/post_auction_runner.cc:149 - RTBKIT::PostAuctionService::Stats report(const RTBKIT::PostAuctionService&, double, const RTBKIT::PostAuctionService::Stats&) [1;31m
  0.00  bids/sec
  0.00  events/sec
  0.00  wins/sec
  0.00  loss/sec
  0.00  unmatched
  0.00  errors[0m
