connecting to Carbon at 127.0.0.1:2003 (localhost)
2014-06-24 16:31:23.365 ZMQ ./soa/service/zmq_endpoint.cc:447 - bool Datacratic::ZmqNamedProxy::connect(const string&, Datacratic::ConnectionStyle) [1;31mconnecting to monitor/zeromq[0m
2014-06-24 16:31:23.384 ZMQ ./soa/service/zmq_endpoint.cc:494 - bool Datacratic::ZmqNamedProxy::connect(const string&, Datacratic::ConnectionStyle) [1;31mconnected to tcp://127.0.0.1:24000[0m
2014-06-24 16:31:23.393 ZMQ ./soa/service/zmq_endpoint.cc:447 - bool Datacratic::ZmqNamedProxy::connect(const string&, Datacratic::ConnectionStyle) [1;31mconnecting to monitor/zeromq[0m
2014-06-24 16:31:23.411 ZMQ ./soa/service/zmq_endpoint.cc:494 - bool Datacratic::ZmqNamedProxy::connect(const string&, Datacratic::ConnectionStyle) [1;31mconnected to tcp://127.0.0.1:24000[0m
2014-06-24 16:31:23.432 ZMQ ./soa/service/zmq_endpoint.cc:447 - bool Datacratic::ZmqNamedProxy::connect(const string&, Datacratic::ConnectionStyle) [1;31mconnecting to masterBanker/zeromq[0m
2014-06-24 16:31:23.437 ZMQ ./soa/service/zmq_endpoint.cc:494 - bool Datacratic::ZmqNamedProxy::connect(const string&, Datacratic::ConnectionStyle) [1;31mconnected to tcp://127.0.0.1:22000[0m
2014-06-24 16:31:23.511 ZMQ ./soa/service/zmq_endpoint.cc:447 - bool Datacratic::ZmqNamedProxy::connect(const string&, Datacratic::ConnectionStyle) [1;31mconnecting to PostAuctionLoop/events[0m
augmentor frequency-cap-ex has connected
agent fixed-price-agent-ex_4978 connected to router
2014-06-24 16:31:23.539 ZMQ ./soa/service/zmq_endpoint.cc:494 - bool Datacratic::ZmqNamedProxy::connect(const string&, Datacratic::ConnectionStyle) [1;31mconnected to tcp://127.0.0.1:20000[0m
2014-06-24 16:31:23.553 ZMQ ./soa/service/zmq_endpoint.cc:447 - bool Datacratic::ZmqNamedProxy::connect(const string&, Datacratic::ConnectionStyle) [1;31mconnecting to agentConfigurationService/listen[0m
2014-06-24 16:31:23.572 ZMQ ./soa/service/zmq_endpoint.cc:494 - bool Datacratic::ZmqNamedProxy::connect(const string&, Datacratic::ConnectionStyle) [1;31mconnected to tcp://127.0.0.1:19000[0m
got configuration message fixed-price-agent-ex_4978


agent fixed-price-agent-ex_4978 got new configuration
********* calling addSpendAccount for hello:world for SlaveBanker router.slaveBanker
listening on hostname 0.0.0.0 port 12339
2014-06-24 16:31:24.350 [LOG] MonitorClient ./rtbkit/core/monitor/monitor_client.cc:70 - void RTBKIT::MonitorClient::checkTimeout() [1;31mcheckTimeout: last request dropped[0m
sendTime = 0.011956 for 1475200491
sendTime = 0.0101168 for 1906405283
sendTime = 0.0105593 for 1815602799
sendTime = 0.0112231 for 418030944
sendTime = 0.0113318 for 673092521
sendTime = 0.0116811 for 386512425
sendTime = 0.0104725 for 4180485712
sendTime = 0.0154772 for 498468471
sendTime = 0.0114629 for 4081244674
sendTime = 0.0127428 for 636113877
sendTime = 0.0108206 for 3972718956
sendTime = 0.0139079 for 1026458384
sendTime = 0.0116096 for 2842327456
sendTime = 0.0130661 for 819289253
sendTime = 0.0161829 for 565554711
sendTime = 0.0106728 for 3280286720
sendTime = 0.0144389 for 3407656658
sendTime = 0.0131657 for 3529656249
sendTime = 0.0111017 for 4042730866
sendTime = 0.0130558 for 1292861056
sendTime = 0.0274975 for 2644373434
sendTime = 0.0139608 for 2053798103
sendTime = 0.0132608 for 116676670
sendTime = 0.0126715 for 1255698833
sendTime = 0.0229752 for 415328848
sendTime = 0.0663295 for 1342324258
sendTime = 0.0479867 for 4251941999
sendTime = 0.0133827 for 3755967183
sendTime = 0.0179143 for 2341381076
sendTime = 0.0114603 for 3232450258
sendTime = 0.0128949 for 930005891
sendTime = 0.0140932 for 3833756327
sendTime = 0.0103211 for 1789743635
sendTime = 0.0299025 for 4193109948
sendTime = 0.0292633 for 717255327
sendTime = 0.0434759 for 3656371532
sendTime = 0.0121968 for 2950957144
sendTime = 0.0153849 for 2130575553
sendTime = 0.0215256 for 92809654
sendTime = 0.0156114 for 3311211494
sendTime = 0.0148916 for 4271045661
sendTime = 0.0145509 for 1829118725
sendTime = 0.0142517 for 1947349807
sendTime = 0.0125613 for 3851020921
sendTime = 0.0152063 for 346154869
sendTime = 0.0147085 for 972428265
sendTime = 0.0459061 for 3849505604
sendTime = 0.0172503 for 1849787930
sendTime = 0.0133717 for 3963255300
sendTime = 0.0272496 for 121387115
sendTime = 0.0115261 for 3662174879
sendTime = 0.0134556 for 2485552627
sendTime = 0.0123541 for 3838676720
sendTime = 0.0280087 for 3435450872
sendTime = 0.0163741 for 2038046296
sendTime = 0.0245802 for 2661220770
sendTime = 0.024838 for 3025982264
sendTime = 0.0244687 for 2113025584
sendTime = 0.0153732 for 527882484
sendTime = 0.0454147 for 3369508161
sendTime = 0.0128222 for 3817516305
sendTime = 0.0151298 for 4072704170
total of 1.00279e+07 microseconds and 214 sleeps
CONFIG                                1      10421   0.10% 10421.00us/call
HEARTBEAT                            10        475   0.00%    47.50us/call
HELLO                                 1      18268   0.18% 18268.00us/call
PONG0                                 9        413   0.00%    45.89us/call
PONG1                                 9        263   0.00%    29.22us/call
asleep                              219    9957324  99.30% 45467.23us/call
checks                              218       1530   0.02%     7.02us/call
doConfig                            219       1799   0.02%     8.21us/call
doStartBidding                      219        844   0.01%     3.85us/call
doSubmitted                         219      36520   0.36%   166.76us/call
sendTime = 0.0208294 for 827277835
sendTime = 0.0103481 for 4169089148
sendTime = 0.0129616 for 2955874013
sendTime = 0.0124731 for 538437197
sendTime = 0.0140474 for 3082718582
sendTime = 0.0112739 for 656951954
sendTime = 0.0172684 for 3836094802
sendTime = 0.0113621 for 1161424334
sendTime = 0.0210106 for 1592738596
sendTime = 0.0101211 for 2427259632
sendTime = 0.014884 for 586160606
sendTime = 0.0144711 for 2622345483
sendTime = 0.0241282 for 1458927266
sendTime = 0.0116954 for 1700821358
sendTime = 0.0110378 for 400808100
sendTime = 0.0199878 for 54383440
sendTime = 0.0156088 for 1275986887
sendTime = 0.0256715 for 2902398876
sendTime = 0.0150282 for 3165052679
sendTime = 0.0110376 for 2279970610
sendTime = 0.0138979 for 4119224294
sendTime = 0.0101488 for 1382727173
sendTime = 0.0201309 for 4212033812
sendTime = 0.0214455 for 1435352397
sendTime = 0.0170734 for 719503311
sendTime = 0.0285888 for 2872164161
sendTime = 0.0210848 for 3786845233
sendTime = 0.0133941 for 1971549619
sendTime = 0.0195377 for 3865068487
sendTime = 0.0138304 for 1989559982
sendTime = 0.0118153 for 2693139073
sendTime = 0.0164499 for 2421029285
sendTime = 0.0243487 for 696580180
total of 1.0006e+07 microseconds and 218 sleeps
HEARTBEAT                            10        372   0.00%    37.20us/call
PONG0                                10        358   0.00%    35.80us/call
PONG1                                10        252   0.00%    25.20us/call
asleep                              220    9968237  99.62% 45310.17us/call
checks                              220       5322   0.05%    24.19us/call
doConfig                            220        708   0.01%     3.22us/call
doStartBidding                      220       1086   0.01%     4.94us/call
doSubmitted                         220      29702   0.30%   135.01us/call
total of 1.0027e+07 microseconds and 220 sleeps
HEARTBEAT                            10        550   0.01%    55.00us/call
PONG0                                10        758   0.01%    75.80us/call
PONG1                                10        487   0.00%    48.70us/call
asleep                              221   10014746  99.88% 45315.59us/call
checks                              221       7175   0.07%    32.47us/call
doConfig                            221        919   0.01%     4.16us/call
doStartBidding                      221       1623   0.02%     7.34us/call
doSubmitted                         221        722   0.01%     3.27us/call
total of 9.99513e+06 microseconds and 217 sleeps
HEARTBEAT                            10        484   0.00%    48.40us/call
PONG0                                10        314   0.00%    31.40us/call
PONG1                                10        335   0.00%    33.50us/call
asleep                              220    9987985  99.93% 45399.93us/call
checks                              220       1936   0.02%     8.80us/call
doConfig                            220        981   0.01%     4.46us/call
doStartBidding                      220       2070   0.02%     9.41us/call
doSubmitted                         220       1029   0.01%     4.68us/call
total of 1.00408e+07 microseconds and 219 sleeps
HEARTBEAT                            10        339   0.00%    33.90us/call
PONG0                                10        473   0.00%    47.30us/call
PONG1                                10        319   0.00%    31.90us/call
asleep                              220   10031683  99.91% 45598.56us/call
checks                              220       5505   0.05%    25.02us/call
doConfig                            220       1181   0.01%     5.37us/call
doStartBidding                      220        681   0.01%     3.10us/call
doSubmitted                         220        639   0.01%     2.90us/call
total of 1.00415e+07 microseconds and 216 sleeps
HEARTBEAT                            10        403   0.00%    40.30us/call
PONG0                                 9        316   0.00%    35.11us/call
PONG1                                 9        245   0.00%    27.22us/call
asleep                              219   10035508  99.94% 45824.24us/call
checks                              219       1877   0.02%     8.57us/call
doConfig                            219        935   0.01%     4.27us/call
doStartBidding                      219       1244   0.01%     5.68us/call
doSubmitted                         219       1001   0.01%     4.57us/call
total of 9.99694e+06 microseconds and 217 sleeps
HEARTBEAT                            10        766   0.01%    76.60us/call
PONG0                                10        516   0.01%    51.60us/call
PONG1                                10        395   0.00%    39.50us/call
asleep                              219    9987254  99.90% 45603.90us/call
checks                              219       5565   0.06%    25.41us/call
doConfig                            219        696   0.01%     3.18us/call
doStartBidding                      219        836   0.01%     3.82us/call
doSubmitted                         219        915   0.01%     4.18us/call
total of 1.00402e+07 microseconds and 220 sleeps
HEARTBEAT                            10        505   0.01%    50.50us/call
PONG0                                10        348   0.00%    34.80us/call
PONG1                                10        322   0.00%    32.20us/call
asleep                              221   10026981  99.87% 45370.95us/call
checks                              221       2753   0.03%    12.46us/call
doConfig                            221       1113   0.01%     5.04us/call
doStartBidding                      221       1045   0.01%     4.73us/call
doSubmitted                         221       7093   0.07%    32.10us/call
total of 9.99384e+06 microseconds and 220 sleeps
HEARTBEAT                            10        676   0.01%    67.60us/call
PONG0                                10        627   0.01%    62.70us/call
PONG1                                10        300   0.00%    30.00us/call
asleep                              220    9979765  99.86% 45362.57us/call
checks                              220       5497   0.06%    24.99us/call
doConfig                            220        905   0.01%     4.11us/call
doStartBidding                      220       5330   0.05%    24.23us/call
doSubmitted                         220        740   0.01%     3.36us/call
total of 1.00352e+07 microseconds and 219 sleeps
HEARTBEAT                            10        540   0.01%    54.00us/call
PONG0                                 9        374   0.00%    41.56us/call
PONG1                                 9        184   0.00%    20.44us/call
asleep                              219   10028196  99.93% 45790.85us/call
checks                              219       2476   0.02%    11.31us/call
doConfig                            219       1109   0.01%     5.06us/call
doStartBidding                      219       1409   0.01%     6.43us/call
doSubmitted                         219        955   0.01%     4.36us/call
total of 9.99262e+06 microseconds and 218 sleeps
HEARTBEAT                            10        776   0.01%    77.60us/call
PONG0                                10        573   0.01%    57.30us/call
PONG1                                10        324   0.00%    32.40us/call
asleep                              220    9986607  99.94% 45393.67us/call
checks                              220       1913   0.02%     8.70us/call
doConfig                            220        633   0.01%     2.88us/call
doStartBidding                      220        962   0.01%     4.37us/call
doSubmitted                         220        834   0.01%     3.79us/call
total of 9.99413e+06 microseconds and 218 sleeps
HEARTBEAT                            10        654   0.01%    65.40us/call
PONG0                                10        516   0.01%    51.60us/call
PONG1                                10        179   0.00%    17.90us/call
asleep                              220    9987585  99.93% 45398.11us/call
checks                              220       2507   0.03%    11.40us/call
doConfig                            220        877   0.01%     3.99us/call
doStartBidding                      220       1083   0.01%     4.92us/call
doSubmitted                         220        730   0.01%     3.32us/call
total of 9.99183e+06 microseconds and 217 sleeps
HEARTBEAT                            10        384   0.00%    38.40us/call
PONG0                                10        325   0.00%    32.50us/call
PONG1                                10        250   0.00%    25.00us/call
asleep                              221    9985899  99.94% 45185.06us/call
checks                              221       2414   0.02%    10.92us/call
doConfig                            221        584   0.01%     2.64us/call
doStartBidding                      221       1046   0.01%     4.73us/call
doSubmitted                         221        931   0.01%     4.21us/call
total of 1.00405e+07 microseconds and 217 sleeps
HEARTBEAT                            10        550   0.01%    55.00us/call
PONG0                                 9        324   0.00%    36.00us/call
PONG1                                 9        196   0.00%    21.78us/call
asleep                              218   10034727  99.94% 46030.86us/call
checks                              218       2353   0.02%    10.79us/call
doConfig                            218        710   0.01%     3.26us/call
doStartBidding                      218        999   0.01%     4.58us/call
doSubmitted                         218        640   0.01%     2.94us/call
total of 1.00386e+07 microseconds and 215 sleeps
HEARTBEAT                            10        345   0.00%    34.50us/call
PONG0                                10        424   0.00%    42.40us/call
PONG1                                10        277   0.00%    27.70us/call
asleep                              217   10021575  99.83% 46182.37us/call
checks                              217      11636   0.12%    53.62us/call
doConfig                            217       2323   0.02%    10.71us/call
doStartBidding                      217       1183   0.01%     5.45us/call
doSubmitted                         217        814   0.01%     3.75us/call
total of 9.99371e+06 microseconds and 218 sleeps
HEARTBEAT                            10        253   0.00%    25.30us/call
PONG0                                10        302   0.00%    30.20us/call
PONG1                                10        286   0.00%    28.60us/call
asleep                              220    9984681  99.91% 45384.91us/call
checks                              220       4680   0.05%    21.27us/call
doConfig                            220       1430   0.01%     6.50us/call
doStartBidding                      220       1364   0.01%     6.20us/call
doSubmitted                         220        710   0.01%     3.23us/call
total of 9.99263e+06 microseconds and 213 sleeps
HEARTBEAT                            10        487   0.00%    48.70us/call
PONG0                                10        451   0.00%    45.10us/call
PONG1                                10        238   0.00%    23.80us/call
asleep                              220    9982193  99.90% 45373.60us/call
checks                              220       6068   0.06%    27.58us/call
doConfig                            220        933   0.01%     4.24us/call
doStartBidding                      220       1256   0.01%     5.71us/call
doSubmitted                         220       1007   0.01%     4.58us/call
total of 9.99908e+06 microseconds and 218 sleeps
HEARTBEAT                            10        418   0.00%    41.80us/call
PONG0                                10        430   0.00%    43.00us/call
PONG1                                10        202   0.00%    20.20us/call
asleep                              220    9991797  99.93% 45417.26us/call
checks                              220       2428   0.02%    11.04us/call
doConfig                            220        612   0.01%     2.78us/call
doStartBidding                      220       1280   0.01%     5.82us/call
doSubmitted                         220       1911   0.02%     8.69us/call
total of 9.99274e+06 microseconds and 217 sleeps
HEARTBEAT                            10        440   0.00%    44.00us/call
PONG0                                 9        300   0.00%    33.33us/call
PONG1                                 9        453   0.00%    50.33us/call
asleep                              219    9986046  99.93% 45598.38us/call
checks                              219       2345   0.02%    10.71us/call
doConfig                            219       1081   0.01%     4.94us/call
doStartBidding                      219       1270   0.01%     5.80us/call
doSubmitted                         219        801   0.01%     3.66us/call
total of 1.00331e+07 microseconds and 220 sleeps
HEARTBEAT                            10        876   0.01%    87.60us/call
PONG0                                10        491   0.00%    49.10us/call
PONG1                                10        235   0.00%    23.50us/call
asleep                              221   10026614  99.93% 45369.29us/call
checks                              221       2324   0.02%    10.52us/call
doConfig                            221        711   0.01%     3.22us/call
doStartBidding                      221       1045   0.01%     4.73us/call
doSubmitted                         221        850   0.01%     3.85us/call
total of 1.0035e+07 microseconds and 218 sleeps
HEARTBEAT                            10        456   0.00%    45.60us/call
PONG0                                10        557   0.01%    55.70us/call
PONG1                                10        351   0.00%    35.10us/call
asleep                              221   10023716  99.89% 45356.18us/call
checks                              221       6475   0.06%    29.30us/call
doConfig                            221       1341   0.01%     6.07us/call
doStartBidding                      221       1298   0.01%     5.87us/call
doSubmitted                         221        800   0.01%     3.62us/call
total of 9.99601e+06 microseconds and 217 sleeps
HEARTBEAT                            10        608   0.01%    60.80us/call
PONG0                                10        714   0.01%    71.40us/call
PONG1                                10        264   0.00%    26.40us/call
asleep                              220    9989399  99.93% 45406.36us/call
checks                              220       2220   0.02%    10.09us/call
doConfig                            220        741   0.01%     3.37us/call
doStartBidding                      220       1098   0.01%     4.99us/call
doSubmitted                         220        964   0.01%     4.38us/call
total of 1.00318e+07 microseconds and 216 sleeps
HEARTBEAT                            10        416   0.00%    41.60us/call
PONG0                                 9        367   0.00%    40.78us/call
PONG1                                 9        314   0.00%    34.89us/call
asleep                              219   10024306  99.93% 45773.09us/call
checks                              219       4060   0.04%    18.54us/call
doConfig                            219        578   0.01%     2.64us/call
doStartBidding                      219       1070   0.01%     4.89us/call
doSubmitted                         219        656   0.01%     3.00us/call
total of 9.997e+06 microseconds and 215 sleeps
HEARTBEAT                            10        477   0.00%    47.70us/call
PONG0                                10        513   0.01%    51.30us/call
PONG1                                10        373   0.00%    37.30us/call
asleep                              218    9989185  99.92% 45821.95us/call
checks                              218       4318   0.04%    19.81us/call
doConfig                            218        608   0.01%     2.79us/call
doStartBidding                      218        956   0.01%     4.39us/call
doSubmitted                         218        573   0.01%     2.63us/call
total of 9.99476e+06 microseconds and 219 sleeps
HEARTBEAT                            10        311   0.00%    31.10us/call
PONG0                                10        502   0.01%    50.20us/call
PONG1                                10        197   0.00%    19.70us/call
asleep                              220    9988297  99.94% 45401.35us/call
checks                              220       3069   0.03%    13.95us/call
doConfig                            220        916   0.01%     4.16us/call
doStartBidding                      220        737   0.01%     3.35us/call
doSubmitted                         220        728   0.01%     3.31us/call
total of 1.00347e+07 microseconds and 217 sleeps
HEARTBEAT                            10        323   0.00%    32.30us/call
PONG0                                10        342   0.00%    34.20us/call
PONG1                                10        260   0.00%    26.00us/call
asleep                              220   10026811  99.92% 45576.41us/call
checks                              220       3643   0.04%    16.56us/call
doConfig                            220       1413   0.01%     6.42us/call
doStartBidding                      220       1252   0.01%     5.69us/call
doSubmitted                         220        647   0.01%     2.94us/call
total of 1.00353e+07 microseconds and 217 sleeps
HEARTBEAT                            10        417   0.00%    41.70us/call
PONG0                                 9        494   0.00%    54.89us/call
PONG1                                 9        491   0.00%    54.56us/call
asleep                              218   10029151  99.94% 46005.28us/call
checks                              218       1911   0.02%     8.77us/call
doConfig                            218        806   0.01%     3.70us/call
doStartBidding                      218       1234   0.01%     5.66us/call
doSubmitted                         218        810   0.01%     3.72us/call
total of 1.00115e+07 microseconds and 214 sleeps
HEARTBEAT                            10        469   0.00%    46.90us/call
PONG0                                10        341   0.00%    34.10us/call
PONG1                                10        425   0.00%    42.50us/call
asleep                              216   10004568  99.93% 46317.44us/call
checks                              216       3006   0.03%    13.92us/call
doConfig                            216       1042   0.01%     4.82us/call
doStartBidding                      216        925   0.01%     4.28us/call
doSubmitted                         216        718   0.01%     3.32us/call
total of 9.99868e+06 microseconds and 218 sleeps
HEARTBEAT                            10        258   0.00%    25.80us/call
PONG0                                10        534   0.01%    53.40us/call
PONG1                                10        424   0.00%    42.40us/call
asleep                              219    9982790  99.84% 45583.52us/call
checks                              219      12440   0.12%    56.80us/call
doConfig                            219        780   0.01%     3.56us/call
doStartBidding                      219        996   0.01%     4.55us/call
doSubmitted                         219        460   0.00%     2.10us/call
total of 1.00296e+07 microseconds and 217 sleeps
HEARTBEAT                            10        397   0.00%    39.70us/call
PONG0                                10        250   0.00%    25.00us/call
PONG1                                10        184   0.00%    18.40us/call
asleep                              220   10007846  99.78% 45490.21us/call
checks                              220      18491   0.18%    84.05us/call
doConfig                            220        604   0.01%     2.75us/call
doStartBidding                      220        665   0.01%     3.02us/call
doSubmitted                         220       1165   0.01%     5.30us/call
total of 1.00079e+07 microseconds and 218 sleeps
HEARTBEAT                            10        668   0.01%    66.80us/call
PONG0                                10        445   0.00%    44.50us/call
PONG1                                10        187   0.00%    18.70us/call
asleep                              220   10002029  99.94% 45463.77us/call
checks                              220       2398   0.02%    10.90us/call
doConfig                            220        672   0.01%     3.05us/call
doStartBidding                      220        864   0.01%     3.93us/call
doSubmitted                         220        625   0.01%     2.84us/call
total of 1.00022e+07 microseconds and 216 sleeps
HEARTBEAT                            11        577   0.01%    52.45us/call
PONG0                                 9        299   0.00%    33.22us/call
PONG1                                 9        178   0.00%    19.78us/call
asleep                              219    9984439  99.82% 45591.05us/call
checks                              219      13529   0.14%    61.78us/call
doConfig                            219        865   0.01%     3.95us/call
doStartBidding                      219       1288   0.01%     5.88us/call
doSubmitted                         219       1044   0.01%     4.77us/call
total of 9.99243e+06 microseconds and 214 sleeps
HEARTBEAT                            10        304   0.00%    30.40us/call
PONG0                                10       1416   0.01%   141.60us/call
PONG1                                10        248   0.00%    24.80us/call
asleep                              216    9981267  99.89% 46209.57us/call
checks                              216       6803   0.07%    31.50us/call
doConfig                            216        721   0.01%     3.34us/call
doStartBidding                      216        916   0.01%     4.24us/call
doSubmitted                         216        753   0.01%     3.49us/call
total of 9.98651e+06 microseconds and 217 sleeps
HEARTBEAT                            10        323   0.00%    32.30us/call
PONG0                                10        514   0.01%    51.40us/call
PONG1                                10        405   0.00%    40.50us/call
asleep                              219    9978917  99.92% 45565.83us/call
checks                              219       3653   0.04%    16.68us/call
doConfig                            219        880   0.01%     4.02us/call
doStartBidding                      219        873   0.01%     3.99us/call
doSubmitted                         219        944   0.01%     4.31us/call
total of 1.00347e+07 microseconds and 215 sleeps
HEARTBEAT                            10        350   0.00%    35.00us/call
PONG0                                10        426   0.00%    42.60us/call
PONG1                                10       1480   0.01%   148.00us/call
asleep                              220   10025195  99.90% 45569.07us/call
checks                              220       4115   0.04%    18.70us/call
doConfig                            220        718   0.01%     3.26us/call
doStartBidding                      220       1185   0.01%     5.39us/call
doSubmitted                         220       1276   0.01%     5.80us/call
total of 9.98746e+06 microseconds and 215 sleeps
HEARTBEAT                            10        310   0.00%    31.00us/call
PONG0                                 9        348   0.00%    38.67us/call
PONG1                                 9        269   0.00%    29.89us/call
asleep                              218    9980339  99.93% 45781.37us/call
checks                              218       3647   0.04%    16.73us/call
doConfig                            218        761   0.01%     3.49us/call
doStartBidding                      218       1018   0.01%     4.67us/call
doSubmitted                         218        764   0.01%     3.50us/call
total of 9.9276e+06 microseconds and 216 sleeps
HEARTBEAT                            10        582   0.01%    58.20us/call
PONG0                                10        448   0.00%    44.80us/call
PONG1                                10        266   0.00%    26.60us/call
asleep                              220    9918448  99.91% 45083.85us/call
checks                              220       4802   0.05%    21.83us/call
doConfig                            220        803   0.01%     3.65us/call
doStartBidding                      220       1125   0.01%     5.11us/call
doSubmitted                         220       1126   0.01%     5.12us/call
total of 1.00413e+07 microseconds and 218 sleeps
HEARTBEAT                            10        524   0.01%    52.40us/call
PONG0                                10        509   0.01%    50.90us/call
PONG1                                10        196   0.00%    19.60us/call
asleep                              221   10034104  99.93% 45403.19us/call
checks                              221       3103   0.03%    14.04us/call
doConfig                            221        752   0.01%     3.40us/call
doStartBidding                      221       1152   0.01%     5.21us/call
doSubmitted                         221        916   0.01%     4.14us/call
total of 9.99206e+06 microseconds and 220 sleeps
HEARTBEAT                            10        502   0.01%    50.20us/call
PONG0                                10        549   0.01%    54.90us/call
PONG1                                10        215   0.00%    21.50us/call
asleep                              220    9983838  99.92% 45381.08us/call
checks                              220       3421   0.03%    15.55us/call
doConfig                            220        843   0.01%     3.83us/call
doStartBidding                      220       1563   0.02%     7.10us/call
doSubmitted                         220       1134   0.01%     5.15us/call
total of 9.99099e+06 microseconds and 218 sleeps
HEARTBEAT                            10        519   0.01%    51.90us/call
PONG0                                 9        260   0.00%    28.89us/call
PONG1                                 9        180   0.00%    20.00us/call
asleep                              218    9983546  99.93% 45796.08us/call
checks                              218       4047   0.04%    18.56us/call
doConfig                            218        855   0.01%     3.92us/call
doStartBidding                      218        814   0.01%     3.73us/call
doSubmitted                         218        768   0.01%     3.52us/call
total of 1.00395e+07 microseconds and 218 sleeps
HEARTBEAT                            10        613   0.01%    61.30us/call
PONG0                                10        302   0.00%    30.20us/call
PONG1                                10        350   0.00%    35.00us/call
asleep                              221   10033306  99.94% 45399.57us/call
checks                              221       2553   0.03%    11.55us/call
doConfig                            221       1090   0.01%     4.93us/call
doStartBidding                      221        786   0.01%     3.56us/call
doSubmitted                         221        541   0.01%     2.45us/call
total of 1.00413e+07 microseconds and 219 sleeps
HEARTBEAT                            10        269   0.00%    26.90us/call
PONG0                                10        494   0.00%    49.40us/call
PONG1                                10        227   0.00%    22.70us/call
asleep                              221   10029438  99.88% 45382.07us/call
checks                              221       4110   0.04%    18.60us/call
doConfig                            221        802   0.01%     3.63us/call
doStartBidding                      221       5054   0.05%    22.87us/call
doSubmitted                         221        904   0.01%     4.09us/call
total of 1.00398e+07 microseconds and 220 sleeps
HEARTBEAT                            10        526   0.01%    52.60us/call
PONG0                                10        487   0.00%    48.70us/call
PONG1                                10        265   0.00%    26.50us/call
asleep                              221   10031635  99.92% 45392.01us/call
checks                              221       4250   0.04%    19.23us/call
doConfig                            221        764   0.01%     3.46us/call
doStartBidding                      221        930   0.01%     4.21us/call
doSubmitted                         221        929   0.01%     4.20us/call
total of 9.99775e+06 microseconds and 215 sleeps
HEARTBEAT                            10        436   0.00%    43.60us/call
PONG0                                10        813   0.01%    81.30us/call
PONG1                                10        199   0.00%    19.90us/call
asleep                              219    9988493  99.91% 45609.56us/call
checks                              219       4978   0.05%    22.73us/call
doConfig                            219        875   0.01%     4.00us/call
doStartBidding                      219       1115   0.01%     5.09us/call
doSubmitted                         219        844   0.01%     3.85us/call
total of 1.00367e+07 microseconds and 216 sleeps
HEARTBEAT                            10        413   0.00%    41.30us/call
PONG0                                 9        410   0.00%    45.56us/call
PONG1                                 9        368   0.00%    40.89us/call
asleep                              219   10029872  99.93% 45798.50us/call
checks                              219       2477   0.02%    11.31us/call
doConfig                            219        843   0.01%     3.85us/call
doStartBidding                      219        799   0.01%     3.65us/call
doSubmitted                         219       1518   0.02%     6.93us/call
total of 1.00417e+07 microseconds and 219 sleeps
HEARTBEAT                            10        417   0.00%    41.70us/call
PONG0                                10        472   0.00%    47.20us/call
PONG1                                10        191   0.00%    19.10us/call
asleep                              221   10034789  99.93% 45406.29us/call
checks                              221       2774   0.03%    12.55us/call
doConfig                            221        601   0.01%     2.72us/call
doStartBidding                      221       1467   0.01%     6.64us/call
doSubmitted                         221        954   0.01%     4.32us/call
total of 1.00425e+07 microseconds and 220 sleeps
HEARTBEAT                            10        377   0.00%    37.70us/call
PONG0                                10        436   0.00%    43.60us/call
PONG1                                10        281   0.00%    28.10us/call
asleep                              221   10034976  99.92% 45407.13us/call
checks                              221       2972   0.03%    13.45us/call
doConfig                            221       1192   0.01%     5.39us/call
doStartBidding                      221        974   0.01%     4.41us/call
doSubmitted                         221       1316   0.01%     5.95us/call
total of 9.99377e+06 microseconds and 220 sleeps
HEARTBEAT                            10        544   0.01%    54.40us/call
PONG0                                10        375   0.00%    37.50us/call
PONG1                                10        387   0.00%    38.70us/call
asleep                              220    9987017  99.93% 45395.53us/call
checks                              220       2681   0.03%    12.19us/call
doConfig                            220        778   0.01%     3.54us/call
doStartBidding                      220        949   0.01%     4.31us/call
doSubmitted                         220       1036   0.01%     4.71us/call
total of 9.99219e+06 microseconds and 220 sleeps
HEARTBEAT                            10        538   0.01%    53.80us/call
PONG0                                10        484   0.00%    48.40us/call
PONG1                                10        360   0.00%    36.00us/call
asleep                              220    9985204  99.93% 45387.29us/call
checks                              220       3011   0.03%    13.69us/call
doConfig                            220        728   0.01%     3.31us/call
doStartBidding                      220        826   0.01%     3.75us/call
doSubmitted                         220       1036   0.01%     4.71us/call
total of 1.00407e+07 microseconds and 214 sleeps
HEARTBEAT                            10        445   0.00%    44.50us/call
PONG0                                 9        254   0.00%    28.22us/call
PONG1                                 9        167   0.00%    18.56us/call
asleep                              219   10034679  99.94% 45820.45us/call
checks                              219       2364   0.02%    10.79us/call
doConfig                            219        800   0.01%     3.65us/call
doStartBidding                      219       1428   0.01%     6.52us/call
doSubmitted                         219        553   0.01%     2.53us/call
total of 1.00194e+07 microseconds and 216 sleeps
HEARTBEAT                            10        336   0.00%    33.60us/call
PONG0                                10        514   0.01%    51.40us/call
PONG1                                10        377   0.00%    37.70us/call
asleep                              221   10012960  99.94% 45307.51us/call
checks                              221       2134   0.02%     9.66us/call
doConfig                            221        677   0.01%     3.06us/call
doStartBidding                      221       1054   0.01%     4.77us/call
doSubmitted                         221       1375   0.01%     6.22us/call
total of 1.00152e+07 microseconds and 218 sleeps
HEARTBEAT                            10        581   0.01%    58.10us/call
PONG0                                10        417   0.00%    41.70us/call
PONG1                                10        208   0.00%    20.80us/call
asleep                              221   10007153  99.92% 45281.24us/call
checks                              221       3225   0.03%    14.59us/call
doConfig                            221        832   0.01%     3.76us/call
doStartBidding                      221       1490   0.01%     6.74us/call
doSubmitted                         221       1282   0.01%     5.80us/call
total of 1.00421e+07 microseconds and 219 sleeps
HEARTBEAT                            10        593   0.01%    59.30us/call
PONG0                                10        509   0.01%    50.90us/call
PONG1                                10        273   0.00%    27.30us/call
asleep                              221   10035209  99.93% 45408.19us/call
checks                              221       2869   0.03%    12.98us/call
doConfig                            221        796   0.01%     3.60us/call
doStartBidding                      221        959   0.01%     4.34us/call
doSubmitted                         221        867   0.01%     3.92us/call
