connecting to Carbon at 127.0.0.1:2003 (localhost)
2014-06-24 14:27:56.227 ZMQ ./soa/service/zmq_endpoint.cc:447 - bool Datacratic::ZmqNamedProxy::connect(const string&, Datacratic::ConnectionStyle) [1;31mconnecting to monitor/zeromq[0m
2014-06-24 14:27:56.241 ZMQ ./soa/service/zmq_endpoint.cc:494 - bool Datacratic::ZmqNamedProxy::connect(const string&, Datacratic::ConnectionStyle) [1;31mconnected to tcp://127.0.0.1:24000[0m
2014-06-24 14:27:56.253 ZMQ ./soa/service/zmq_endpoint.cc:447 - bool Datacratic::ZmqNamedProxy::connect(const string&, Datacratic::ConnectionStyle) [1;31mconnecting to monitor/zeromq[0m
2014-06-24 14:27:56.266 ZMQ ./soa/service/zmq_endpoint.cc:494 - bool Datacratic::ZmqNamedProxy::connect(const string&, Datacratic::ConnectionStyle) [1;31mconnected to tcp://127.0.0.1:24000[0m
2014-06-24 14:27:56.274 ZMQ ./soa/service/zmq_endpoint.cc:447 - bool Datacratic::ZmqNamedProxy::connect(const string&, Datacratic::ConnectionStyle) [1;31mconnecting to masterBanker/zeromq[0m
2014-06-24 14:27:56.284 ZMQ ./soa/service/zmq_endpoint.cc:494 - bool Datacratic::ZmqNamedProxy::connect(const string&, Datacratic::ConnectionStyle) [1;31mconnected to tcp://127.0.0.1:22000[0m
2014-06-24 14:27:56.373 ZMQ ./soa/service/zmq_endpoint.cc:447 - bool Datacratic::ZmqNamedProxy::connect(const string&, Datacratic::ConnectionStyle) [1;31mconnecting to PostAuctionLoop/events[0m
2014-06-24 14:27:56.379 ZMQ ./soa/service/zmq_endpoint.cc:494 - bool Datacratic::ZmqNamedProxy::connect(const string&, Datacratic::ConnectionStyle) [1;31mconnected to tcp://127.0.0.1:20000[0m
2014-06-24 14:27:56.384 ZMQ ./soa/service/zmq_endpoint.cc:447 - bool Datacratic::ZmqNamedProxy::connect(const string&, Datacratic::ConnectionStyle) [1;31mconnecting to agentConfigurationService/listen[0m
2014-06-24 14:27:56.388 ZMQ ./soa/service/zmq_endpoint.cc:494 - bool Datacratic::ZmqNamedProxy::connect(const string&, Datacratic::ConnectionStyle) [1;31mconnected to tcp://127.0.0.1:19000[0m
agent fixed-price-agent-ex_3917 connected to router
augmentor frequency-cap-ex has connected
listening on hostname 0.0.0.0 port 12339
got configuration message fixed-price-agent-ex_3917


agent fixed-price-agent-ex_3917 got new configuration
********* calling addSpendAccount for hello:world for SlaveBanker router.slaveBanker
2014-06-24 14:27:57.222 [LOG] MonitorClient ./rtbkit/core/monitor/monitor_client.cc:70 - void RTBKIT::MonitorClient::checkTimeout() [1;31mcheckTimeout: last request dropped[0m
sendTime = 0.0105846 for 2555225802
sendTime = 0.0113816 for 1864232720
sendTime = 0.0119996 for 2402402889
sendTime = 0.0145328 for 2464457226
sendTime = 0.0100009 for 4292884240
sendTime = 0.024652 for 2465021370
total of 9.9834e+06 microseconds and 344 sleeps
BID                                  83      23072   0.23%   277.98us/call
CONFIG                                1         74   0.00%    74.00us/call
HEARTBEAT                            10        376   0.00%    37.60us/call
HELLO                                 1        257   0.00%   257.00us/call
PONG0                                 9        353   0.00%    39.22us/call
PONG1                                 9        219   0.00%    24.33us/call
asleep                              353    9910542  99.27% 28075.19us/call
checks                              352       1970   0.02%     5.60us/call
doConfig                            353       1990   0.02%     5.64us/call
doStartBidding                      353      18375   0.18%    52.05us/call
doSubmitted                         353      26172   0.26%    74.14us/call
sendTime = 0.0140023 for 2094972140
sendTime = 0.0256865 for 1693622055
sendTime = 0.0122588 for 3016932885
sendTime = 0.0130193 for 827520624
sendTime = 0.0103586 for 1887303209
sendTime = 0.0100582 for 1544061317
sendTime = 0.0119355 for 3916801427
sendTime = 0.0219672 for 2860026795
sendTime = 0.0197101 for 2990264478
sendTime = 0.0104296 for 2174834950
sendTime = 0.011687 for 3316354488
sendTime = 0.0132742 for 2752406883
sendTime = 0.0120542 for 2622870287
sendTime = 0.0128317 for 334666676
sendTime = 0.0187826 for 1109403849
total of 1.00226e+07 microseconds and 314 sleeps
BID                                  62      35595   0.36%   574.11us/call
HEARTBEAT                            10        392   0.00%    39.20us/call
PONG0                                10        388   0.00%    38.80us/call
PONG1                                10        372   0.00%    37.20us/call
asleep                              318    9941548  99.19% 31262.73us/call
checks                              318       3062   0.03%     9.63us/call
doConfig                            318       1261   0.01%     3.97us/call
doStartBidding                      318      25418   0.25%    79.93us/call
doSubmitted                         318      14568   0.15%    45.81us/call
total of 1.00416e+07 microseconds and 218 sleeps
HEARTBEAT                            10        651   0.01%    65.10us/call
PONG0                                10        310   0.00%    31.00us/call
PONG1                                10        581   0.01%    58.10us/call
asleep                              221   10034272  99.93% 45403.95us/call
checks                              221       3165   0.03%    14.32us/call
doConfig                            221        782   0.01%     3.54us/call
doStartBidding                      221        938   0.01%     4.24us/call
doSubmitted                         221        885   0.01%     4.00us/call
total of 1.00294e+07 microseconds and 217 sleeps
HEARTBEAT                            10        257   0.00%    25.70us/call
PONG0                                10        425   0.00%    42.50us/call
PONG1                                10        279   0.00%    27.90us/call
asleep                              221   10023984  99.95% 45357.39us/call
checks                              221       1746   0.02%     7.90us/call
doConfig                            221        885   0.01%     4.00us/call
doStartBidding                      221       1179   0.01%     5.33us/call
doSubmitted                         221        609   0.01%     2.76us/call
total of 9.99447e+06 microseconds and 218 sleeps
HEARTBEAT                            10        426   0.00%    42.60us/call
PONG0                                10        337   0.00%    33.70us/call
PONG1                                10        195   0.00%    19.50us/call
asleep                              220    9988514  99.94% 45402.34us/call
checks                              220       2097   0.02%     9.53us/call
doConfig                            220        839   0.01%     3.81us/call
doStartBidding                      220       1075   0.01%     4.89us/call
doSubmitted                         220        989   0.01%     4.50us/call
total of 1.00379e+07 microseconds and 218 sleeps
HEARTBEAT                            10        307   0.00%    30.70us/call
PONG0                                 9        298   0.00%    33.11us/call
PONG1                                 9        295   0.00%    32.78us/call
asleep                              219   10032077  99.94% 45808.57us/call
checks                              219       2397   0.02%    10.95us/call
doConfig                            219        889   0.01%     4.06us/call
doStartBidding                      219        959   0.01%     4.38us/call
doSubmitted                         219        689   0.01%     3.15us/call
total of 1.00153e+07 microseconds and 218 sleeps
HEARTBEAT                            10        326   0.00%    32.60us/call
PONG0                                10        359   0.00%    35.90us/call
PONG1                                10        183   0.00%    18.30us/call
asleep                              220   10007873  99.93% 45490.33us/call
checks                              220       2118   0.02%     9.63us/call
doConfig                            220       2645   0.03%    12.02us/call
doStartBidding                      220       1035   0.01%     4.70us/call
doSubmitted                         220        758   0.01%     3.45us/call
total of 1.0036e+07 microseconds and 219 sleeps
HEARTBEAT                            10        271   0.00%    27.10us/call
PONG0                                10        329   0.00%    32.90us/call
PONG1                                10        294   0.00%    29.40us/call
asleep                              221   10026954  99.91% 45370.83us/call
checks                              221       4041   0.04%    18.29us/call
doConfig                            221        974   0.01%     4.41us/call
doStartBidding                      221        841   0.01%     3.81us/call
doSubmitted                         221       2260   0.02%    10.23us/call
total of 1.00291e+07 microseconds and 218 sleeps
HEARTBEAT                            10        300   0.00%    30.00us/call
PONG0                                10        374   0.00%    37.40us/call
PONG1                                10        274   0.00%    27.40us/call
asleep                              221   10023436  99.94% 45354.91us/call
checks                              221       2055   0.02%     9.30us/call
doConfig                            221        713   0.01%     3.23us/call
doStartBidding                      221       1117   0.01%     5.05us/call
doSubmitted                         221        789   0.01%     3.57us/call
total of 1.00401e+07 microseconds and 217 sleeps
HEARTBEAT                            10        468   0.00%    46.80us/call
PONG0                                10        268   0.00%    26.80us/call
PONG1                                10        292   0.00%    29.20us/call
asleep                              221   10034013  99.94% 45402.77us/call
checks                              221       1973   0.02%     8.93us/call
doConfig                            221       1156   0.01%     5.23us/call
doStartBidding                      221       1190   0.01%     5.38us/call
doSubmitted                         221        789   0.01%     3.57us/call
total of 1.00331e+07 microseconds and 218 sleeps
HEARTBEAT                            10        456   0.00%    45.60us/call
PONG0                                 9       3462   0.03%   384.67us/call
PONG1                                 9        263   0.00%    29.22us/call
asleep                              219   10023820  99.91% 45770.87us/call
checks                              219       2067   0.02%     9.44us/call
doConfig                            219        933   0.01%     4.26us/call
doStartBidding                      219       1251   0.01%     5.71us/call
doSubmitted                         219        838   0.01%     3.83us/call
total of 1.00392e+07 microseconds and 219 sleeps
HEARTBEAT                            10        595   0.01%    59.50us/call
PONG0                                10        504   0.01%    50.40us/call
PONG1                                10        264   0.00%    26.40us/call
asleep                              221   10033330  99.94% 45399.68us/call
checks                              221       2060   0.02%     9.32us/call
doConfig                            221        648   0.01%     2.93us/call
doStartBidding                      221       1182   0.01%     5.35us/call
doSubmitted                         221        583   0.01%     2.64us/call
total of 9.99543e+06 microseconds and 217 sleeps
HEARTBEAT                            10        410   0.00%    41.00us/call
PONG0                                10        413   0.00%    41.30us/call
PONG1                                10        344   0.00%    34.40us/call
asleep                              220    9989505  99.94% 45406.84us/call
checks                              220       1972   0.02%     8.96us/call
doConfig                            220       1043   0.01%     4.74us/call
doStartBidding                      220       1004   0.01%     4.56us/call
doSubmitted                         220        741   0.01%     3.37us/call
total of 1.00041e+07 microseconds and 217 sleeps
HEARTBEAT                            10        443   0.00%    44.30us/call
PONG0                                10        424   0.00%    42.40us/call
PONG1                                10        241   0.00%    24.10us/call
asleep                              220    9997615  99.94% 45443.70us/call
checks                              220       3027   0.03%    13.76us/call
doConfig                            220        528   0.01%     2.40us/call
doStartBidding                      220        877   0.01%     3.99us/call
doSubmitted                         220        909   0.01%     4.13us/call
total of 1.00345e+07 microseconds and 217 sleeps
HEARTBEAT                            10        351   0.00%    35.10us/call
PONG0                                10        471   0.00%    47.10us/call
PONG1                                10        204   0.00%    20.40us/call
asleep                              220   10028103  99.94% 45582.29us/call
checks                              220       2887   0.03%    13.12us/call
doConfig                            220       1022   0.01%     4.65us/call
doStartBidding                      220        805   0.01%     3.66us/call
doSubmitted                         220        633   0.01%     2.88us/call
total of 1.00304e+07 microseconds and 216 sleeps
HEARTBEAT                            10        345   0.00%    34.50us/call
PONG0                                 9        248   0.00%    27.56us/call
PONG1                                 9        253   0.00%    28.11us/call
asleep                              219   10024822  99.94% 45775.44us/call
checks                              219       2087   0.02%     9.53us/call
doConfig                            219       1230   0.01%     5.62us/call
doStartBidding                      219        647   0.01%     2.95us/call
doSubmitted                         219        787   0.01%     3.59us/call
total of 9.99899e+06 microseconds and 219 sleeps
HEARTBEAT                            10        256   0.00%    25.60us/call
PONG0                                10        348   0.00%    34.80us/call
PONG1                                10        280   0.00%    28.00us/call
asleep                              220    9993287  99.94% 45424.03us/call
checks                              220       2083   0.02%     9.47us/call
doConfig                            220        643   0.01%     2.92us/call
doStartBidding                      220       1037   0.01%     4.71us/call
doSubmitted                         220       1055   0.01%     4.80us/call
total of 1.0038e+07 microseconds and 219 sleeps
HEARTBEAT                            10        301   0.00%    30.10us/call
PONG0                                10        456   0.00%    45.60us/call
PONG1                                10        185   0.00%    18.50us/call
asleep                              221   10032530  99.95% 45396.06us/call
checks                              221       2256   0.02%    10.21us/call
doConfig                            221        613   0.01%     2.77us/call
doStartBidding                      221        898   0.01%     4.06us/call
doSubmitted                         221        804   0.01%     3.64us/call
total of 9.98317e+06 microseconds and 216 sleeps
HEARTBEAT                            10        460   0.00%    46.00us/call
PONG0                                10        429   0.00%    42.90us/call
PONG1                                10        224   0.00%    22.40us/call
asleep                              220    9976937  99.94% 45349.71us/call
checks                              220       2068   0.02%     9.40us/call
doConfig                            220        767   0.01%     3.49us/call
doStartBidding                      220       1544   0.02%     7.02us/call
doSubmitted                         220        743   0.01%     3.38us/call
total of 9.99191e+06 microseconds and 217 sleeps
HEARTBEAT                            10        395   0.00%    39.50us/call
PONG0                                 9        412   0.00%    45.78us/call
PONG1                                 9        341   0.00%    37.89us/call
asleep                              218    9986051  99.94% 45807.57us/call
checks                              218       2260   0.02%    10.37us/call
doConfig                            218        723   0.01%     3.32us/call
doStartBidding                      218        986   0.01%     4.52us/call
doSubmitted                         218        744   0.01%     3.41us/call
total of 9.99755e+06 microseconds and 215 sleeps
HEARTBEAT                            10        415   0.00%    41.50us/call
PONG0                                10        479   0.00%    47.90us/call
PONG1                                10        219   0.00%    21.90us/call
asleep                              220    9991903  99.94% 45417.74us/call
checks                              220       2337   0.02%    10.62us/call
doConfig                            220        555   0.01%     2.52us/call
doStartBidding                      220        859   0.01%     3.90us/call
doSubmitted                         220        782   0.01%     3.55us/call
total of 1.00218e+07 microseconds and 217 sleeps
HEARTBEAT                            10        450   0.00%    45.00us/call
PONG0                                10        620   0.01%    62.00us/call
PONG1                                10        274   0.00%    27.40us/call
asleep                              221   10015728  99.94% 45320.04us/call
checks                              221       2495   0.02%    11.29us/call
doConfig                            221        588   0.01%     2.66us/call
doStartBidding                      221        900   0.01%     4.07us/call
doSubmitted                         221        706   0.01%     3.19us/call
total of 1.00025e+07 microseconds and 220 sleeps
HEARTBEAT                            10        418   0.00%    41.80us/call
PONG0                                10        419   0.00%    41.90us/call
PONG1                                10        252   0.00%    25.20us/call
asleep                              220    9996536  99.94% 45438.80us/call
checks                              220       2237   0.02%    10.17us/call
doConfig                            220        770   0.01%     3.50us/call
doStartBidding                      220       1158   0.01%     5.26us/call
doSubmitted                         220        672   0.01%     3.05us/call
total of 9.9961e+06 microseconds and 216 sleeps
HEARTBEAT                            10        500   0.01%    50.00us/call
PONG0                                10        408   0.00%    40.80us/call
PONG1                                10        349   0.00%    34.90us/call
asleep                              221    9990230  99.94% 45204.66us/call
checks                              221       2156   0.02%     9.76us/call
doConfig                            221        614   0.01%     2.78us/call
doStartBidding                      221        767   0.01%     3.47us/call
doSubmitted                         221       1079   0.01%     4.88us/call
total of 1.00079e+07 microseconds and 215 sleeps
HEARTBEAT                            11        481   0.00%    43.73us/call
PONG0                                 9        283   0.00%    31.44us/call
PONG1                                 9        267   0.00%    29.67us/call
asleep                              219   10001905  99.94% 45670.80us/call
checks                              219       2094   0.02%     9.56us/call
doConfig                            219        918   0.01%     4.19us/call
doStartBidding                      219       1062   0.01%     4.85us/call
doSubmitted                         219        924   0.01%     4.22us/call
total of 1.00397e+07 microseconds and 217 sleeps
HEARTBEAT                            10        421   0.00%    42.10us/call
PONG0                                10        391   0.00%    39.10us/call
PONG1                                10        960   0.01%    96.00us/call
asleep                              221   10033658  99.94% 45401.17us/call
checks                              221       1749   0.02%     7.91us/call
doConfig                            221       1016   0.01%     4.60us/call
doStartBidding                      221        833   0.01%     3.77us/call
doSubmitted                         221        714   0.01%     3.23us/call
total of 9.99186e+06 microseconds and 218 sleeps
HEARTBEAT                            10        349   0.00%    34.90us/call
PONG0                                10        467   0.00%    46.70us/call
PONG1                                10        242   0.00%    24.20us/call
asleep                              220    9986262  99.94% 45392.10us/call
checks                              220       2305   0.02%    10.48us/call
doConfig                            220        763   0.01%     3.47us/call
doStartBidding                      220        768   0.01%     3.49us/call
doSubmitted                         220        701   0.01%     3.19us/call
total of 1.00417e+07 microseconds and 219 sleeps
HEARTBEAT                            10        437   0.00%    43.70us/call
PONG0                                10        616   0.01%    61.60us/call
PONG1                                10        269   0.00%    26.90us/call
asleep                              221   10035851  99.94% 45411.09us/call
checks                              221       2083   0.02%     9.43us/call
doConfig                            221        703   0.01%     3.18us/call
doStartBidding                      221        997   0.01%     4.51us/call
doSubmitted                         221        764   0.01%     3.46us/call
total of 9.99797e+06 microseconds and 218 sleeps
HEARTBEAT                            10        495   0.00%    49.50us/call
PONG0                                10        406   0.00%    40.60us/call
PONG1                                10        319   0.00%    31.90us/call
asleep                              220    9991815  99.94% 45417.34us/call
checks                              220       2464   0.02%    11.20us/call
doConfig                            220        790   0.01%     3.59us/call
doStartBidding                      220       1222   0.01%     5.55us/call
doSubmitted                         220        457   0.00%     2.08us/call
total of 1.00386e+07 microseconds and 216 sleeps
HEARTBEAT                            10        351   0.00%    35.10us/call
PONG0                                 9        351   0.00%    39.00us/call
PONG1                                 9        269   0.00%    29.89us/call
asleep                              219   10033516  99.95% 45815.14us/call
checks                              219       1789   0.02%     8.17us/call
doConfig                            219        759   0.01%     3.47us/call
doStartBidding                      219        982   0.01%     4.48us/call
doSubmitted                         219        564   0.01%     2.58us/call
total of 1.00417e+07 microseconds and 217 sleeps
HEARTBEAT                            10        445   0.00%    44.50us/call
PONG0                                10        448   0.00%    44.80us/call
PONG1                                10        200   0.00%    20.00us/call
asleep                              221   10036405  99.95% 45413.60us/call
checks                              221       1910   0.02%     8.64us/call
doConfig                            221        609   0.01%     2.76us/call
doStartBidding                      221       1054   0.01%     4.77us/call
doSubmitted                         221        666   0.01%     3.01us/call
total of 1.00423e+07 microseconds and 219 sleeps
HEARTBEAT                            10        337   0.00%    33.70us/call
PONG0                                10        508   0.01%    50.80us/call
PONG1                                10        395   0.00%    39.50us/call
asleep                              221   10032823  99.91% 45397.39us/call
checks                              221       6110   0.06%    27.65us/call
doConfig                            221        627   0.01%     2.84us/call
doStartBidding                      221        739   0.01%     3.34us/call
doSubmitted                         221        748   0.01%     3.38us/call
total of 1.00407e+07 microseconds and 217 sleeps
HEARTBEAT                            10        506   0.01%    50.60us/call
PONG0                                10        407   0.00%    40.70us/call
PONG1                                10        191   0.00%    19.10us/call
asleep                              219   10035340  99.95% 45823.47us/call
checks                              219       2106   0.02%     9.62us/call
doConfig                            219        668   0.01%     3.05us/call
doStartBidding                      219        748   0.01%     3.42us/call
doSubmitted                         219        721   0.01%     3.29us/call
total of 9.99905e+06 microseconds and 218 sleeps
HEARTBEAT                            10        701   0.01%    70.10us/call
PONG0                                10        727   0.01%    72.70us/call
PONG1                                10        239   0.00%    23.90us/call
asleep                              221    9993175  99.94% 45217.99us/call
checks                              221       2029   0.02%     9.18us/call
doConfig                            221        632   0.01%     2.86us/call
doStartBidding                      221        775   0.01%     3.51us/call
doSubmitted                         221        772   0.01%     3.49us/call
total of 1.00387e+07 microseconds and 217 sleeps
HEARTBEAT                            10        483   0.00%    48.30us/call
PONG0                                 9        335   0.00%    37.22us/call
PONG1                                 9        157   0.00%    17.44us/call
asleep                              219   10033453  99.95% 45814.85us/call
checks                              219       1793   0.02%     8.19us/call
doConfig                            219        692   0.01%     3.16us/call
doStartBidding                      219        822   0.01%     3.75us/call
doSubmitted                         219        989   0.01%     4.52us/call
total of 1.00403e+07 microseconds and 219 sleeps
HEARTBEAT                            10        390   0.00%    39.00us/call
PONG0                                10        396   0.00%    39.60us/call
PONG1                                10        218   0.00%    21.80us/call
asleep                              221   10034898  99.95% 45406.78us/call
checks                              221       1962   0.02%     8.88us/call
doConfig                            221        900   0.01%     4.07us/call
doStartBidding                      221        695   0.01%     3.14us/call
doSubmitted                         221        831   0.01%     3.76us/call
total of 9.99295e+06 microseconds and 219 sleeps
HEARTBEAT                            10        309   0.00%    30.90us/call
PONG0                                10        281   0.00%    28.10us/call
PONG1                                10        248   0.00%    24.80us/call
asleep                              221    9986105  99.93% 45186.00us/call
checks                              221       2750   0.03%    12.44us/call
doConfig                            221        559   0.01%     2.53us/call
doStartBidding                      221       1168   0.01%     5.29us/call
doSubmitted                         221       1529   0.02%     6.92us/call
total of 9.99998e+06 microseconds and 218 sleeps
HEARTBEAT                            10        574   0.01%    57.40us/call
PONG0                                10        428   0.00%    42.80us/call
PONG1                                10        257   0.00%    25.70us/call
asleep                              220    9994642  99.95% 45430.19us/call
checks                              220       1690   0.02%     7.68us/call
doConfig                            220        565   0.01%     2.57us/call
doStartBidding                      220        956   0.01%     4.35us/call
doSubmitted                         220        867   0.01%     3.94us/call
total of 1.00373e+07 microseconds and 221 sleeps
HEARTBEAT                            10        491   0.00%    49.10us/call
PONG0                                10        539   0.01%    53.90us/call
PONG1                                10        237   0.00%    23.70us/call
asleep                              221   10026089  99.89% 45366.92us/call
checks                              221       2490   0.02%    11.27us/call
doConfig                            221       1682   0.02%     7.61us/call
doStartBidding                      221       1100   0.01%     4.98us/call
doSubmitted                         221       4649   0.05%    21.04us/call
total of 1.00083e+07 microseconds and 215 sleeps
HEARTBEAT                            10        508   0.01%    50.80us/call
PONG0                                 9        233   0.00%    25.89us/call
PONG1                                 9        224   0.00%    24.89us/call
asleep                              219   10002995  99.95% 45675.78us/call
checks                              219       1756   0.02%     8.02us/call
doConfig                            219        866   0.01%     3.95us/call
doStartBidding                      219       1010   0.01%     4.61us/call
doSubmitted                         219        737   0.01%     3.37us/call
total of 1.00189e+07 microseconds and 218 sleeps
HEARTBEAT                            10        846   0.01%    84.60us/call
PONG0                                10        348   0.00%    34.80us/call
PONG1                                10        338   0.00%    33.80us/call
asleep                              221   10011792  99.93% 45302.23us/call
checks                              221       2077   0.02%     9.40us/call
doConfig                            221        627   0.01%     2.84us/call
doStartBidding                      221       1405   0.01%     6.36us/call
doSubmitted                         221       1460   0.01%     6.61us/call
total of 9.99676e+06 microseconds and 218 sleeps
HEARTBEAT                            10        303   0.00%    30.30us/call
PONG0                                10        272   0.00%    27.20us/call
PONG1                                10        254   0.00%    25.40us/call
asleep                              220    9991097  99.94% 45414.08us/call
checks                              220       2416   0.02%    10.98us/call
doConfig                            220        920   0.01%     4.18us/call
doStartBidding                      220        900   0.01%     4.09us/call
doSubmitted                         220        598   0.01%     2.72us/call
total of 1.00357e+07 microseconds and 218 sleeps
HEARTBEAT                            10        522   0.01%    52.20us/call
PONG0                                10        372   0.00%    37.20us/call
PONG1                                10        335   0.00%    33.50us/call
asleep                              221   10029980  99.94% 45384.52us/call
checks                              221       2449   0.02%    11.08us/call
doConfig                            221        761   0.01%     3.44us/call
doStartBidding                      221        621   0.01%     2.81us/call
doSubmitted                         221        638   0.01%     2.89us/call
total of 9.9912e+06 microseconds and 218 sleeps
HEARTBEAT                            10        503   0.01%    50.30us/call
PONG0                                10        416   0.00%    41.60us/call
PONG1                                10        288   0.00%    28.80us/call
asleep                              220    9985152  99.94% 45387.05us/call
checks                              220       2417   0.02%    10.99us/call
doConfig                            220        724   0.01%     3.29us/call
doStartBidding                      220        922   0.01%     4.19us/call
doSubmitted                         220        779   0.01%     3.54us/call
total of 1.00288e+07 microseconds and 218 sleeps
HEARTBEAT                            10        698   0.01%    69.80us/call
PONG0                                 9        416   0.00%    46.22us/call
PONG1                                 9        363   0.00%    40.33us/call
asleep                              219   10020995  99.92% 45757.97us/call
checks                              219       1932   0.02%     8.82us/call
doConfig                            219        681   0.01%     3.11us/call
doStartBidding                      219       2988   0.03%    13.64us/call
doSubmitted                         219        714   0.01%     3.26us/call
total of 9.99378e+06 microseconds and 218 sleeps
HEARTBEAT                            10        433   0.00%    43.30us/call
PONG0                                10        390   0.00%    39.00us/call
PONG1                                10        250   0.00%    25.00us/call
asleep                              220    9987840  99.94% 45399.27us/call
checks                              220       1784   0.02%     8.11us/call
doConfig                            220       1193   0.01%     5.42us/call
doStartBidding                      220        904   0.01%     4.11us/call
doSubmitted                         220        988   0.01%     4.49us/call
total of 9.99295e+06 microseconds and 216 sleeps
HEARTBEAT                            10        373   0.00%    37.30us/call
PONG0                                10        385   0.00%    38.50us/call
PONG1                                10        344   0.00%    34.40us/call
asleep                              220    9987593  99.95% 45398.15us/call
checks                              220       1860   0.02%     8.45us/call
doConfig                            220        666   0.01%     3.03us/call
doStartBidding                      220       1157   0.01%     5.26us/call
doSubmitted                         220        574   0.01%     2.61us/call
total of 9.99565e+06 microseconds and 218 sleeps
HEARTBEAT                            10        426   0.00%    42.60us/call
PONG0                                10        347   0.00%    34.70us/call
PONG1                                10        174   0.00%    17.40us/call
asleep                              220    9990576  99.95% 45411.71us/call
checks                              220       2019   0.02%     9.18us/call
doConfig                            220        689   0.01%     3.13us/call
doStartBidding                      220        811   0.01%     3.69us/call
doSubmitted                         220        610   0.01%     2.77us/call
total of 9.99383e+06 microseconds and 216 sleeps
HEARTBEAT                            10        405   0.00%    40.50us/call
PONG0                                 9        312   0.00%    34.67us/call
PONG1                                 9        241   0.00%    26.78us/call
asleep                              219    9988886  99.95% 45611.35us/call
checks                              219       1790   0.02%     8.17us/call
doConfig                            219        605   0.01%     2.76us/call
doStartBidding                      219       1010   0.01%     4.61us/call
doSubmitted                         219        585   0.01%     2.67us/call
total of 1.00363e+07 microseconds and 219 sleeps
HEARTBEAT                            10        234   0.00%    23.40us/call
PONG0                                10        333   0.00%    33.30us/call
PONG1                                10        243   0.00%    24.30us/call
asleep                              221   10031001  99.95% 45389.14us/call
checks                              221       1841   0.02%     8.33us/call
doConfig                            221        840   0.01%     3.80us/call
doStartBidding                      221        765   0.01%     3.46us/call
doSubmitted                         221       1090   0.01%     4.93us/call
total of 1.00416e+07 microseconds and 218 sleeps
HEARTBEAT                            10        387   0.00%    38.70us/call
PONG0                                10        430   0.00%    43.00us/call
PONG1                                10        413   0.00%    41.30us/call
asleep                              221   10035039  99.93% 45407.42us/call
checks                              221       2279   0.02%    10.31us/call
doConfig                            221        913   0.01%     4.13us/call
doStartBidding                      221       1364   0.01%     6.17us/call
doSubmitted                         221        802   0.01%     3.63us/call
total of 9.9934e+06 microseconds and 219 sleeps
HEARTBEAT                            10        273   0.00%    27.30us/call
PONG0                                10        369   0.00%    36.90us/call
PONG1                                10        272   0.00%    27.20us/call
asleep                              220    9988452  99.95% 45402.05us/call
checks                              220       2113   0.02%     9.60us/call
doConfig                            220        532   0.01%     2.42us/call
doStartBidding                      220        936   0.01%     4.25us/call
doSubmitted                         220        454   0.00%     2.06us/call
total of 1.00361e+07 microseconds and 216 sleeps
HEARTBEAT                            10        959   0.01%    95.90us/call
PONG0                                 9        452   0.00%    50.22us/call
PONG1                                 9        198   0.00%    22.00us/call
asleep                              219   10029799  99.94% 45798.17us/call
checks                              219       2072   0.02%     9.46us/call
doConfig                            219        880   0.01%     4.02us/call
doStartBidding                      219        726   0.01%     3.32us/call
doSubmitted                         219       1029   0.01%     4.70us/call
total of 9.99699e+06 microseconds and 216 sleeps
HEARTBEAT                            10        435   0.00%    43.50us/call
PONG0                                10        299   0.00%    29.90us/call
PONG1                                10        237   0.00%    23.70us/call
asleep                              219    9987790  99.91% 45606.35us/call
checks                              219       2194   0.02%    10.02us/call
doConfig                            219        613   0.01%     2.80us/call
doStartBidding                      219        748   0.01%     3.42us/call
doSubmitted                         219       4674   0.05%    21.34us/call
total of 1.00038e+07 microseconds and 216 sleeps
HEARTBEAT                            10        527   0.01%    52.70us/call
PONG0                                10        477   0.00%    47.70us/call
PONG1                                10        365   0.00%    36.50us/call
asleep                              220    9998398  99.95% 45447.26us/call
checks                              220       1900   0.02%     8.64us/call
doConfig                            220        626   0.01%     2.85us/call
doStartBidding                      220        868   0.01%     3.95us/call
doSubmitted                         220        628   0.01%     2.85us/call
total of 9.99296e+06 microseconds and 215 sleeps
HEARTBEAT                            10        255   0.00%    25.50us/call
PONG0                                10        418   0.00%    41.80us/call
PONG1                                10       6558   0.07%   655.80us/call
asleep                              220    9980074  99.87% 45363.97us/call
checks                              220       2416   0.02%    10.98us/call
doConfig                            220        764   0.01%     3.47us/call
doStartBidding                      220       1874   0.02%     8.52us/call
doSubmitted                         220        598   0.01%     2.72us/call
total of 1.00086e+07 microseconds and 217 sleeps
HEARTBEAT                            10        492   0.00%    49.20us/call
PONG0                                10        338   0.00%    33.80us/call
PONG1                                10        245   0.00%    24.50us/call
asleep                              220   10002501  99.94% 45465.91us/call
checks                              220       1939   0.02%     8.81us/call
doConfig                            220        935   0.01%     4.25us/call
doStartBidding                      220       1162   0.01%     5.28us/call
doSubmitted                         220        956   0.01%     4.35us/call
total of 1.00073e+07 microseconds and 217 sleeps
HEARTBEAT                            10        231   0.00%    23.10us/call
PONG0                                 9        344   0.00%    38.22us/call
PONG1                                 9        202   0.00%    22.44us/call
asleep                              219   10002643  99.95% 45674.17us/call
checks                              219       1680   0.02%     7.67us/call
doConfig                            219        610   0.01%     2.79us/call
doStartBidding                      219        948   0.01%     4.33us/call
doSubmitted                         219        654   0.01%     2.99us/call
total of 9.99478e+06 microseconds and 216 sleeps
HEARTBEAT                            10        397   0.00%    39.70us/call
PONG0                                10        424   0.00%    42.40us/call
PONG1                                10        205   0.00%    20.50us/call
asleep                              220    9987913  99.93% 45399.60us/call
checks                              220       2067   0.02%     9.40us/call
doConfig                            220        691   0.01%     3.14us/call
doStartBidding                      220       1305   0.01%     5.93us/call
doSubmitted                         220       1782   0.02%     8.10us/call
total of 9.99335e+06 microseconds and 217 sleeps
HEARTBEAT                            10        376   0.00%    37.60us/call
PONG0                                10        394   0.00%    39.40us/call
PONG1                                10        187   0.00%    18.70us/call
asleep                              220    9986377  99.93% 45392.62us/call
checks                              220       2799   0.03%    12.72us/call
doConfig                            220        554   0.01%     2.52us/call
doStartBidding                      220       1758   0.02%     7.99us/call
doSubmitted                         220        906   0.01%     4.12us/call
total of 9.9944e+06 microseconds and 220 sleeps
HEARTBEAT                            10        522   0.01%    52.20us/call
PONG0                                10        540   0.01%    54.00us/call
PONG1                                10        245   0.00%    24.50us/call
asleep                              220    9985475  99.91% 45388.52us/call
checks                              220       4255   0.04%    19.34us/call
doConfig                            220        959   0.01%     4.36us/call
doStartBidding                      220       1256   0.01%     5.71us/call
doSubmitted                         220       1143   0.01%     5.20us/call
total of 1.00366e+07 microseconds and 217 sleeps
HEARTBEAT                            10        390   0.00%    39.00us/call
PONG0                                 9        374   0.00%    41.56us/call
PONG1                                 9        331   0.00%    36.78us/call
asleep                              219   10030620  99.94% 45801.92us/call
checks                              219       2470   0.02%    11.28us/call
doConfig                            219        477   0.00%     2.18us/call
doStartBidding                      219        862   0.01%     3.94us/call
doSubmitted                         219       1040   0.01%     4.75us/call
total of 9.99312e+06 microseconds and 218 sleeps
HEARTBEAT                            10        313   0.00%    31.30us/call
PONG0                                10        299   0.00%    29.90us/call
PONG1                                10        429   0.00%    42.90us/call
asleep                              220    9986832  99.94% 45394.69us/call
checks                              220       2171   0.02%     9.87us/call
doConfig                            220       1127   0.01%     5.12us/call
doStartBidding                      220        760   0.01%     3.45us/call
doSubmitted                         220       1191   0.01%     5.41us/call
total of 9.99346e+06 microseconds and 218 sleeps
HEARTBEAT                            10        442   0.00%    44.20us/call
PONG0                                10        376   0.00%    37.60us/call
PONG1                                10        229   0.00%    22.90us/call
asleep                              220    9986204  99.93% 45391.84us/call
checks                              220       2701   0.03%    12.28us/call
doConfig                            220        884   0.01%     4.02us/call
doStartBidding                      220       1144   0.01%     5.20us/call
doSubmitted                         220       1475   0.01%     6.70us/call
total of 9.99924e+06 microseconds and 216 sleeps
HEARTBEAT                            10        431   0.00%    43.10us/call
PONG0                                10        477   0.00%    47.70us/call
PONG1                                10        317   0.00%    31.70us/call
asleep                              220    9993695  99.94% 45425.89us/call
checks                              220       1679   0.02%     7.63us/call
doConfig                            220        664   0.01%     3.02us/call
doStartBidding                      220       1244   0.01%     5.65us/call
doSubmitted                         220        738   0.01%     3.35us/call
total of 1.00305e+07 microseconds and 216 sleeps
HEARTBEAT                            10        304   0.00%    30.40us/call
PONG0                                 9        577   0.01%    64.11us/call
PONG1                                 9        194   0.00%    21.56us/call
asleep                              219   10025089  99.95% 45776.66us/call
checks                              219       2210   0.02%    10.09us/call
doConfig                            219        835   0.01%     3.81us/call
doStartBidding                      219        680   0.01%     3.11us/call
doSubmitted                         219        572   0.01%     2.61us/call
total of 1.00418e+07 microseconds and 219 sleeps
HEARTBEAT                            10        311   0.00%    31.10us/call
PONG0                                10        482   0.00%    48.20us/call
PONG1                                10        265   0.00%    26.50us/call
asleep                              222   10035941  99.94% 45206.94us/call
checks                              222       2052   0.02%     9.24us/call
doConfig                            222        599   0.01%     2.70us/call
doStartBidding                      222       1642   0.02%     7.40us/call
doSubmitted                         222        481   0.00%     2.17us/call
