2014-06-25 13:43:31.618 ZMQ ./soa/service/zmq_endpoint.cc:447 - bool Datacratic::ZmqNamedProxy::connect(const string&, Datacratic::ConnectionStyle) [1;31mconnecting to monitor/zeromq[0m
2014-06-25 13:43:31.642 ZMQ ./soa/service/zmq_endpoint.cc:494 - bool Datacratic::ZmqNamedProxy::connect(const string&, Datacratic::ConnectionStyle) [1;31mconnected to tcp://127.0.0.1:24000[0m
2014-06-25 13:43:31.710 ZMQ ./soa/service/zmq_endpoint.cc:447 - bool Datacratic::ZmqNamedProxy::connect(const string&, Datacratic::ConnectionStyle) [1;31mconnecting to monitor/zeromq[0m
2014-06-25 13:43:31.757 ZMQ ./soa/service/zmq_endpoint.cc:494 - bool Datacratic::ZmqNamedProxy::connect(const string&, Datacratic::ConnectionStyle) [1;31mconnected to tcp://127.0.0.1:24000[0m
augmentor redis-augmentation has connected
wexists handler returned -101
2. returning result 
agent retargeting-agent_9048 connected to router
2014-06-25 13:43:32.019 ZMQ ./soa/service/zmq_endpoint.cc:447 - bool Datacratic::ZmqNamedProxy::connect(const string&, Datacratic::ConnectionStyle) [1;31mconnecting to agentConfigurationService/listen[0m
2014-06-25 13:43:32.030 ZMQ ./soa/service/zmq_endpoint.cc:494 - bool Datacratic::ZmqNamedProxy::connect(const string&, Datacratic::ConnectionStyle) [1;31mconnected to tcp://127.0.0.1:19000[0m
got configuration message retargeting-agent_9048


agent retargeting-agent_9048 got new configuration
listening on hostname 0.0.0.0 port 12339
2014-06-25 13:43:32.577 [LOG] MonitorClient ./rtbkit/core/monitor/monitor_client.cc:70 - void RTBKIT::MonitorClient::checkTimeout() [1;31mcheckTimeout: last request dropped[0m
total of 9.99256e+06 microseconds and 205 sleeps
CONFIG                                1         63   0.00%    63.00us/call
HEARTBEAT                            10       3111   0.03%   311.10us/call
HELLO                                 1       2388   0.02%  2388.00us/call
PONG0                                 9       1087   0.01%   120.78us/call
PONG1                                 9        330   0.00%    36.67us/call
asleep                              214    9971670  99.79% 46596.59us/call
checks                              213       6886   0.07%    32.33us/call
doConfig                            214       2222   0.02%    10.38us/call
doStartBidding                      214       3582   0.04%    16.74us/call
doSubmitted                         214       1225   0.01%     5.72us/call
total of 1.00282e+07 microseconds and 207 sleeps
HEARTBEAT                            10       1812   0.02%   181.20us/call
PONG0                                10       1019   0.01%   101.90us/call
PONG1                                10        273   0.00%    27.30us/call
asleep                              216   10004489  99.76% 46317.08us/call
checks                              216      13987   0.14%    64.75us/call
doConfig                            216       1241   0.01%     5.75us/call
doStartBidding                      216       3960   0.04%    18.33us/call
doSubmitted                         216       1374   0.01%     6.36us/call
total of 9.99907e+06 microseconds and 204 sleeps
HEARTBEAT                            10       5067   0.05%   506.70us/call
PONG0                                10       1371   0.01%   137.10us/call
PONG1                                10        398   0.00%    39.80us/call
asleep                              214    9976621  99.78% 46619.72us/call
checks                              214       7492   0.07%    35.01us/call
doConfig                            214       3343   0.03%    15.62us/call
doStartBidding                      214       2106   0.02%     9.84us/call
doSubmitted                         214       2672   0.03%    12.49us/call
total of 1.00222e+07 microseconds and 206 sleeps
HEARTBEAT                            10       4777   0.05%   477.70us/call
PONG0                                10        525   0.01%    52.50us/call
PONG1                                10        353   0.00%    35.30us/call
asleep                              214   10003575  99.81% 46745.68us/call
checks                              214       8558   0.09%    39.99us/call
doConfig                            214       2558   0.03%    11.95us/call
doStartBidding                      214       1023   0.01%     4.78us/call
doSubmitted                         214        860   0.01%     4.02us/call
total of 1.00235e+07 microseconds and 206 sleeps
HEARTBEAT                            10       2567   0.03%   256.70us/call
PONG0                                 9       1114   0.01%   123.78us/call
PONG1                                 9        225   0.00%    25.00us/call
asleep                              214    9997335  99.74% 46716.52us/call
checks                              214      12829   0.13%    59.95us/call
doConfig                            214       4510   0.04%    21.07us/call
doStartBidding                      214       2605   0.03%    12.17us/call
doSubmitted                         214       2337   0.02%    10.92us/call
total of 1.00361e+07 microseconds and 204 sleeps
HEARTBEAT                            10       2198   0.02%   219.80us/call
PONG0                                10        434   0.00%    43.40us/call
PONG1                                10        301   0.00%    30.10us/call
asleep                              214   10018716  99.83% 46816.43us/call
checks                              214       9983   0.10%    46.65us/call
doConfig                            214        901   0.01%     4.21us/call
doStartBidding                      214       2546   0.03%    11.90us/call
doSubmitted                         214       1040   0.01%     4.86us/call
total of 1.0004e+07 microseconds and 208 sleeps
HEARTBEAT                            10       3516   0.04%   351.60us/call
PONG0                                10        759   0.01%    75.90us/call
PONG1                                10        281   0.00%    28.10us/call
asleep                              215    9989775  99.86% 46464.07us/call
checks                              215       5177   0.05%    24.08us/call
doConfig                            215       1396   0.01%     6.49us/call
doStartBidding                      215       1937   0.02%     9.01us/call
doSubmitted                         215       1203   0.01%     5.60us/call
total of 1.00196e+07 microseconds and 203 sleeps
HEARTBEAT                            10       1530   0.02%   153.00us/call
PONG0                                10        427   0.00%    42.70us/call
PONG1                                10        319   0.00%    31.90us/call
asleep                              211    9996966  99.77% 47378.99us/call
checks                              211      16960   0.17%    80.38us/call
doConfig                            211        944   0.01%     4.47us/call
doStartBidding                      211       1485   0.01%     7.04us/call
doSubmitted                         211        969   0.01%     4.59us/call
total of 9.98398e+06 microseconds and 207 sleeps
HEARTBEAT                            10       2597   0.03%   259.70us/call
PONG0                                10        438   0.00%    43.80us/call
PONG1                                10        292   0.00%    29.20us/call
asleep                              214    9964490  99.80% 46563.04us/call
checks                              214       6644   0.07%    31.05us/call
doConfig                            214       1485   0.01%     6.94us/call
doStartBidding                      214       5070   0.05%    23.69us/call
doSubmitted                         214       2967   0.03%    13.86us/call
total of 9.987e+06 microseconds and 205 sleeps
HEARTBEAT                            10       1317   0.01%   131.70us/call
PONG0                                 9        407   0.00%    45.22us/call
PONG1                                 9        952   0.01%   105.78us/call
asleep                              213    9969622  99.83% 46805.74us/call
checks                              213       6701   0.07%    31.46us/call
doConfig                            213       2585   0.03%    12.14us/call
doStartBidding                      213       4610   0.05%    21.64us/call
doSubmitted                         213        802   0.01%     3.77us/call
total of 1.00337e+07 microseconds and 206 sleeps
HEARTBEAT                            10       3718   0.04%   371.80us/call
PONG0                                10        469   0.00%    46.90us/call
PONG1                                10        274   0.00%    27.40us/call
asleep                              216   10011719  99.78% 46350.55us/call
checks                              216       9737   0.10%    45.08us/call
doConfig                            216       2308   0.02%    10.69us/call
doStartBidding                      216       2577   0.03%    11.93us/call
doSubmitted                         216       2884   0.03%    13.35us/call
total of 9.99278e+06 microseconds and 208 sleeps
HEARTBEAT                            10       4868   0.05%   486.80us/call
PONG0                                10       1130   0.01%   113.00us/call
PONG1                                10        307   0.00%    30.70us/call
asleep                              215    9973231  99.80% 46387.12us/call
checks                              215       4540   0.05%    21.12us/call
doConfig                            215       2198   0.02%    10.22us/call
doStartBidding                      215       4792   0.05%    22.29us/call
doSubmitted                         215       1719   0.02%     8.00us/call
total of 1.00307e+07 microseconds and 205 sleeps
HEARTBEAT                            10       3785   0.04%   378.50us/call
PONG0                                10       3382   0.03%   338.20us/call
PONG1                                10        566   0.01%    56.60us/call
asleep                              215   10013060  99.82% 46572.37us/call
checks                              215       5548   0.06%    25.80us/call
doConfig                            215       1848   0.02%     8.60us/call
doStartBidding                      215       1548   0.02%     7.20us/call
doSubmitted                         215        939   0.01%     4.37us/call
total of 1.00344e+07 microseconds and 206 sleeps
HEARTBEAT                            10       3046   0.03%   304.60us/call
PONG0                                10        454   0.00%    45.40us/call
PONG1                                10        484   0.00%    48.40us/call
asleep                              217   10015745  99.81% 46155.51us/call
checks                              217       8594   0.09%    39.60us/call
doConfig                            217       2864   0.03%    13.20us/call
doStartBidding                      217       1201   0.01%     5.53us/call
doSubmitted                         217       1967   0.02%     9.06us/call
