connecting to Carbon at 127.0.0.1:2003 (localhost)
2014-06-25 12:09:00.149 ZMQ ./soa/service/zmq_endpoint.cc:447 - bool Datacratic::ZmqNamedProxy::connect(const string&, Datacratic::ConnectionStyle) [1;31mconnecting to masterBanker/zeromq[0m
2014-06-25 12:09:00.155 ZMQ ./soa/service/zmq_endpoint.cc:494 - bool Datacratic::ZmqNamedProxy::connect(const string&, Datacratic::ConnectionStyle) [1;31mconnected to tcp://127.0.0.1:22000[0m
2014-06-25 12:09:00.237 ZMQ ./soa/service/zmq_endpoint.cc:447 - bool Datacratic::ZmqNamedProxy::connect(const string&, Datacratic::ConnectionStyle) [1;31mconnecting to agentConfigurationService/listen[0m
2014-06-25 12:09:00.239 ZMQ ./soa/service/zmq_endpoint.cc:494 - bool Datacratic::ZmqNamedProxy::connect(const string&, Datacratic::ConnectionStyle) [1;31mconnected to tcp://127.0.0.1:19000[0m
listening on hostname 0.0.0.0 port 12339
2014-06-25 12:09:01.139 [LOG] MonitorClient ./rtbkit/core/monitor/monitor_client.cc:70 - void RTBKIT::MonitorClient::checkTimeout() [1;31mcheckTimeout: last request dropped[0m
total of 1.0006e+07 microseconds and 197 sleeps
asleep                              197   10001168  99.95% 50767.35us/call
checks                              196        800   0.01%     4.08us/call
doConfig                            197       1841   0.02%     9.35us/call
doStartBidding                      197       1590   0.02%     8.07us/call
doSubmitted                         197        565   0.01%     2.87us/call
agent predicativeAgent_16321 connected to router
got configuration message predicativeAgent_16321


agent predicativeAgent_16321 got new configuration
********* calling addSpendAccount for hello:world for SlaveBanker router.slaveBanker
total of 1.00261e+07 microseconds and 210 sleeps
CONFIG                                1         34   0.00%    34.00us/call
HEARTBEAT                             8        188   0.00%    23.50us/call
HELLO                                 1        204   0.00%   204.00us/call
PONG0                                 8        641   0.01%    80.12us/call
PONG1                                 8        234   0.00%    29.25us/call
asleep                              217   10018602  99.93% 46168.67us/call
checks                              217       2239   0.02%    10.32us/call
doConfig                            217       1669   0.02%     7.69us/call
doStartBidding                      217       1059   0.01%     4.88us/call
doSubmitted                         217       1249   0.01%     5.76us/call
total of 9.99463e+06 microseconds and 216 sleeps
HEARTBEAT                            10        257   0.00%    25.70us/call
PONG0                                10        276   0.00%    27.60us/call
PONG1                                10        323   0.00%    32.30us/call
asleep                              220    9988365  99.94% 45401.66us/call
checks                              220       3243   0.03%    14.74us/call
doConfig                            220        391   0.00%     1.78us/call
doStartBidding                      220       1024   0.01%     4.65us/call
doSubmitted                         220        750   0.01%     3.41us/call
total of 1.00405e+07 microseconds and 214 sleeps
HEARTBEAT                            10        253   0.00%    25.30us/call
PONG0                                10        293   0.00%    29.30us/call
PONG1                                10        199   0.00%    19.90us/call
asleep                              221   10035651  99.95% 45410.19us/call
checks                              221       2176   0.02%     9.85us/call
doConfig                            221        613   0.01%     2.77us/call
doStartBidding                      221        941   0.01%     4.26us/call
doSubmitted                         221        405   0.00%     1.83us/call
total of 9.99333e+06 microseconds and 212 sleeps
HEARTBEAT                            10        404   0.00%    40.40us/call
PONG0                                10        721   0.01%    72.10us/call
PONG1                                10        215   0.00%    21.50us/call
asleep                              220    9984640  99.91% 45384.73us/call
checks                              220       5013   0.05%    22.79us/call
doConfig                            220        610   0.01%     2.77us/call
doStartBidding                      220        830   0.01%     3.77us/call
doSubmitted                         220        901   0.01%     4.10us/call
total of 1.00397e+07 microseconds and 217 sleeps
HEARTBEAT                            10        445   0.00%    44.50us/call
PONG0                                 9        323   0.00%    35.89us/call
PONG1                                 9        168   0.00%    18.67us/call
asleep                              219   10033376  99.94% 45814.50us/call
checks                              219       2385   0.02%    10.89us/call
doConfig                            219        586   0.01%     2.68us/call
doStartBidding                      219       1513   0.02%     6.91us/call
doSubmitted                         219        928   0.01%     4.24us/call
total of 9.99454e+06 microseconds and 214 sleeps
HEARTBEAT                            10        260   0.00%    26.00us/call
PONG0                                10        379   0.00%    37.90us/call
PONG1                                10        174   0.00%    17.40us/call
asleep                              220    9988536  99.94% 45402.44us/call
checks                              220       1724   0.02%     7.84us/call
doConfig                            220        851   0.01%     3.87us/call
doStartBidding                      220       1883   0.02%     8.56us/call
doSubmitted                         220        738   0.01%     3.35us/call
total of 9.99259e+06 microseconds and 215 sleeps
HEARTBEAT                            10       1188   0.01%   118.80us/call
PONG0                                10        624   0.01%    62.40us/call
PONG1                                10        240   0.00%    24.00us/call
asleep                              220    9984072  99.91% 45382.15us/call
checks                              220       3763   0.04%    17.10us/call
doConfig                            220        521   0.01%     2.37us/call
doStartBidding                      220        853   0.01%     3.88us/call
doSubmitted                         220       1327   0.01%     6.03us/call
total of 1.00437e+07 microseconds and 213 sleeps
HEARTBEAT                            10        615   0.01%    61.50us/call
PONG0                                10        287   0.00%    28.70us/call
PONG1                                10        175   0.00%    17.50us/call
asleep                              221   10037703  99.94% 45419.47us/call
checks                              221       3464   0.03%    15.67us/call
doConfig                            221        580   0.01%     2.62us/call
doStartBidding                      221        589   0.01%     2.67us/call
doSubmitted                         221        304   0.00%     1.38us/call
total of 1.00423e+07 microseconds and 214 sleeps
HEARTBEAT                            10        320   0.00%    32.00us/call
PONG0                                 9        271   0.00%    30.11us/call
PONG1                                 9        236   0.00%    26.22us/call
asleep                              219   10034702  99.92% 45820.56us/call
checks                              219       4912   0.05%    22.43us/call
doConfig                            219        652   0.01%     2.98us/call
doStartBidding                      219        715   0.01%     3.26us/call
doSubmitted                         219        537   0.01%     2.45us/call
total of 9.99313e+06 microseconds and 216 sleeps
HEARTBEAT                            10        414   0.00%    41.40us/call
PONG0                                10        668   0.01%    66.80us/call
PONG1                                10        190   0.00%    19.00us/call
asleep                              220    9983357  99.90% 45378.90us/call
checks                              220       6302   0.06%    28.65us/call
doConfig                            220        559   0.01%     2.54us/call
doStartBidding                      220        933   0.01%     4.24us/call
doSubmitted                         220        704   0.01%     3.20us/call
total of 1.00393e+07 microseconds and 216 sleeps
HEARTBEAT                            10        256   0.00%    25.60us/call
PONG0                                10        896   0.01%    89.60us/call
PONG1                                10        171   0.00%    17.10us/call
asleep                              221   10033305  99.94% 45399.57us/call
checks                              221       2495   0.02%    11.29us/call
doConfig                            221        878   0.01%     3.97us/call
doStartBidding                      221        666   0.01%     3.01us/call
doSubmitted                         221        605   0.01%     2.74us/call
total of 9.99426e+06 microseconds and 215 sleeps
HEARTBEAT                            10        370   0.00%    37.00us/call
PONG0                                10        442   0.00%    44.20us/call
PONG1                                10        181   0.00%    18.10us/call
asleep                              220    9988269  99.94% 45401.22us/call
checks                              220       3081   0.03%    14.00us/call
doConfig                            220        424   0.00%     1.93us/call
doStartBidding                      220        853   0.01%     3.88us/call
doSubmitted                         220        644   0.01%     2.93us/call
total of 9.99386e+06 microseconds and 211 sleeps
HEARTBEAT                            10        362   0.00%    36.20us/call
PONG0                                10        281   0.00%    28.10us/call
PONG1                                10        279   0.00%    27.90us/call
asleep                              220    9984625  99.91% 45384.66us/call
checks                              220       5953   0.06%    27.06us/call
doConfig                            220        559   0.01%     2.54us/call
doStartBidding                      220        919   0.01%     4.18us/call
doSubmitted                         220        880   0.01%     4.00us/call
total of 1.00312e+07 microseconds and 211 sleeps
HEARTBEAT                            10        328   0.00%    32.80us/call
PONG0                                 9        498   0.00%    55.33us/call
PONG1                                 9        167   0.00%    18.56us/call
asleep                              219   10025517  99.94% 45778.62us/call
checks                              219       3146   0.03%    14.37us/call
doConfig                            219        321   0.00%     1.47us/call
doStartBidding                      219        853   0.01%     3.89us/call
doSubmitted                         219        343   0.00%     1.57us/call
total of 9.99277e+06 microseconds and 215 sleeps
HEARTBEAT                            10        367   0.00%    36.70us/call
PONG0                                10        687   0.01%    68.70us/call
PONG1                                10        180   0.00%    18.00us/call
asleep                              220    9987210  99.94% 45396.41us/call
checks                              220       2228   0.02%    10.13us/call
doConfig                            220        374   0.00%     1.70us/call
doStartBidding                      220       1232   0.01%     5.60us/call
doSubmitted                         220        496   0.00%     2.25us/call
total of 1.00416e+07 microseconds and 214 sleeps
HEARTBEAT                            10        315   0.00%    31.50us/call
PONG0                                10        453   0.00%    45.30us/call
PONG1                                10        328   0.00%    32.80us/call
asleep                              221   10036833  99.95% 45415.53us/call
checks                              221       1934   0.02%     8.75us/call
doConfig                            221        337   0.00%     1.52us/call
doStartBidding                      221        828   0.01%     3.75us/call
doSubmitted                         221        595   0.01%     2.69us/call
total of 9.99343e+06 microseconds and 211 sleeps
HEARTBEAT                            10        312   0.00%    31.20us/call
PONG0                                10        695   0.01%    69.50us/call
PONG1                                10        210   0.00%    21.00us/call
asleep                              220    9984152  99.91% 45382.51us/call
checks                              220       5805   0.06%    26.39us/call
doConfig                            220        793   0.01%     3.60us/call
doStartBidding                      220        871   0.01%     3.96us/call
doSubmitted                         220        591   0.01%     2.69us/call
total of 1.004e+07 microseconds and 214 sleeps
HEARTBEAT                            10        291   0.00%    29.10us/call
PONG0                                 9        421   0.00%    46.78us/call
PONG1                                 9        222   0.00%    24.67us/call
asleep                              219   10029943  99.90% 45798.83us/call
checks                              219       6616   0.07%    30.21us/call
doConfig                            219        732   0.01%     3.34us/call
doStartBidding                      219       1161   0.01%     5.30us/call
doSubmitted                         219        635   0.01%     2.90us/call
total of 9.99357e+06 microseconds and 214 sleeps
HEARTBEAT                            10        340   0.00%    34.00us/call
PONG0                                10        872   0.01%    87.20us/call
PONG1                                10        192   0.00%    19.20us/call
asleep                              220    9985289  99.92% 45387.68us/call
checks                              220       3714   0.04%    16.88us/call
doConfig                            220        578   0.01%     2.63us/call
doStartBidding                      220       1685   0.02%     7.66us/call
doSubmitted                         220        897   0.01%     4.08us/call
total of 1.00401e+07 microseconds and 217 sleeps
HEARTBEAT                            10        840   0.01%    84.00us/call
PONG0                                10        377   0.00%    37.70us/call
PONG1                                10        204   0.00%    20.40us/call
asleep                              221   10034356  99.94% 45404.33us/call
checks                              221       2124   0.02%     9.61us/call
doConfig                            221        731   0.01%     3.31us/call
doStartBidding                      221       1103   0.01%     4.99us/call
doSubmitted                         221        411   0.00%     1.86us/call
total of 1.00447e+07 microseconds and 214 sleeps
HEARTBEAT                            10        297   0.00%    29.70us/call
PONG0                                10        663   0.01%    66.30us/call
PONG1                                10        159   0.00%    15.90us/call
asleep                              221   10038907  99.94% 45424.92us/call
checks                              221       3108   0.03%    14.06us/call
doConfig                            221        310   0.00%     1.40us/call
doStartBidding                      221        966   0.01%     4.37us/call
doSubmitted                         221        241   0.00%     1.09us/call
total of 1.00416e+07 microseconds and 211 sleeps
HEARTBEAT                            10        378   0.00%    37.80us/call
PONG0                                 9        271   0.00%    30.11us/call
PONG1                                 9        163   0.00%    18.11us/call
asleep                              219   10036014  99.94% 45826.55us/call
checks                              219       2910   0.03%    13.29us/call
doConfig                            219        567   0.01%     2.59us/call
doStartBidding                      219        733   0.01%     3.35us/call
doSubmitted                         219        572   0.01%     2.61us/call
total of 1.00413e+07 microseconds and 211 sleeps
HEARTBEAT                            10        228   0.00%    22.80us/call
PONG0                                10        576   0.01%    57.60us/call
PONG1                                10        296   0.00%    29.60us/call
asleep                              221   10032627  99.91% 45396.50us/call
checks                              221       5551   0.06%    25.12us/call
doConfig                            221        673   0.01%     3.05us/call
doStartBidding                      221       1002   0.01%     4.53us/call
doSubmitted                         221        350   0.00%     1.58us/call
total of 1.00066e+07 microseconds and 215 sleeps
HEARTBEAT                            10        327   0.00%    32.70us/call
PONG0                                10       1676   0.02%   167.60us/call
PONG1                                10        328   0.00%    32.80us/call
asleep                              220    9998697  99.92% 45448.62us/call
checks                              220       3375   0.03%    15.34us/call
doConfig                            220        550   0.01%     2.50us/call
doStartBidding                      220       1171   0.01%     5.32us/call
doSubmitted                         220        463   0.00%     2.10us/call
total of 1.00315e+07 microseconds and 217 sleeps
HEARTBEAT                            10        499   0.00%    49.90us/call
PONG0                                10        251   0.00%    25.10us/call
PONG1                                10        189   0.00%    18.90us/call
asleep                              221   10026460  99.95% 45368.60us/call
checks                              221       2326   0.02%    10.52us/call
doConfig                            221        458   0.00%     2.07us/call
doStartBidding                      221        743   0.01%     3.36us/call
doSubmitted                         221        614   0.01%     2.78us/call
total of 1.00372e+07 microseconds and 212 sleeps
HEARTBEAT                            10        345   0.00%    34.50us/call
PONG0                                 9        423   0.00%    47.00us/call
PONG1                                 9        173   0.00%    19.22us/call
asleep                              219   10027863  99.91% 45789.33us/call
checks                              219       5842   0.06%    26.68us/call
doConfig                            219        778   0.01%     3.55us/call
doStartBidding                      219       1248   0.01%     5.70us/call
doSubmitted                         219        482   0.00%     2.20us/call
total of 9.99808e+06 microseconds and 216 sleeps
HEARTBEAT                            10        427   0.00%    42.70us/call
PONG0                                10        328   0.00%    32.80us/call
PONG1                                10        241   0.00%    24.10us/call
asleep                              220    9990490  99.92% 45411.32us/call
checks                              220       3472   0.03%    15.78us/call
doConfig                            220        937   0.01%     4.26us/call
doStartBidding                      220       1261   0.01%     5.73us/call
doSubmitted                         220        919   0.01%     4.18us/call
total of 1.0039e+07 microseconds and 212 sleeps
HEARTBEAT                            10        375   0.00%    37.50us/call
PONG0                                10        473   0.00%    47.30us/call
PONG1                                10        155   0.00%    15.50us/call
asleep                              221   10033251  99.94% 45399.33us/call
checks                              221       2281   0.02%    10.32us/call
doConfig                            221        692   0.01%     3.13us/call
doStartBidding                      221       1061   0.01%     4.80us/call
doSubmitted                         221        665   0.01%     3.01us/call
total of 9.99167e+06 microseconds and 215 sleeps
HEARTBEAT                            10        393   0.00%    39.30us/call
PONG0                                10       1305   0.01%   130.50us/call
PONG1                                10        195   0.00%    19.50us/call
asleep                              220    9982054  99.90% 45372.97us/call
checks                              220       4638   0.05%    21.08us/call
doConfig                            220        502   0.01%     2.28us/call
doStartBidding                      220       1559   0.02%     7.09us/call
doSubmitted                         220       1025   0.01%     4.66us/call
total of 1.00423e+07 microseconds and 212 sleeps
HEARTBEAT                            10        422   0.00%    42.20us/call
PONG0                                10        697   0.01%    69.70us/call
PONG1                                10        164   0.00%    16.40us/call
asleep                              221   10032220  99.90% 45394.66us/call
checks                              221       5630   0.06%    25.48us/call
doConfig                            221        770   0.01%     3.48us/call
doStartBidding                      221       1548   0.02%     7.00us/call
doSubmitted                         221        819   0.01%     3.71us/call
total of 9.98283e+06 microseconds and 210 sleeps
HEARTBEAT                            10        517   0.01%    51.70us/call
PONG0                                 9        291   0.00%    32.33us/call
PONG1                                 9        163   0.00%    18.11us/call
asleep                              218    9977356  99.95% 45767.69us/call
checks                              218       1991   0.02%     9.13us/call
doConfig                            218        534   0.01%     2.45us/call
doStartBidding                      218       1472   0.01%     6.75us/call
doSubmitted                         218        510   0.01%     2.34us/call
total of 1.00403e+07 microseconds and 215 sleeps
HEARTBEAT                            10        272   0.00%    27.20us/call
PONG0                                10        758   0.01%    75.80us/call
PONG1                                10        279   0.00%    27.90us/call
asleep                              221   10030928  99.91% 45388.81us/call
checks                              221       5677   0.06%    25.69us/call
doConfig                            221        662   0.01%     3.00us/call
doStartBidding                      221       1236   0.01%     5.59us/call
doSubmitted                         221        456   0.00%     2.06us/call
total of 1.00419e+07 microseconds and 214 sleeps
HEARTBEAT                            10        327   0.00%    32.70us/call
PONG0                                10        363   0.00%    36.30us/call
PONG1                                10        227   0.00%    22.70us/call
asleep                              221   10033400  99.92% 45400.00us/call
checks                              221       5532   0.06%    25.03us/call
doConfig                            221        482   0.00%     2.18us/call
doStartBidding                      221       1000   0.01%     4.52us/call
doSubmitted                         221        601   0.01%     2.72us/call
total of 1.00313e+07 microseconds and 216 sleeps
HEARTBEAT                            11        434   0.00%    39.45us/call
PONG0                                10        387   0.00%    38.70us/call
PONG1                                10        272   0.00%    27.20us/call
asleep                              221   10026053  99.95% 45366.76us/call
checks                              221       2424   0.02%    10.97us/call
doConfig                            221        496   0.00%     2.24us/call
doStartBidding                      221        614   0.01%     2.78us/call
doSubmitted                         221        669   0.01%     3.03us/call
total of 9.99303e+06 microseconds and 214 sleeps
HEARTBEAT                            10        325   0.00%    32.50us/call
PONG0                                 9        229   0.00%    25.44us/call
PONG1                                 9        154   0.00%    17.11us/call
asleep                              218    9988270  99.95% 45817.75us/call
checks                              218       2521   0.03%    11.56us/call
doConfig                            218        420   0.00%     1.93us/call
doStartBidding                      218        802   0.01%     3.68us/call
doSubmitted                         218        310   0.00%     1.42us/call
total of 9.99287e+06 microseconds and 213 sleeps
HEARTBEAT                            10        498   0.00%    49.80us/call
PONG0                                10        268   0.00%    26.80us/call
PONG1                                10        163   0.00%    16.30us/call
asleep                              220    9986008  99.93% 45390.95us/call
checks                              220       3959   0.04%    18.00us/call
doConfig                            220        522   0.01%     2.37us/call
doStartBidding                      220        992   0.01%     4.51us/call
doSubmitted                         220        456   0.00%     2.07us/call
total of 1.00418e+07 microseconds and 214 sleeps
HEARTBEAT                            10        365   0.00%    36.50us/call
PONG0                                10        258   0.00%    25.80us/call
PONG1                                10        173   0.00%    17.30us/call
asleep                              221   10034752  99.93% 45406.12us/call
checks                              221       4190   0.04%    18.96us/call
doConfig                            221        563   0.01%     2.55us/call
doStartBidding                      221        728   0.01%     3.29us/call
doSubmitted                         221        730   0.01%     3.30us/call
total of 1.00426e+07 microseconds and 213 sleeps
HEARTBEAT                            10        361   0.00%    36.10us/call
PONG0                                10        263   0.00%    26.30us/call
PONG1                                10        152   0.00%    15.20us/call
asleep                              221   10037181  99.95% 45417.11us/call
checks                              221       2644   0.03%    11.96us/call
doConfig                            221        545   0.01%     2.47us/call
doStartBidding                      221        969   0.01%     4.38us/call
doSubmitted                         221        458   0.00%     2.07us/call
total of 1.00419e+07 microseconds and 215 sleeps
HEARTBEAT                            10        494   0.00%    49.40us/call
PONG0                                10        656   0.01%    65.60us/call
PONG1                                10        162   0.00%    16.20us/call
asleep                              221   10033147  99.91% 45398.86us/call
checks                              221       5375   0.05%    24.32us/call
doConfig                            221        718   0.01%     3.25us/call
doStartBidding                      221        793   0.01%     3.59us/call
doSubmitted                         221        521   0.01%     2.36us/call
total of 9.99426e+06 microseconds and 216 sleeps
HEARTBEAT                            10        500   0.01%    50.00us/call
PONG0                                10        457   0.00%    45.70us/call
PONG1                                10        182   0.00%    18.20us/call
asleep                              220    9987064  99.93% 45395.75us/call
checks                              220       3724   0.04%    16.93us/call
doConfig                            220       1092   0.01%     4.96us/call
doStartBidding                      220        945   0.01%     4.30us/call
doSubmitted                         220        293   0.00%     1.33us/call
total of 1.00426e+07 microseconds and 213 sleeps
HEARTBEAT                            10        526   0.01%    52.60us/call
PONG0                                 9        391   0.00%    43.44us/call
PONG1                                 9        151   0.00%    16.78us/call
asleep                              219   10036504  99.94% 45828.79us/call
checks                              219       2715   0.03%    12.40us/call
doConfig                            219        651   0.01%     2.97us/call
doStartBidding                      219        963   0.01%     4.40us/call
doSubmitted                         219        749   0.01%     3.42us/call
total of 1.00424e+07 microseconds and 217 sleeps
HEARTBEAT                            10        471   0.00%    47.10us/call
PONG0                                10        660   0.01%    66.00us/call
PONG1                                10        188   0.00%    18.80us/call
asleep                              221   10033843  99.91% 45402.00us/call
checks                              221       5302   0.05%    23.99us/call
doConfig                            221        714   0.01%     3.23us/call
doStartBidding                      221        619   0.01%     2.80us/call
doSubmitted                         221        590   0.01%     2.67us/call
total of 9.99399e+06 microseconds and 215 sleeps
HEARTBEAT                            10        426   0.00%    42.60us/call
PONG0                                10        558   0.01%    55.80us/call
PONG1                                10        248   0.00%    24.80us/call
asleep                              220    9987281  99.93% 45396.73us/call
checks                              220       2351   0.02%    10.69us/call
doConfig                            220        947   0.01%     4.30us/call
doStartBidding                      220        959   0.01%     4.36us/call
doSubmitted                         220       1218   0.01%     5.54us/call
total of 9.9932e+06 microseconds and 214 sleeps
HEARTBEAT                            10        222   0.00%    22.20us/call
PONG0                                10        584   0.01%    58.40us/call
PONG1                                10        158   0.00%    15.80us/call
asleep                              220    9987560  99.94% 45398.00us/call
checks                              220       2601   0.03%    11.82us/call
doConfig                            220        734   0.01%     3.34us/call
doStartBidding                      220       1027   0.01%     4.67us/call
doSubmitted                         220        311   0.00%     1.41us/call
total of 9.99266e+06 microseconds and 213 sleeps
HEARTBEAT                            10        441   0.00%    44.10us/call
PONG0                                10        408   0.00%    40.80us/call
PONG1                                10        168   0.00%    16.80us/call
asleep                              220    9986581  99.94% 45393.55us/call
checks                              220       3290   0.03%    14.95us/call
doConfig                            220        515   0.01%     2.34us/call
doStartBidding                      220        483   0.00%     2.20us/call
doSubmitted                         220        779   0.01%     3.54us/call
total of 1.00469e+07 microseconds and 215 sleeps
HEARTBEAT                            10        280   0.00%    28.00us/call
PONG0                                 9        209   0.00%    23.22us/call
PONG1                                 9        249   0.00%    27.67us/call
asleep                              219   10042610  99.96% 45856.67us/call
checks                              219       1540   0.02%     7.03us/call
doConfig                            219       1152   0.01%     5.26us/call
doStartBidding                      219        464   0.00%     2.12us/call
doSubmitted                         219        371   0.00%     1.69us/call
total of 1.00411e+07 microseconds and 213 sleeps
HEARTBEAT                            10        247   0.00%    24.70us/call
PONG0                                10        330   0.00%    33.00us/call
PONG1                                10        241   0.00%    24.10us/call
asleep                              221   10033676  99.93% 45401.25us/call
checks                              221       4360   0.04%    19.73us/call
doConfig                            221        557   0.01%     2.52us/call
doStartBidding                      221       1076   0.01%     4.87us/call
doSubmitted                         221        645   0.01%     2.92us/call
total of 1.00418e+07 microseconds and 215 sleeps
HEARTBEAT                            10        529   0.01%    52.90us/call
PONG0                                10        605   0.01%    60.50us/call
PONG1                                10        311   0.00%    31.10us/call
asleep                              221   10035324  99.94% 45408.71us/call
checks                              221       2587   0.03%    11.71us/call
doConfig                            221        430   0.00%     1.95us/call
doStartBidding                      221       1020   0.01%     4.62us/call
doSubmitted                         221        965   0.01%     4.37us/call
total of 9.99372e+06 microseconds and 216 sleeps
HEARTBEAT                            10        578   0.01%    57.80us/call
PONG0                                10        278   0.00%    27.80us/call
PONG1                                 9        227   0.00%    25.22us/call
asleep                              219    9986736  99.93% 45601.53us/call
checks                              219       2299   0.02%    10.50us/call
doConfig                            219        650   0.01%     2.97us/call
doStartBidding                      219       2614   0.03%    11.94us/call
doSubmitted                         219        342   0.00%     1.56us/call
total of 9.99536e+06 microseconds and 212 sleeps
HEARTBEAT                            10        343   0.00%    34.30us/call
PONG0                                 9        655   0.01%    72.78us/call
PONG1                                10        179   0.00%    17.90us/call
asleep                              219    9985847  99.90% 45597.47us/call
checks                              219       5293   0.05%    24.17us/call
doConfig                            219        568   0.01%     2.59us/call
doStartBidding                      219        779   0.01%     3.56us/call
doSubmitted                         219       1699   0.02%     7.76us/call
total of 1.00401e+07 microseconds and 215 sleeps
HEARTBEAT                            10        444   0.00%    44.40us/call
PONG0                                10        282   0.00%    28.20us/call
PONG1                                10        183   0.00%    18.30us/call
asleep                              221   10033197  99.93% 45399.08us/call
checks                              221       3163   0.03%    14.31us/call
doConfig                            221       1451   0.01%     6.57us/call
doStartBidding                      221       1038   0.01%     4.70us/call
doSubmitted                         221        293   0.00%     1.33us/call
