connecting to Carbon at 127.0.0.1:2003 (localhost)
2014-06-24 17:15:01.082 ZMQ ./soa/service/zmq_endpoint.cc:447 - bool Datacratic::ZmqNamedProxy::connect(const string&, Datacratic::ConnectionStyle) [1;31mconnecting to monitor/zeromq[0m
2014-06-24 17:15:01.085 ZMQ ./soa/service/zmq_endpoint.cc:494 - bool Datacratic::ZmqNamedProxy::connect(const string&, Datacratic::ConnectionStyle) [1;31mconnected to tcp://127.0.0.1:24000[0m
2014-06-24 17:15:01.090 ZMQ ./soa/service/zmq_endpoint.cc:447 - bool Datacratic::ZmqNamedProxy::connect(const string&, Datacratic::ConnectionStyle) [1;31mconnecting to monitor/zeromq[0m
2014-06-24 17:15:01.095 ZMQ ./soa/service/zmq_endpoint.cc:494 - bool Datacratic::ZmqNamedProxy::connect(const string&, Datacratic::ConnectionStyle) [1;31mconnected to tcp://127.0.0.1:24000[0m
augmentor frequency-cap-ex has connected
agent fixed-price-agent-ex_7300 connected to router
2014-06-24 17:15:01.161 ZMQ ./soa/service/zmq_endpoint.cc:447 - bool Datacratic::ZmqNamedProxy::connect(const string&, Datacratic::ConnectionStyle) [1;31mconnecting to agentConfigurationService/listen[0m
2014-06-24 17:15:01.166 ZMQ ./soa/service/zmq_endpoint.cc:494 - bool Datacratic::ZmqNamedProxy::connect(const string&, Datacratic::ConnectionStyle) [1;31mconnected to tcp://127.0.0.1:19000[0m
got configuration message fixed-price-agent-ex_7300


agent fixed-price-agent-ex_7300 got new configuration
listening on hostname 0.0.0.0 port 12339
2014-06-24 17:15:01.235 ZMQ ./soa/service/zmq_endpoint.cc:447 - bool Datacratic::ZmqNamedProxy::connect(const string&, Datacratic::ConnectionStyle) [1;31mconnecting to PostAuctionLoop/events[0m
wexists handler returned -101
2. returning result 
sendTime = 0.0116124 for 1531487738
2014-06-24 17:15:01.305 ZMQ ./soa/service/zmq_endpoint.cc:447 - bool Datacratic::ZmqNamedProxy::connect(const string&, Datacratic::ConnectionStyle) [1;31mconnecting to PostAuctionLoop/events[0m
2014-06-24 17:15:01.312 ZMQ ./soa/service/zmq_endpoint.cc:447 - bool Datacratic::ZmqNamedProxy::connect(const string&, Datacratic::ConnectionStyle) [1;31mconnecting to PostAuctionLoop/events[0m
2014-06-24 17:15:01.314 ZMQ ./soa/service/zmq_endpoint.cc:494 - bool Datacratic::ZmqNamedProxy::connect(const string&, Datacratic::ConnectionStyle) [1;31mconnected to tcp://127.0.0.1:20000[0m
2014-06-24 17:15:02.077 [LOG] MonitorClient ./rtbkit/core/monitor/monitor_client.cc:70 - void RTBKIT::MonitorClient::checkTimeout() [1;31mcheckTimeout: last request dropped[0m
sendTime = 0.0138767 for 3546299586
sendTime = 0.0113144 for 1054085507
sendTime = 0.0115476 for 2850434422
total of 9.99777e+06 microseconds and 326 sleeps
BID                                  69      10524   0.11%   152.52us/call
CONFIG                                1         76   0.00%    76.00us/call
HEARTBEAT                             9        510   0.01%    56.67us/call
HELLO                                 1        659   0.01%   659.00us/call
PONG0                                 9        305   0.00%    33.89us/call
PONG1                                 9        276   0.00%    30.67us/call
asleep                              333    9908971  99.11% 29756.67us/call
checks                              332       2165   0.02%     6.52us/call
doConfig                            333       2782   0.03%     8.35us/call
doStartBidding                      333      16969   0.17%    50.96us/call
doSubmitted                         333      54530   0.55%   163.75us/call
sendTime = 0.0107708 for 3998817442
got configuration message fixed-price-agent-ex_7300


agent fixed-price-agent-ex_7300 got new configuration
agent fixed-price-agent-ex_7300 lost configuration
sendTime = 0.0106013 for 4069370910
agent fixed-price-agent-ex_7300 appears to be dead
WARNING: dead agent doesn't clean up its state properly
total of 9.9923e+06 microseconds and 249 sleeps
asleep                              250    9872422  98.80% 39489.69us/call
checks                              250       1336   0.01%     5.34us/call
doConfig                            250       1213   0.01%     4.85us/call
doStartBidding                      250      14592   0.15%    58.37us/call
doSubmitted                         250     102737   1.03%   410.95us/call
sendTime = 0.0112543 for 1808641569
