2014-06-25 13:49:19.722 ZMQ ./soa/service/zmq_endpoint.cc:447 - bool Datacratic::ZmqNamedProxy::connect(const string&, Datacratic::ConnectionStyle) [1;31mconnecting to masterBanker/zeromq[0m
2014-06-25 13:49:19.775 ZMQ ./soa/service/zmq_endpoint.cc:494 - bool Datacratic::ZmqNamedProxy::connect(const string&, Datacratic::ConnectionStyle) [1;31mconnected to tcp://127.0.0.1:22000[0m
augmentor frequency-cap-ex has connected
2014-06-25 13:49:20.037 ZMQ ./soa/service/zmq_endpoint.cc:447 - bool Datacratic::ZmqNamedProxy::connect(const string&, Datacratic::ConnectionStyle) [1;31mconnecting to agentConfigurationService/listen[0m
2014-06-25 13:49:20.053 ZMQ ./soa/service/zmq_endpoint.cc:494 - bool Datacratic::ZmqNamedProxy::connect(const string&, Datacratic::ConnectionStyle) [1;31mconnected to tcp://127.0.0.1:19000[0m
listening on hostname 0.0.0.0 port 12339
2014-06-25 13:49:20.667 [LOG] MonitorClient ./rtbkit/core/monitor/monitor_client.cc:70 - void RTBKIT::MonitorClient::checkTimeout() [1;31mcheckTimeout: last request dropped[0m
total of 1.00219e+07 microseconds and 192 sleeps
asleep                              192   10013972  99.92% 52156.10us/call
checks                              191       1007   0.01%     5.27us/call
doConfig                            192       3670   0.04%    19.11us/call
doStartBidding                      192        978   0.01%     5.09us/call
doSubmitted                         192       2320   0.02%    12.08us/call
total of 1.00186e+07 microseconds and 192 sleeps
asleep                              192   10011620  99.93% 52143.85us/call
checks                              192       2597   0.03%    13.53us/call
doConfig                            192       1494   0.01%     7.78us/call
doStartBidding                      192       2155   0.02%    11.22us/call
doSubmitted                         192        714   0.01%     3.72us/call
total of 1.0026e+07 microseconds and 192 sleeps
asleep                              192   10017573  99.92% 52174.86us/call
checks                              192       3889   0.04%    20.26us/call
doConfig                            192       1012   0.01%     5.27us/call
doStartBidding                      192       1698   0.02%     8.84us/call
doSubmitted                         192       1829   0.02%     9.53us/call
total of 1.00154e+07 microseconds and 192 sleeps
asleep                              192   10002725  99.87% 52097.53us/call
checks                              192       2774   0.03%    14.45us/call
doConfig                            192       3239   0.03%    16.87us/call
doStartBidding                      192       3059   0.03%    15.93us/call
doSubmitted                         192       3596   0.04%    18.73us/call
total of 1.00146e+07 microseconds and 192 sleeps
asleep                              192   10003865  99.89% 52103.46us/call
checks                              192       6204   0.06%    32.31us/call
doConfig                            192        916   0.01%     4.77us/call
doStartBidding                      192       2706   0.03%    14.09us/call
doSubmitted                         192        871   0.01%     4.54us/call
total of 9.99987e+06 microseconds and 192 sleeps
asleep                              192    9990211  99.90% 52032.35us/call
checks                              192       3293   0.03%    17.15us/call
doConfig                            192       3011   0.03%    15.68us/call
doStartBidding                      192       1585   0.02%     8.26us/call
doSubmitted                         192       1771   0.02%     9.22us/call
total of 9.99074e+06 microseconds and 192 sleeps
asleep                              192    9981026  99.90% 51984.51us/call
checks                              192       1883   0.02%     9.81us/call
doConfig                            192       1967   0.02%    10.24us/call
doStartBidding                      192       4981   0.05%    25.94us/call
doSubmitted                         192        878   0.01%     4.57us/call
total of 1.00157e+07 microseconds and 192 sleeps
asleep                              192   10009041  99.93% 52130.42us/call
checks                              192       3366   0.03%    17.53us/call
doConfig                            192       1136   0.01%     5.92us/call
doStartBidding                      192       1064   0.01%     5.54us/call
doSubmitted                         192       1134   0.01%     5.91us/call
total of 1.00068e+07 microseconds and 192 sleeps
asleep                              192    9998753  99.92% 52076.84us/call
checks                              192       1271   0.01%     6.62us/call
doConfig                            192       3575   0.04%    18.62us/call
doStartBidding                      192       1100   0.01%     5.73us/call
doSubmitted                         192       2101   0.02%    10.94us/call
total of 1.00103e+07 microseconds and 192 sleeps
asleep                              192   10001090  99.91% 52089.01us/call
checks                              192       4095   0.04%    21.33us/call
doConfig                            192       1024   0.01%     5.33us/call
doStartBidding                      192       1677   0.02%     8.73us/call
doSubmitted                         192       2448   0.02%    12.75us/call
total of 1.00126e+07 microseconds and 192 sleeps
asleep                              192   10003412  99.91% 52101.10us/call
checks                              192       1040   0.01%     5.42us/call
doConfig                            192        843   0.01%     4.39us/call
doStartBidding                      192       3542   0.04%    18.45us/call
doSubmitted                         192       3810   0.04%    19.84us/call
total of 9.99641e+06 microseconds and 192 sleeps
asleep                              192    9982520  99.86% 51992.29us/call
checks                              192       3406   0.03%    17.74us/call
doConfig                            192       1936   0.02%    10.08us/call
doStartBidding                      192       7605   0.08%    39.61us/call
doSubmitted                         192        945   0.01%     4.92us/call
total of 1.00185e+07 microseconds and 192 sleeps
asleep                              192   10008972  99.90% 52130.06us/call
checks                              192        889   0.01%     4.63us/call
doConfig                            192       2657   0.03%    13.84us/call
doStartBidding                      192       4614   0.05%    24.03us/call
doSubmitted                         192       1390   0.01%     7.24us/call
total of 1.00029e+07 microseconds and 192 sleeps
asleep                              192    9993010  99.90% 52046.93us/call
checks                              192       2037   0.02%    10.61us/call
doConfig                            192       2205   0.02%    11.48us/call
doStartBidding                      192       3007   0.03%    15.66us/call
doSubmitted                         192       2645   0.03%    13.78us/call
total of 9.99113e+06 microseconds and 192 sleeps
asleep                              192    9980088  99.89% 51979.62us/call
checks                              192       6503   0.07%    33.87us/call
doConfig                            192       2521   0.03%    13.13us/call
doStartBidding                      192        931   0.01%     4.85us/call
doSubmitted                         192       1083   0.01%     5.64us/call
total of 1.00246e+07 microseconds and 192 sleeps
asleep                              192   10019692  99.95% 52185.90us/call
checks                              192       1272   0.01%     6.62us/call
doConfig                            192       1442   0.01%     7.51us/call
doStartBidding                      192       1066   0.01%     5.55us/call
doSubmitted                         192       1080   0.01%     5.62us/call
total of 1.00279e+07 microseconds and 192 sleeps
asleep                              192   10019381  99.91% 52184.28us/call
checks                              192       2796   0.03%    14.56us/call
doConfig                            192       2052   0.02%    10.69us/call
doStartBidding                      192       2740   0.03%    14.27us/call
doSubmitted                         192        951   0.01%     4.95us/call
total of 1.00125e+07 microseconds and 192 sleeps
asleep                              192   10002741  99.90% 52097.61us/call
checks                              192       5897   0.06%    30.71us/call
doConfig                            192        932   0.01%     4.85us/call
doStartBidding                      192       1149   0.01%     5.98us/call
doSubmitted                         192       1780   0.02%     9.27us/call
total of 1.00064e+07 microseconds and 192 sleeps
asleep                              192    9994758  99.88% 52056.03us/call
checks                              192       3873   0.04%    20.17us/call
doConfig                            192        837   0.01%     4.36us/call
doStartBidding                      192       5287   0.05%    27.54us/call
doSubmitted                         192       1618   0.02%     8.43us/call
total of 1.00122e+07 microseconds and 192 sleeps
asleep                              192   10001304  99.89% 52090.12us/call
checks                              192       1936   0.02%    10.08us/call
doConfig                            192        998   0.01%     5.20us/call
doStartBidding                      192       6308   0.06%    32.85us/call
doSubmitted                         192       1628   0.02%     8.48us/call
total of 1.00126e+07 microseconds and 192 sleeps
asleep                              192   10000107  99.88% 52083.89us/call
checks                              192       2519   0.03%    13.12us/call
doConfig                            192       3149   0.03%    16.40us/call
doStartBidding                      192       5169   0.05%    26.92us/call
doSubmitted                         192       1620   0.02%     8.44us/call
total of 1.00103e+07 microseconds and 192 sleeps
asleep                              192    9995801  99.85% 52061.46us/call
checks                              192       2377   0.02%    12.38us/call
doConfig                            192       4266   0.04%    22.22us/call
doStartBidding                      192       4679   0.05%    24.37us/call
doSubmitted                         192       3197   0.03%    16.65us/call
total of 9.98681e+06 microseconds and 192 sleeps
asleep                              192    9978750  99.92% 51972.66us/call
checks                              192       2592   0.03%    13.50us/call
doConfig                            192       1182   0.01%     6.16us/call
doStartBidding                      192       3120   0.03%    16.25us/call
doSubmitted                         192       1167   0.01%     6.08us/call
