connecting to Carbon at 127.0.0.1:2003 (localhost)
2014-06-25 10:00:20.465 ZMQ ./soa/service/zmq_endpoint.cc:447 - bool Datacratic::ZmqNamedProxy::connect(const string&, Datacratic::ConnectionStyle) [1;31mconnecting to monitor/zeromq[0m
2014-06-25 10:00:20.472 ZMQ ./soa/service/zmq_endpoint.cc:494 - bool Datacratic::ZmqNamedProxy::connect(const string&, Datacratic::ConnectionStyle) [1;31mconnected to tcp://127.0.0.1:24000[0m
2014-06-25 10:00:20.481 ZMQ ./soa/service/zmq_endpoint.cc:447 - bool Datacratic::ZmqNamedProxy::connect(const string&, Datacratic::ConnectionStyle) [1;31mconnecting to monitor/zeromq[0m
2014-06-25 10:00:20.497 ZMQ ./soa/service/zmq_endpoint.cc:494 - bool Datacratic::ZmqNamedProxy::connect(const string&, Datacratic::ConnectionStyle) [1;31mconnected to tcp://127.0.0.1:24000[0m
2014-06-25 10:00:20.512 ZMQ ./soa/service/zmq_endpoint.cc:447 - bool Datacratic::ZmqNamedProxy::connect(const string&, Datacratic::ConnectionStyle) [1;31mconnecting to masterBanker/zeromq[0m
2014-06-25 10:00:20.516 ZMQ ./soa/service/zmq_endpoint.cc:494 - bool Datacratic::ZmqNamedProxy::connect(const string&, Datacratic::ConnectionStyle) [1;31mconnected to tcp://127.0.0.1:22000[0m
2014-06-25 10:00:20.618 ZMQ ./soa/service/zmq_endpoint.cc:447 - bool Datacratic::ZmqNamedProxy::connect(const string&, Datacratic::ConnectionStyle) [1;31mconnecting to PostAuctionLoop/events[0m
2014-06-25 10:00:20.621 ZMQ ./soa/service/zmq_endpoint.cc:494 - bool Datacratic::ZmqNamedProxy::connect(const string&, Datacratic::ConnectionStyle) [1;31mconnected to tcp://127.0.0.1:20000[0m
2014-06-25 10:00:20.630 ZMQ ./soa/service/zmq_endpoint.cc:447 - bool Datacratic::ZmqNamedProxy::connect(const string&, Datacratic::ConnectionStyle) [1;31mconnecting to agentConfigurationService/listen[0m
2014-06-25 10:00:20.633 ZMQ ./soa/service/zmq_endpoint.cc:494 - bool Datacratic::ZmqNamedProxy::connect(const string&, Datacratic::ConnectionStyle) [1;31mconnected to tcp://127.0.0.1:19000[0m
augmentor frequency-cap-ex has connected
got configuration message fixed-price-agent-ex_8740


agent fixed-price-agent-ex_8740 got new configuration
listening on hostname 0.0.0.0 port 12339
********* calling addSpendAccount for hello:world for SlaveBanker router.slaveBanker
agent fixed-price-agent-ex_8740 connected to router
2014-06-25 10:00:21.452 [LOG] MonitorClient ./rtbkit/core/monitor/monitor_client.cc:70 - void RTBKIT::MonitorClient::checkTimeout() [1;31mcheckTimeout: last request dropped[0m
total of 9.99586e+06 microseconds and 218 sleeps
CONFIG                                1          8   0.00%     8.00us/call
HEARTBEAT                            10        408   0.00%    40.80us/call
HELLO                                 1        128   0.00%   128.00us/call
PONG0                                 9        384   0.00%    42.67us/call
PONG1                                 9        310   0.00%    34.44us/call
asleep                              221    9990132  99.94% 45204.22us/call
checks                              220       1941   0.02%     8.82us/call
doConfig                            221       1522   0.02%     6.89us/call
doStartBidding                      221        735   0.01%     3.33us/call
doSubmitted                         221        289   0.00%     1.31us/call
total of 1.00423e+07 microseconds and 219 sleeps
HEARTBEAT                            10        321   0.00%    32.10us/call
PONG0                                10        337   0.00%    33.70us/call
PONG1                                10        274   0.00%    27.40us/call
asleep                              221   10036795  99.94% 45415.36us/call
checks                              221       3041   0.03%    13.76us/call
doConfig                            221        383   0.00%     1.73us/call
doStartBidding                      221        838   0.01%     3.79us/call
doSubmitted                         221        336   0.00%     1.52us/call
